2025-01-30 14:18:25,659 DEBUG    root            Loaded Command Group: ['gcloud', 'components']
2025-01-30 14:18:25,666 DEBUG    root            Loaded Command Group: ['gcloud', 'components', 'update']
2025-01-30 14:18:25,668 DEBUG    root            Running [gcloud.components.update] with arguments: [--compile-python: "True", --quiet: "True", COMPONENT-IDS:6: "['core', 'gcloud-deps', 'bq', 'gcloud', 'gcloud-crc32c', 'gsutil']"]
2025-01-30 14:18:25,669 INFO     ___FILE_ONLY___ Beginning update. This process may take several minutes.

2025-01-30 14:18:25,775 DEBUG    urllib3.connectionpool Starting new HTTPS connection (1): dl.google.com:443
2025-01-30 14:18:26,141 DEBUG    urllib3.connectionpool https://dl.google.com:443 "GET /dl/cloudsdk/channels/rapid/components-2.json HTTP/1.1" 200 227832
2025-01-30 14:18:26,158 INFO     ___FILE_ONLY___ 

2025-01-30 14:18:26,159 INFO     ___FILE_ONLY___ 
Your current Google Cloud CLI version is: 508.0.0

2025-01-30 14:18:26,159 INFO     ___FILE_ONLY___ Installing components from version: 508.0.0

2025-01-30 14:18:26,159 INFO     ___FILE_ONLY___ 

2025-01-30 14:18:26,160 DEBUG    root            Chosen display Format:table[box,title="These components will be removed."](details.display_name:label=Name:align=left,version.version_string:label=Version:align=right,data.size.size(zero="",min=1048576):label=Size:align=right)
2025-01-30 14:18:26,160 DEBUG    root            Chosen display Format:table[box,title="These components will be updated."](details.display_name:label=Name:align=left,version.version_string:label=Version:align=right,data.size.size(zero="",min=1048576):label=Size:align=right)
2025-01-30 14:18:26,161 DEBUG    root            Chosen display Format:table[box,title="These components will be installed."](details.display_name:label=Name:align=left,version.version_string:label=Version:align=right,data.size.size(zero="",min=1048576):label=Size:align=right)
2025-01-30 14:18:26,208 INFO     ___FILE_ONLY___ ┌─────────────────────────────────────────────────────────────────────────────┐
2025-01-30 14:18:26,209 INFO     ___FILE_ONLY___ 

2025-01-30 14:18:26,209 INFO     ___FILE_ONLY___ │                     These components will be installed.                     │
2025-01-30 14:18:26,209 INFO     ___FILE_ONLY___ 

2025-01-30 14:18:26,209 INFO     ___FILE_ONLY___ ├─────────────────────────────────────────────────────┬────────────┬──────────┤
2025-01-30 14:18:26,209 INFO     ___FILE_ONLY___ 

2025-01-30 14:18:26,209 INFO     ___FILE_ONLY___ │                         Name                        │  Version   │   Size   │
2025-01-30 14:18:26,209 INFO     ___FILE_ONLY___ 

2025-01-30 14:18:26,209 INFO     ___FILE_ONLY___ ├─────────────────────────────────────────────────────┼────────────┼──────────┤
2025-01-30 14:18:26,209 INFO     ___FILE_ONLY___ 

2025-01-30 14:18:26,209 INFO     ___FILE_ONLY___ │ 
2025-01-30 14:18:26,209 INFO     ___FILE_ONLY___ BigQuery Command Line Tool                         
2025-01-30 14:18:26,209 INFO     ___FILE_ONLY___  
2025-01-30 14:18:26,210 INFO     ___FILE_ONLY___ │ 
2025-01-30 14:18:26,210 INFO     ___FILE_ONLY___     2.1.12
2025-01-30 14:18:26,210 INFO     ___FILE_ONLY___  
2025-01-30 14:18:26,210 INFO     ___FILE_ONLY___ │ 
2025-01-30 14:18:26,210 INFO     ___FILE_ONLY___  1.8 MiB
2025-01-30 14:18:26,210 INFO     ___FILE_ONLY___  
2025-01-30 14:18:26,210 INFO     ___FILE_ONLY___ │
2025-01-30 14:18:26,210 INFO     ___FILE_ONLY___ 

2025-01-30 14:18:26,210 INFO     ___FILE_ONLY___ │ 
2025-01-30 14:18:26,210 INFO     ___FILE_ONLY___ BigQuery Command Line Tool (Platform Specific)     
2025-01-30 14:18:26,210 INFO     ___FILE_ONLY___  
2025-01-30 14:18:26,210 INFO     ___FILE_ONLY___ │ 
2025-01-30 14:18:26,211 INFO     ___FILE_ONLY___      2.1.8
2025-01-30 14:18:26,211 INFO     ___FILE_ONLY___  
2025-01-30 14:18:26,211 INFO     ___FILE_ONLY___ │ 
2025-01-30 14:18:26,211 INFO     ___FILE_ONLY___  < 1 MiB
2025-01-30 14:18:26,211 INFO     ___FILE_ONLY___  
2025-01-30 14:18:26,211 INFO     ___FILE_ONLY___ │
2025-01-30 14:18:26,211 INFO     ___FILE_ONLY___ 

2025-01-30 14:18:26,211 INFO     ___FILE_ONLY___ │ 
2025-01-30 14:18:26,211 INFO     ___FILE_ONLY___ Bundled Python 3.11 (Platform Specific)            
2025-01-30 14:18:26,211 INFO     ___FILE_ONLY___  
2025-01-30 14:18:26,211 INFO     ___FILE_ONLY___ │ 
2025-01-30 14:18:26,211 INFO     ___FILE_ONLY___     3.11.9
2025-01-30 14:18:26,211 INFO     ___FILE_ONLY___  
2025-01-30 14:18:26,211 INFO     ___FILE_ONLY___ │ 
2025-01-30 14:18:26,212 INFO     ___FILE_ONLY___ 74.4 MiB
2025-01-30 14:18:26,212 INFO     ___FILE_ONLY___  
2025-01-30 14:18:26,212 INFO     ___FILE_ONLY___ │
2025-01-30 14:18:26,212 INFO     ___FILE_ONLY___ 

2025-01-30 14:18:26,212 INFO     ___FILE_ONLY___ │ 
2025-01-30 14:18:26,212 INFO     ___FILE_ONLY___ Cloud Storage Command Line Tool                    
2025-01-30 14:18:26,212 INFO     ___FILE_ONLY___  
2025-01-30 14:18:26,212 INFO     ___FILE_ONLY___ │ 
2025-01-30 14:18:26,212 INFO     ___FILE_ONLY___       5.33
2025-01-30 14:18:26,212 INFO     ___FILE_ONLY___  
2025-01-30 14:18:26,212 INFO     ___FILE_ONLY___ │ 
2025-01-30 14:18:26,213 INFO     ___FILE_ONLY___ 11.8 MiB
2025-01-30 14:18:26,213 INFO     ___FILE_ONLY___  
2025-01-30 14:18:26,213 INFO     ___FILE_ONLY___ │
2025-01-30 14:18:26,213 INFO     ___FILE_ONLY___ 

2025-01-30 14:18:26,213 INFO     ___FILE_ONLY___ │ 
2025-01-30 14:18:26,213 INFO     ___FILE_ONLY___ Cloud Storage Command Line Tool (Platform Specific)
2025-01-30 14:18:26,213 INFO     ___FILE_ONLY___  
2025-01-30 14:18:26,213 INFO     ___FILE_ONLY___ │ 
2025-01-30 14:18:26,213 INFO     ___FILE_ONLY___       5.30
2025-01-30 14:18:26,213 INFO     ___FILE_ONLY___  
2025-01-30 14:18:26,213 INFO     ___FILE_ONLY___ │ 
2025-01-30 14:18:26,213 INFO     ___FILE_ONLY___  < 1 MiB
2025-01-30 14:18:26,213 INFO     ___FILE_ONLY___  
2025-01-30 14:18:26,213 INFO     ___FILE_ONLY___ │
2025-01-30 14:18:26,213 INFO     ___FILE_ONLY___ 

2025-01-30 14:18:26,213 INFO     ___FILE_ONLY___ │ 
2025-01-30 14:18:26,214 INFO     ___FILE_ONLY___ Google Cloud CLI Core Libraries (Platform Specific)
2025-01-30 14:18:26,214 INFO     ___FILE_ONLY___  
2025-01-30 14:18:26,214 INFO     ___FILE_ONLY___ │ 
2025-01-30 14:18:26,214 INFO     ___FILE_ONLY___ 2024.08.30
2025-01-30 14:18:26,214 INFO     ___FILE_ONLY___  
2025-01-30 14:18:26,214 INFO     ___FILE_ONLY___ │ 
2025-01-30 14:18:26,214 INFO     ___FILE_ONLY___  < 1 MiB
2025-01-30 14:18:26,214 INFO     ___FILE_ONLY___  
2025-01-30 14:18:26,214 INFO     ___FILE_ONLY___ │
2025-01-30 14:18:26,215 INFO     ___FILE_ONLY___ 

2025-01-30 14:18:26,215 INFO     ___FILE_ONLY___ │ 
2025-01-30 14:18:26,215 INFO     ___FILE_ONLY___ Google Cloud CRC32C Hash Tool (Platform Specific)  
2025-01-30 14:18:26,215 INFO     ___FILE_ONLY___  
2025-01-30 14:18:26,215 INFO     ___FILE_ONLY___ │ 
2025-01-30 14:18:26,215 INFO     ___FILE_ONLY___      1.0.0
2025-01-30 14:18:26,215 INFO     ___FILE_ONLY___  
2025-01-30 14:18:26,215 INFO     ___FILE_ONLY___ │ 
2025-01-30 14:18:26,215 INFO     ___FILE_ONLY___  1.4 MiB
2025-01-30 14:18:26,215 INFO     ___FILE_ONLY___  
2025-01-30 14:18:26,215 INFO     ___FILE_ONLY___ │
2025-01-30 14:18:26,215 INFO     ___FILE_ONLY___ 

2025-01-30 14:18:26,215 INFO     ___FILE_ONLY___ │ 
2025-01-30 14:18:26,216 INFO     ___FILE_ONLY___ gcloud cli dependencies (Platform Specific)        
2025-01-30 14:18:26,216 INFO     ___FILE_ONLY___  
2025-01-30 14:18:26,216 INFO     ___FILE_ONLY___ │ 
2025-01-30 14:18:26,216 INFO     ___FILE_ONLY___ 2021.04.16
2025-01-30 14:18:26,216 INFO     ___FILE_ONLY___  
2025-01-30 14:18:26,216 INFO     ___FILE_ONLY___ │ 
2025-01-30 14:18:26,216 INFO     ___FILE_ONLY___  < 1 MiB
2025-01-30 14:18:26,216 INFO     ___FILE_ONLY___  
2025-01-30 14:18:26,216 INFO     ___FILE_ONLY___ │
2025-01-30 14:18:26,216 INFO     ___FILE_ONLY___ 

2025-01-30 14:18:26,216 INFO     ___FILE_ONLY___ └─────────────────────────────────────────────────────┴────────────┴──────────┘
2025-01-30 14:18:26,216 INFO     ___FILE_ONLY___ 

2025-01-30 14:18:26,216 INFO     ___FILE_ONLY___ 

2025-01-30 14:18:26,221 DEBUG    urllib3.connectionpool Starting new HTTPS connection (1): dl.google.com:443
2025-01-30 14:18:26,350 DEBUG    urllib3.connectionpool https://dl.google.com:443 "GET /dl/cloudsdk/channels/rapid/RELEASE_NOTES HTTP/1.1" 200 1347594
2025-01-30 14:18:26,401 INFO     ___FILE_ONLY___ For the latest full release notes, please visit:
  https://cloud.google.com/sdk/release_notes


2025-01-30 14:18:26,401 INFO     ___FILE_ONLY___ Performing in place update...


2025-01-30 14:18:26,403 INFO     ___FILE_ONLY___ ╔════════════════════════════════════════════════════════════╗

2025-01-30 14:18:26,404 INFO     ___FILE_ONLY___ ╠═ Downloading: BigQuery Command Line Tool                  ═╣

2025-01-30 14:18:26,404 INFO     ___FILE_ONLY___ ╚
2025-01-30 14:18:26,408 DEBUG    urllib3.connectionpool Starting new HTTPS connection (1): dl.google.com:443
2025-01-30 14:18:26,757 DEBUG    urllib3.connectionpool https://dl.google.com:443 "GET /dl/cloudsdk/channels/rapid/components/google-cloud-sdk-bq-20250117151628.tar.gz HTTP/1.1" 200 1853621
2025-01-30 14:18:26,776 INFO     ___FILE_ONLY___ ═
2025-01-30 14:18:26,776 INFO     ___FILE_ONLY___ ═
2025-01-30 14:18:26,776 INFO     ___FILE_ONLY___ ═
2025-01-30 14:18:26,777 INFO     ___FILE_ONLY___ ═
2025-01-30 14:18:26,777 INFO     ___FILE_ONLY___ ═
2025-01-30 14:18:26,777 INFO     ___FILE_ONLY___ ═
2025-01-30 14:18:26,777 INFO     ___FILE_ONLY___ ═
2025-01-30 14:18:26,777 INFO     ___FILE_ONLY___ ═
2025-01-30 14:18:26,777 INFO     ___FILE_ONLY___ ═
2025-01-30 14:18:26,777 INFO     ___FILE_ONLY___ ═
2025-01-30 14:18:26,777 INFO     ___FILE_ONLY___ ═
2025-01-30 14:18:26,777 INFO     ___FILE_ONLY___ ═
2025-01-30 14:18:26,778 INFO     ___FILE_ONLY___ ═
2025-01-30 14:18:26,778 INFO     ___FILE_ONLY___ ═
2025-01-30 14:18:26,778 INFO     ___FILE_ONLY___ ═
2025-01-30 14:18:26,778 INFO     ___FILE_ONLY___ ═
2025-01-30 14:18:26,778 INFO     ___FILE_ONLY___ ═
2025-01-30 14:18:26,778 INFO     ___FILE_ONLY___ ═
2025-01-30 14:18:26,778 INFO     ___FILE_ONLY___ ═
2025-01-30 14:18:26,778 INFO     ___FILE_ONLY___ ═
2025-01-30 14:18:26,779 INFO     ___FILE_ONLY___ ═
2025-01-30 14:18:26,779 INFO     ___FILE_ONLY___ ═
2025-01-30 14:18:26,779 INFO     ___FILE_ONLY___ ═
2025-01-30 14:18:26,779 INFO     ___FILE_ONLY___ ═
2025-01-30 14:18:26,779 INFO     ___FILE_ONLY___ ═
2025-01-30 14:18:26,779 INFO     ___FILE_ONLY___ ═
2025-01-30 14:18:26,779 INFO     ___FILE_ONLY___ ═
2025-01-30 14:18:26,779 INFO     ___FILE_ONLY___ ═
2025-01-30 14:18:26,779 INFO     ___FILE_ONLY___ ═
2025-01-30 14:18:26,779 INFO     ___FILE_ONLY___ ═
2025-01-30 14:18:26,780 INFO     ___FILE_ONLY___ ═
2025-01-30 14:18:26,780 INFO     ___FILE_ONLY___ ═
2025-01-30 14:18:26,780 INFO     ___FILE_ONLY___ ═
2025-01-30 14:18:26,780 INFO     ___FILE_ONLY___ ═
2025-01-30 14:18:26,780 INFO     ___FILE_ONLY___ ═
2025-01-30 14:18:26,780 INFO     ___FILE_ONLY___ ═
2025-01-30 14:18:26,780 INFO     ___FILE_ONLY___ ═
2025-01-30 14:18:26,780 INFO     ___FILE_ONLY___ ═
2025-01-30 14:18:26,781 INFO     ___FILE_ONLY___ ═
2025-01-30 14:18:26,781 INFO     ___FILE_ONLY___ ═
2025-01-30 14:18:26,781 INFO     ___FILE_ONLY___ ═
2025-01-30 14:18:26,781 INFO     ___FILE_ONLY___ ═
2025-01-30 14:18:26,781 INFO     ___FILE_ONLY___ ═
2025-01-30 14:18:26,781 INFO     ___FILE_ONLY___ ═
2025-01-30 14:18:26,781 INFO     ___FILE_ONLY___ ═
2025-01-30 14:18:26,781 INFO     ___FILE_ONLY___ ═
2025-01-30 14:18:26,781 INFO     ___FILE_ONLY___ ═
2025-01-30 14:18:26,781 INFO     ___FILE_ONLY___ ═
2025-01-30 14:18:26,781 INFO     ___FILE_ONLY___ ═
2025-01-30 14:18:26,782 INFO     ___FILE_ONLY___ ═
2025-01-30 14:18:26,782 INFO     ___FILE_ONLY___ ═
2025-01-30 14:18:26,782 INFO     ___FILE_ONLY___ ═
2025-01-30 14:18:26,782 INFO     ___FILE_ONLY___ ═
2025-01-30 14:18:26,782 INFO     ___FILE_ONLY___ ═
2025-01-30 14:18:26,782 INFO     ___FILE_ONLY___ ═
2025-01-30 14:18:26,783 INFO     ___FILE_ONLY___ ═
2025-01-30 14:18:26,783 INFO     ___FILE_ONLY___ ═
2025-01-30 14:18:26,783 INFO     ___FILE_ONLY___ ═
2025-01-30 14:18:26,783 INFO     ___FILE_ONLY___ ═
2025-01-30 14:18:26,783 INFO     ___FILE_ONLY___ ═
2025-01-30 14:18:26,783 INFO     ___FILE_ONLY___ ╝

2025-01-30 14:18:26,786 INFO     ___FILE_ONLY___ ╔════════════════════════════════════════════════════════════╗

2025-01-30 14:18:26,788 INFO     ___FILE_ONLY___ ╠═ Downloading: BigQuery Command Line Tool (Platform Spe... ═╣

2025-01-30 14:18:26,788 INFO     ___FILE_ONLY___ ╚
2025-01-30 14:18:26,793 DEBUG    urllib3.connectionpool Starting new HTTPS connection (1): dl.google.com:443
2025-01-30 14:18:27,150 DEBUG    urllib3.connectionpool https://dl.google.com:443 "GET /dl/cloudsdk/channels/rapid/components/google-cloud-sdk-bq-nix-20240830134514.tar.gz HTTP/1.1" 200 1914
2025-01-30 14:18:27,151 INFO     ___FILE_ONLY___ ════════════════════════════════════════════════════════════
2025-01-30 14:18:27,151 INFO     ___FILE_ONLY___ ╝

2025-01-30 14:18:27,153 INFO     ___FILE_ONLY___ ╔════════════════════════════════════════════════════════════╗

2025-01-30 14:18:27,153 INFO     ___FILE_ONLY___ ╠═ Downloading: Bundled Python 3.11                         ═╣

2025-01-30 14:18:27,154 INFO     ___FILE_ONLY___ ╚
2025-01-30 14:18:27,154 INFO     ___FILE_ONLY___ ════════════════════════════════════════════════════════════
2025-01-30 14:18:27,154 INFO     ___FILE_ONLY___ ╝

2025-01-30 14:18:27,156 INFO     ___FILE_ONLY___ ╔════════════════════════════════════════════════════════════╗

2025-01-30 14:18:27,156 INFO     ___FILE_ONLY___ ╠═ Downloading: Bundled Python 3.11 (Platform Specific)     ═╣

2025-01-30 14:18:27,156 INFO     ___FILE_ONLY___ ╚
2025-01-30 14:18:27,160 DEBUG    urllib3.connectionpool Starting new HTTPS connection (1): dl.google.com:443
2025-01-30 14:18:27,283 DEBUG    urllib3.connectionpool https://dl.google.com:443 "GET /dl/cloudsdk/channels/rapid/components/google-cloud-sdk-bundled-python3-unix-linux-x86_64-20240920144119.tar.gz HTTP/1.1" 200 78001783
2025-01-30 14:18:27,570 INFO     ___FILE_ONLY___ ═
2025-01-30 14:18:27,572 INFO     ___FILE_ONLY___ ═
2025-01-30 14:18:27,573 INFO     ___FILE_ONLY___ ═
2025-01-30 14:18:27,575 INFO     ___FILE_ONLY___ ═
2025-01-30 14:18:27,577 INFO     ___FILE_ONLY___ ═
2025-01-30 14:18:27,578 INFO     ___FILE_ONLY___ ═
2025-01-30 14:18:27,580 INFO     ___FILE_ONLY___ ═
2025-01-30 14:18:27,582 INFO     ___FILE_ONLY___ ═
2025-01-30 14:18:27,583 INFO     ___FILE_ONLY___ ═
2025-01-30 14:18:27,585 INFO     ___FILE_ONLY___ ═
2025-01-30 14:18:27,586 INFO     ___FILE_ONLY___ ═
2025-01-30 14:18:27,588 INFO     ___FILE_ONLY___ ═
2025-01-30 14:18:27,590 INFO     ___FILE_ONLY___ ═
2025-01-30 14:18:27,592 INFO     ___FILE_ONLY___ ═
2025-01-30 14:18:27,593 INFO     ___FILE_ONLY___ ═
2025-01-30 14:18:27,595 INFO     ___FILE_ONLY___ ═
2025-01-30 14:18:27,597 INFO     ___FILE_ONLY___ ═
2025-01-30 14:18:27,598 INFO     ___FILE_ONLY___ ═
2025-01-30 14:18:27,600 INFO     ___FILE_ONLY___ ═
2025-01-30 14:18:27,601 INFO     ___FILE_ONLY___ ═
2025-01-30 14:18:27,603 INFO     ___FILE_ONLY___ ═
2025-01-30 14:18:27,605 INFO     ___FILE_ONLY___ ═
2025-01-30 14:18:27,606 INFO     ___FILE_ONLY___ ═
2025-01-30 14:18:27,608 INFO     ___FILE_ONLY___ ═
2025-01-30 14:18:27,609 INFO     ___FILE_ONLY___ ═
2025-01-30 14:18:27,611 INFO     ___FILE_ONLY___ ═
2025-01-30 14:18:27,613 INFO     ___FILE_ONLY___ ═
2025-01-30 14:18:27,614 INFO     ___FILE_ONLY___ ═
2025-01-30 14:18:27,616 INFO     ___FILE_ONLY___ ═
2025-01-30 14:18:27,618 INFO     ___FILE_ONLY___ ═
2025-01-30 14:18:27,619 INFO     ___FILE_ONLY___ ═
2025-01-30 14:18:27,621 INFO     ___FILE_ONLY___ ═
2025-01-30 14:18:27,623 INFO     ___FILE_ONLY___ ═
2025-01-30 14:18:27,624 INFO     ___FILE_ONLY___ ═
2025-01-30 14:18:27,626 INFO     ___FILE_ONLY___ ═
2025-01-30 14:18:27,627 INFO     ___FILE_ONLY___ ═
2025-01-30 14:18:27,629 INFO     ___FILE_ONLY___ ═
2025-01-30 14:18:27,630 INFO     ___FILE_ONLY___ ═
2025-01-30 14:18:27,632 INFO     ___FILE_ONLY___ ═
2025-01-30 14:18:27,633 INFO     ___FILE_ONLY___ ═
2025-01-30 14:18:27,635 INFO     ___FILE_ONLY___ ═
2025-01-30 14:18:27,636 INFO     ___FILE_ONLY___ ═
2025-01-30 14:18:27,637 INFO     ___FILE_ONLY___ ═
2025-01-30 14:18:27,639 INFO     ___FILE_ONLY___ ═
2025-01-30 14:18:27,640 INFO     ___FILE_ONLY___ ═
2025-01-30 14:18:27,642 INFO     ___FILE_ONLY___ ═
2025-01-30 14:18:27,643 INFO     ___FILE_ONLY___ ═
2025-01-30 14:18:27,645 INFO     ___FILE_ONLY___ ═
2025-01-30 14:18:27,646 INFO     ___FILE_ONLY___ ═
2025-01-30 14:18:27,648 INFO     ___FILE_ONLY___ ═
2025-01-30 14:18:27,649 INFO     ___FILE_ONLY___ ═
2025-01-30 14:18:27,651 INFO     ___FILE_ONLY___ ═
2025-01-30 14:18:27,652 INFO     ___FILE_ONLY___ ═
2025-01-30 14:18:27,654 INFO     ___FILE_ONLY___ ═
2025-01-30 14:18:27,655 INFO     ___FILE_ONLY___ ═
2025-01-30 14:18:27,657 INFO     ___FILE_ONLY___ ═
2025-01-30 14:18:27,658 INFO     ___FILE_ONLY___ ═
2025-01-30 14:18:27,659 INFO     ___FILE_ONLY___ ═
2025-01-30 14:18:27,661 INFO     ___FILE_ONLY___ ═
2025-01-30 14:18:27,662 INFO     ___FILE_ONLY___ ═
2025-01-30 14:18:27,662 INFO     ___FILE_ONLY___ ╝

2025-01-30 14:18:27,667 INFO     ___FILE_ONLY___ ╔════════════════════════════════════════════════════════════╗

2025-01-30 14:18:27,668 INFO     ___FILE_ONLY___ ╠═ Downloading: Cloud Storage Command Line Tool             ═╣

2025-01-30 14:18:27,668 INFO     ___FILE_ONLY___ ╚
2025-01-30 14:18:27,671 DEBUG    urllib3.connectionpool Starting new HTTPS connection (1): dl.google.com:443
2025-01-30 14:18:28,019 DEBUG    urllib3.connectionpool https://dl.google.com:443 "GET /dl/cloudsdk/channels/rapid/components/google-cloud-sdk-gsutil-20241213184646.tar.gz HTTP/1.1" 200 12368759
2025-01-30 14:18:28,056 INFO     ___FILE_ONLY___ ═
2025-01-30 14:18:28,056 INFO     ___FILE_ONLY___ ═
2025-01-30 14:18:28,057 INFO     ___FILE_ONLY___ ═
2025-01-30 14:18:28,057 INFO     ___FILE_ONLY___ ═
2025-01-30 14:18:28,058 INFO     ___FILE_ONLY___ ═
2025-01-30 14:18:28,058 INFO     ___FILE_ONLY___ ═
2025-01-30 14:18:28,058 INFO     ___FILE_ONLY___ ═
2025-01-30 14:18:28,059 INFO     ___FILE_ONLY___ ═
2025-01-30 14:18:28,059 INFO     ___FILE_ONLY___ ═
2025-01-30 14:18:28,059 INFO     ___FILE_ONLY___ ═
2025-01-30 14:18:28,060 INFO     ___FILE_ONLY___ ═
2025-01-30 14:18:28,060 INFO     ___FILE_ONLY___ ═
2025-01-30 14:18:28,061 INFO     ___FILE_ONLY___ ═
2025-01-30 14:18:28,061 INFO     ___FILE_ONLY___ ═
2025-01-30 14:18:28,061 INFO     ___FILE_ONLY___ ═
2025-01-30 14:18:28,062 INFO     ___FILE_ONLY___ ═
2025-01-30 14:18:28,062 INFO     ___FILE_ONLY___ ═
2025-01-30 14:18:28,062 INFO     ___FILE_ONLY___ ═
2025-01-30 14:18:28,063 INFO     ___FILE_ONLY___ ═
2025-01-30 14:18:28,063 INFO     ___FILE_ONLY___ ═
2025-01-30 14:18:28,063 INFO     ___FILE_ONLY___ ═
2025-01-30 14:18:28,064 INFO     ___FILE_ONLY___ ═
2025-01-30 14:18:28,064 INFO     ___FILE_ONLY___ ═
2025-01-30 14:18:28,064 INFO     ___FILE_ONLY___ ═
2025-01-30 14:18:28,065 INFO     ___FILE_ONLY___ ═
2025-01-30 14:18:28,065 INFO     ___FILE_ONLY___ ═
2025-01-30 14:18:28,065 INFO     ___FILE_ONLY___ ═
2025-01-30 14:18:28,066 INFO     ___FILE_ONLY___ ═
2025-01-30 14:18:28,066 INFO     ___FILE_ONLY___ ═
2025-01-30 14:18:28,066 INFO     ___FILE_ONLY___ ═
2025-01-30 14:18:28,067 INFO     ___FILE_ONLY___ ═
2025-01-30 14:18:28,067 INFO     ___FILE_ONLY___ ═
2025-01-30 14:18:28,067 INFO     ___FILE_ONLY___ ═
2025-01-30 14:18:28,068 INFO     ___FILE_ONLY___ ═
2025-01-30 14:18:28,068 INFO     ___FILE_ONLY___ ═
2025-01-30 14:18:28,069 INFO     ___FILE_ONLY___ ═
2025-01-30 14:18:28,069 INFO     ___FILE_ONLY___ ═
2025-01-30 14:18:28,069 INFO     ___FILE_ONLY___ ═
2025-01-30 14:18:28,070 INFO     ___FILE_ONLY___ ═
2025-01-30 14:18:28,070 INFO     ___FILE_ONLY___ ═
2025-01-30 14:18:28,070 INFO     ___FILE_ONLY___ ═
2025-01-30 14:18:28,071 INFO     ___FILE_ONLY___ ═
2025-01-30 14:18:28,071 INFO     ___FILE_ONLY___ ═
2025-01-30 14:18:28,071 INFO     ___FILE_ONLY___ ═
2025-01-30 14:18:28,072 INFO     ___FILE_ONLY___ ═
2025-01-30 14:18:28,072 INFO     ___FILE_ONLY___ ═
2025-01-30 14:18:28,072 INFO     ___FILE_ONLY___ ═
2025-01-30 14:18:28,073 INFO     ___FILE_ONLY___ ═
2025-01-30 14:18:28,073 INFO     ___FILE_ONLY___ ═
2025-01-30 14:18:28,073 INFO     ___FILE_ONLY___ ═
2025-01-30 14:18:28,074 INFO     ___FILE_ONLY___ ═
2025-01-30 14:18:28,074 INFO     ___FILE_ONLY___ ═
2025-01-30 14:18:28,074 INFO     ___FILE_ONLY___ ═
2025-01-30 14:18:28,075 INFO     ___FILE_ONLY___ ═
2025-01-30 14:18:28,075 INFO     ___FILE_ONLY___ ═
2025-01-30 14:18:28,076 INFO     ___FILE_ONLY___ ═
2025-01-30 14:18:28,076 INFO     ___FILE_ONLY___ ═
2025-01-30 14:18:28,076 INFO     ___FILE_ONLY___ ═
2025-01-30 14:18:28,077 INFO     ___FILE_ONLY___ ═
2025-01-30 14:18:28,077 INFO     ___FILE_ONLY___ ═
2025-01-30 14:18:28,077 INFO     ___FILE_ONLY___ ╝

2025-01-30 14:18:28,079 INFO     ___FILE_ONLY___ ╔════════════════════════════════════════════════════════════╗

2025-01-30 14:18:28,080 INFO     ___FILE_ONLY___ ╠═ Downloading: Cloud Storage Command Line Tool (Platfor... ═╣

2025-01-30 14:18:28,080 INFO     ___FILE_ONLY___ ╚
2025-01-30 14:18:28,083 DEBUG    urllib3.connectionpool Starting new HTTPS connection (1): dl.google.com:443
2025-01-30 14:18:28,410 DEBUG    urllib3.connectionpool https://dl.google.com:443 "GET /dl/cloudsdk/channels/rapid/components/google-cloud-sdk-gsutil-nix-20240830134514.tar.gz HTTP/1.1" 200 1928
2025-01-30 14:18:28,411 INFO     ___FILE_ONLY___ ════════════════════════════════════════════════════════════
2025-01-30 14:18:28,411 INFO     ___FILE_ONLY___ ╝

2025-01-30 14:18:28,413 INFO     ___FILE_ONLY___ ╔════════════════════════════════════════════════════════════╗

2025-01-30 14:18:28,414 INFO     ___FILE_ONLY___ ╠═ Downloading: Default set of gcloud commands              ═╣

2025-01-30 14:18:28,414 INFO     ___FILE_ONLY___ ╚
2025-01-30 14:18:28,414 INFO     ___FILE_ONLY___ ════════════════════════════════════════════════════════════
2025-01-30 14:18:28,414 INFO     ___FILE_ONLY___ ╝

2025-01-30 14:18:28,416 INFO     ___FILE_ONLY___ ╔════════════════════════════════════════════════════════════╗

2025-01-30 14:18:28,416 INFO     ___FILE_ONLY___ ╠═ Downloading: Google Cloud CLI Core Libraries (Platfor... ═╣

2025-01-30 14:18:28,416 INFO     ___FILE_ONLY___ ╚
2025-01-30 14:18:28,419 DEBUG    urllib3.connectionpool Starting new HTTPS connection (1): dl.google.com:443
2025-01-30 14:18:28,535 DEBUG    urllib3.connectionpool https://dl.google.com:443 "GET /dl/cloudsdk/channels/rapid/components/google-cloud-sdk-core-nix-20240830134514.tar.gz HTTP/1.1" 200 2306
2025-01-30 14:18:28,536 INFO     ___FILE_ONLY___ ════════════════════════════════════════════════════════════
2025-01-30 14:18:28,536 INFO     ___FILE_ONLY___ ╝

2025-01-30 14:18:28,538 INFO     ___FILE_ONLY___ ╔════════════════════════════════════════════════════════════╗

2025-01-30 14:18:28,538 INFO     ___FILE_ONLY___ ╠═ Downloading: Google Cloud CRC32C Hash Tool               ═╣

2025-01-30 14:18:28,538 INFO     ___FILE_ONLY___ ╚
2025-01-30 14:18:28,538 INFO     ___FILE_ONLY___ ════════════════════════════════════════════════════════════
2025-01-30 14:18:28,538 INFO     ___FILE_ONLY___ ╝

2025-01-30 14:18:28,540 INFO     ___FILE_ONLY___ ╔════════════════════════════════════════════════════════════╗

2025-01-30 14:18:28,540 INFO     ___FILE_ONLY___ ╠═ Downloading: Google Cloud CRC32C Hash Tool (Platform ... ═╣

2025-01-30 14:18:28,541 INFO     ___FILE_ONLY___ ╚
2025-01-30 14:18:28,544 DEBUG    urllib3.connectionpool Starting new HTTPS connection (1): dl.google.com:443
2025-01-30 14:18:28,893 DEBUG    urllib3.connectionpool https://dl.google.com:443 "GET /dl/cloudsdk/channels/rapid/components/google-cloud-sdk-gcloud-crc32c-linux-x86_64-20250110133808.tar.gz HTTP/1.1" 200 1478989
2025-01-30 14:18:28,902 INFO     ___FILE_ONLY___ ═
2025-01-30 14:18:28,902 INFO     ___FILE_ONLY___ ═
2025-01-30 14:18:28,903 INFO     ___FILE_ONLY___ ═
2025-01-30 14:18:28,903 INFO     ___FILE_ONLY___ ═
2025-01-30 14:18:28,903 INFO     ___FILE_ONLY___ ═
2025-01-30 14:18:28,903 INFO     ___FILE_ONLY___ ═
2025-01-30 14:18:28,903 INFO     ___FILE_ONLY___ ═
2025-01-30 14:18:28,903 INFO     ___FILE_ONLY___ ═
2025-01-30 14:18:28,903 INFO     ___FILE_ONLY___ ═
2025-01-30 14:18:28,903 INFO     ___FILE_ONLY___ ═
2025-01-30 14:18:28,904 INFO     ___FILE_ONLY___ ═
2025-01-30 14:18:28,904 INFO     ___FILE_ONLY___ ═
2025-01-30 14:18:28,904 INFO     ___FILE_ONLY___ ═
2025-01-30 14:18:28,904 INFO     ___FILE_ONLY___ ═
2025-01-30 14:18:28,904 INFO     ___FILE_ONLY___ ═
2025-01-30 14:18:28,904 INFO     ___FILE_ONLY___ ═
2025-01-30 14:18:28,904 INFO     ___FILE_ONLY___ ═
2025-01-30 14:18:28,904 INFO     ___FILE_ONLY___ ═
2025-01-30 14:18:28,905 INFO     ___FILE_ONLY___ ═
2025-01-30 14:18:28,905 INFO     ___FILE_ONLY___ ═
2025-01-30 14:18:28,905 INFO     ___FILE_ONLY___ ═
2025-01-30 14:18:28,905 INFO     ___FILE_ONLY___ ═
2025-01-30 14:18:28,905 INFO     ___FILE_ONLY___ ═
2025-01-30 14:18:28,905 INFO     ___FILE_ONLY___ ═
2025-01-30 14:18:28,905 INFO     ___FILE_ONLY___ ═
2025-01-30 14:18:28,905 INFO     ___FILE_ONLY___ ═
2025-01-30 14:18:28,905 INFO     ___FILE_ONLY___ ═
2025-01-30 14:18:28,906 INFO     ___FILE_ONLY___ ═
2025-01-30 14:18:28,906 INFO     ___FILE_ONLY___ ═
2025-01-30 14:18:28,906 INFO     ___FILE_ONLY___ ═
2025-01-30 14:18:28,906 INFO     ___FILE_ONLY___ ═
2025-01-30 14:18:28,906 INFO     ___FILE_ONLY___ ═
2025-01-30 14:18:28,906 INFO     ___FILE_ONLY___ ═
2025-01-30 14:18:28,906 INFO     ___FILE_ONLY___ ═
2025-01-30 14:18:28,906 INFO     ___FILE_ONLY___ ═
2025-01-30 14:18:28,906 INFO     ___FILE_ONLY___ ═
2025-01-30 14:18:28,906 INFO     ___FILE_ONLY___ ═
2025-01-30 14:18:28,907 INFO     ___FILE_ONLY___ ═
2025-01-30 14:18:28,907 INFO     ___FILE_ONLY___ ═
2025-01-30 14:18:28,907 INFO     ___FILE_ONLY___ ═
2025-01-30 14:18:28,907 INFO     ___FILE_ONLY___ ═
2025-01-30 14:18:28,907 INFO     ___FILE_ONLY___ ═
2025-01-30 14:18:28,907 INFO     ___FILE_ONLY___ ═
2025-01-30 14:18:28,907 INFO     ___FILE_ONLY___ ═
2025-01-30 14:18:28,907 INFO     ___FILE_ONLY___ ═
2025-01-30 14:18:28,907 INFO     ___FILE_ONLY___ ═
2025-01-30 14:18:28,907 INFO     ___FILE_ONLY___ ═
2025-01-30 14:18:28,907 INFO     ___FILE_ONLY___ ═
2025-01-30 14:18:28,908 INFO     ___FILE_ONLY___ ═
2025-01-30 14:18:28,908 INFO     ___FILE_ONLY___ ═
2025-01-30 14:18:28,908 INFO     ___FILE_ONLY___ ═
2025-01-30 14:18:28,908 INFO     ___FILE_ONLY___ ═
2025-01-30 14:18:28,908 INFO     ___FILE_ONLY___ ═
2025-01-30 14:18:28,908 INFO     ___FILE_ONLY___ ═
2025-01-30 14:18:28,908 INFO     ___FILE_ONLY___ ═
2025-01-30 14:18:28,908 INFO     ___FILE_ONLY___ ═
2025-01-30 14:18:28,909 INFO     ___FILE_ONLY___ ═
2025-01-30 14:18:28,909 INFO     ___FILE_ONLY___ ═
2025-01-30 14:18:28,909 INFO     ___FILE_ONLY___ ═
2025-01-30 14:18:28,909 INFO     ___FILE_ONLY___ ═
2025-01-30 14:18:28,909 INFO     ___FILE_ONLY___ ╝

2025-01-30 14:18:28,911 INFO     ___FILE_ONLY___ ╔════════════════════════════════════════════════════════════╗

2025-01-30 14:18:28,911 INFO     ___FILE_ONLY___ ╠═ Downloading: gcloud cli dependencies (Platform Specific) ═╣

2025-01-30 14:18:28,911 INFO     ___FILE_ONLY___ ╚
2025-01-30 14:18:28,922 DEBUG    urllib3.connectionpool Starting new HTTPS connection (1): dl.google.com:443
2025-01-30 14:18:29,275 DEBUG    urllib3.connectionpool https://dl.google.com:443 "GET /dl/cloudsdk/channels/rapid/components/google-cloud-sdk-gcloud-deps-linux-x86_64-20210416153011.tar.gz HTTP/1.1" 200 104
2025-01-30 14:18:29,276 INFO     ___FILE_ONLY___ ════════════════════════════════════════════════════════════
2025-01-30 14:18:29,276 INFO     ___FILE_ONLY___ ╝

2025-01-30 14:18:29,278 INFO     ___FILE_ONLY___ ╔════════════════════════════════════════════════════════════╗

2025-01-30 14:18:29,278 INFO     ___FILE_ONLY___ ╠═ Installing: BigQuery Command Line Tool                   ═╣

2025-01-30 14:18:29,278 INFO     ___FILE_ONLY___ ╚
2025-01-30 14:18:29,370 INFO     ___FILE_ONLY___ ═
2025-01-30 14:18:29,373 INFO     ___FILE_ONLY___ ═
2025-01-30 14:18:29,375 INFO     ___FILE_ONLY___ ═
2025-01-30 14:18:29,378 INFO     ___FILE_ONLY___ ═
2025-01-30 14:18:29,380 INFO     ___FILE_ONLY___ ═
2025-01-30 14:18:29,383 INFO     ___FILE_ONLY___ ═
2025-01-30 14:18:29,385 INFO     ___FILE_ONLY___ ═
2025-01-30 14:18:29,387 INFO     ___FILE_ONLY___ ═
2025-01-30 14:18:29,390 INFO     ___FILE_ONLY___ ═
2025-01-30 14:18:29,392 INFO     ___FILE_ONLY___ ═
2025-01-30 14:18:29,394 INFO     ___FILE_ONLY___ ═
2025-01-30 14:18:29,396 INFO     ___FILE_ONLY___ ═
2025-01-30 14:18:29,398 INFO     ___FILE_ONLY___ ═
2025-01-30 14:18:29,400 INFO     ___FILE_ONLY___ ═
2025-01-30 14:18:29,402 INFO     ___FILE_ONLY___ ═
2025-01-30 14:18:29,404 INFO     ___FILE_ONLY___ ═
2025-01-30 14:18:29,406 INFO     ___FILE_ONLY___ ═
2025-01-30 14:18:29,410 INFO     ___FILE_ONLY___ ═
2025-01-30 14:18:29,411 INFO     ___FILE_ONLY___ ═
2025-01-30 14:18:29,414 INFO     ___FILE_ONLY___ ═
2025-01-30 14:18:29,416 INFO     ___FILE_ONLY___ ═
2025-01-30 14:18:29,418 INFO     ___FILE_ONLY___ ═
2025-01-30 14:18:29,419 INFO     ___FILE_ONLY___ ═
2025-01-30 14:18:29,421 INFO     ___FILE_ONLY___ ═
2025-01-30 14:18:29,423 INFO     ___FILE_ONLY___ ═
2025-01-30 14:18:29,425 INFO     ___FILE_ONLY___ ═
2025-01-30 14:18:29,427 INFO     ___FILE_ONLY___ ═
2025-01-30 14:18:29,429 INFO     ___FILE_ONLY___ ═
2025-01-30 14:18:29,433 INFO     ___FILE_ONLY___ ═
2025-01-30 14:18:29,434 INFO     ___FILE_ONLY___ ═
2025-01-30 14:18:29,436 INFO     ___FILE_ONLY___ ═
2025-01-30 14:18:29,438 INFO     ___FILE_ONLY___ ═
2025-01-30 14:18:29,441 INFO     ___FILE_ONLY___ ═
2025-01-30 14:18:29,445 INFO     ___FILE_ONLY___ ═
2025-01-30 14:18:29,454 INFO     ___FILE_ONLY___ ═
2025-01-30 14:18:29,455 INFO     ___FILE_ONLY___ ═
2025-01-30 14:18:29,458 INFO     ___FILE_ONLY___ ═
2025-01-30 14:18:29,462 INFO     ___FILE_ONLY___ ═
2025-01-30 14:18:29,465 INFO     ___FILE_ONLY___ ═
2025-01-30 14:18:29,467 INFO     ___FILE_ONLY___ ═
2025-01-30 14:18:29,469 INFO     ___FILE_ONLY___ ═
2025-01-30 14:18:29,471 INFO     ___FILE_ONLY___ ═
2025-01-30 14:18:29,474 INFO     ___FILE_ONLY___ ═
2025-01-30 14:18:29,478 INFO     ___FILE_ONLY___ ═
2025-01-30 14:18:29,479 INFO     ___FILE_ONLY___ ═
2025-01-30 14:18:29,481 INFO     ___FILE_ONLY___ ═
2025-01-30 14:18:29,483 INFO     ___FILE_ONLY___ ═
2025-01-30 14:18:29,485 INFO     ___FILE_ONLY___ ═
2025-01-30 14:18:29,487 INFO     ___FILE_ONLY___ ═
2025-01-30 14:18:29,490 INFO     ___FILE_ONLY___ ═
2025-01-30 14:18:29,491 INFO     ___FILE_ONLY___ ═
2025-01-30 14:18:29,493 INFO     ___FILE_ONLY___ ═
2025-01-30 14:18:29,495 INFO     ___FILE_ONLY___ ═
2025-01-30 14:18:29,497 INFO     ___FILE_ONLY___ ═
2025-01-30 14:18:29,500 INFO     ___FILE_ONLY___ ═
2025-01-30 14:18:29,501 INFO     ___FILE_ONLY___ ═
2025-01-30 14:18:29,503 INFO     ___FILE_ONLY___ ═
2025-01-30 14:18:29,505 INFO     ___FILE_ONLY___ ═
2025-01-30 14:18:29,507 INFO     ___FILE_ONLY___ ═
2025-01-30 14:18:29,513 INFO     ___FILE_ONLY___ ═
2025-01-30 14:18:29,513 INFO     ___FILE_ONLY___ ╝

2025-01-30 14:18:29,521 INFO     ___FILE_ONLY___ ╔════════════════════════════════════════════════════════════╗

2025-01-30 14:18:29,521 INFO     ___FILE_ONLY___ ╠═ Installing: BigQuery Command Line Tool (Platform Spec... ═╣

2025-01-30 14:18:29,521 INFO     ___FILE_ONLY___ ╚
2025-01-30 14:18:29,523 INFO     ___FILE_ONLY___ ════════════════════════════════════════════════════════════
2025-01-30 14:18:29,523 INFO     ___FILE_ONLY___ ╝

2025-01-30 14:18:29,527 INFO     ___FILE_ONLY___ ╔════════════════════════════════════════════════════════════╗

2025-01-30 14:18:29,527 INFO     ___FILE_ONLY___ ╠═ Installing: Bundled Python 3.11                          ═╣

2025-01-30 14:18:29,527 INFO     ___FILE_ONLY___ ╚
2025-01-30 14:18:29,530 INFO     ___FILE_ONLY___ ════════════════════════════════════════════════════════════
2025-01-30 14:18:29,530 INFO     ___FILE_ONLY___ ╝

2025-01-30 14:18:29,532 INFO     ___FILE_ONLY___ ╔════════════════════════════════════════════════════════════╗

2025-01-30 14:18:29,532 INFO     ___FILE_ONLY___ ╠═ Installing: Bundled Python 3.11 (Platform Specific)      ═╣

2025-01-30 14:18:29,532 INFO     ___FILE_ONLY___ ╚
2025-01-30 14:18:31,474 INFO     ___FILE_ONLY___ ═
2025-01-30 14:18:31,489 INFO     ___FILE_ONLY___ ═
2025-01-30 14:18:31,502 INFO     ___FILE_ONLY___ ═
2025-01-30 14:18:31,514 INFO     ___FILE_ONLY___ ═
2025-01-30 14:18:31,526 INFO     ___FILE_ONLY___ ═
2025-01-30 14:18:31,538 INFO     ___FILE_ONLY___ ═
2025-01-30 14:18:31,550 INFO     ___FILE_ONLY___ ═
2025-01-30 14:18:31,562 INFO     ___FILE_ONLY___ ═
2025-01-30 14:18:31,574 INFO     ___FILE_ONLY___ ═
2025-01-30 14:18:31,586 INFO     ___FILE_ONLY___ ═
2025-01-30 14:18:31,598 INFO     ___FILE_ONLY___ ═
2025-01-30 14:18:31,609 INFO     ___FILE_ONLY___ ═
2025-01-30 14:18:31,621 INFO     ___FILE_ONLY___ ═
2025-01-30 14:18:31,633 INFO     ___FILE_ONLY___ ═
2025-01-30 14:18:31,646 INFO     ___FILE_ONLY___ ═
2025-01-30 14:18:31,658 INFO     ___FILE_ONLY___ ═
2025-01-30 14:18:31,670 INFO     ___FILE_ONLY___ ═
2025-01-30 14:18:31,682 INFO     ___FILE_ONLY___ ═
2025-01-30 14:18:31,693 INFO     ___FILE_ONLY___ ═
2025-01-30 14:18:31,705 INFO     ___FILE_ONLY___ ═
2025-01-30 14:18:31,717 INFO     ___FILE_ONLY___ ═
2025-01-30 14:18:31,730 INFO     ___FILE_ONLY___ ═
2025-01-30 14:18:31,742 INFO     ___FILE_ONLY___ ═
2025-01-30 14:18:31,753 INFO     ___FILE_ONLY___ ═
2025-01-30 14:18:31,766 INFO     ___FILE_ONLY___ ═
2025-01-30 14:18:31,778 INFO     ___FILE_ONLY___ ═
2025-01-30 14:18:31,792 INFO     ___FILE_ONLY___ ═
2025-01-30 14:18:31,804 INFO     ___FILE_ONLY___ ═
2025-01-30 14:18:31,817 INFO     ___FILE_ONLY___ ═
2025-01-30 14:18:31,828 INFO     ___FILE_ONLY___ ═
2025-01-30 14:18:31,840 INFO     ___FILE_ONLY___ ═
2025-01-30 14:18:31,852 INFO     ___FILE_ONLY___ ═
2025-01-30 14:18:31,863 INFO     ___FILE_ONLY___ ═
2025-01-30 14:18:31,875 INFO     ___FILE_ONLY___ ═
2025-01-30 14:18:31,888 INFO     ___FILE_ONLY___ ═
2025-01-30 14:18:31,900 INFO     ___FILE_ONLY___ ═
2025-01-30 14:18:32,629 INFO     ___FILE_ONLY___ ═
2025-01-30 14:18:32,653 INFO     ___FILE_ONLY___ ═
2025-01-30 14:18:32,675 INFO     ___FILE_ONLY___ ═
2025-01-30 14:18:32,694 INFO     ___FILE_ONLY___ ═
2025-01-30 14:18:32,713 INFO     ___FILE_ONLY___ ═
2025-01-30 14:18:32,847 INFO     ___FILE_ONLY___ ═
2025-01-30 14:18:32,873 INFO     ___FILE_ONLY___ ═
2025-01-30 14:18:32,891 INFO     ___FILE_ONLY___ ═
2025-01-30 14:18:32,907 INFO     ___FILE_ONLY___ ═
2025-01-30 14:18:32,924 INFO     ___FILE_ONLY___ ═
2025-01-30 14:18:32,951 INFO     ___FILE_ONLY___ ═
2025-01-30 14:18:32,971 INFO     ___FILE_ONLY___ ═
2025-01-30 14:18:32,989 INFO     ___FILE_ONLY___ ═
2025-01-30 14:18:33,003 INFO     ___FILE_ONLY___ ═
2025-01-30 14:18:33,095 INFO     ___FILE_ONLY___ ═
2025-01-30 14:18:33,114 INFO     ___FILE_ONLY___ ═
2025-01-30 14:18:33,134 INFO     ___FILE_ONLY___ ═
2025-01-30 14:18:33,152 INFO     ___FILE_ONLY___ ═
2025-01-30 14:18:33,196 INFO     ___FILE_ONLY___ ═
2025-01-30 14:18:33,560 INFO     ___FILE_ONLY___ ═
2025-01-30 14:18:33,577 INFO     ___FILE_ONLY___ ═
2025-01-30 14:18:33,598 INFO     ___FILE_ONLY___ ═
2025-01-30 14:18:33,616 INFO     ___FILE_ONLY___ ═
2025-01-30 14:18:33,984 INFO     ___FILE_ONLY___ ═
2025-01-30 14:18:33,984 INFO     ___FILE_ONLY___ ╝

2025-01-30 14:18:34,033 INFO     ___FILE_ONLY___ ╔════════════════════════════════════════════════════════════╗

2025-01-30 14:18:34,033 INFO     ___FILE_ONLY___ ╠═ Installing: Cloud Storage Command Line Tool              ═╣

2025-01-30 14:18:34,033 INFO     ___FILE_ONLY___ ╚
2025-01-30 14:18:34,570 INFO     ___FILE_ONLY___ ═
2025-01-30 14:18:34,587 INFO     ___FILE_ONLY___ ═
2025-01-30 14:18:34,607 INFO     ___FILE_ONLY___ ═
2025-01-30 14:18:34,624 INFO     ___FILE_ONLY___ ═
2025-01-30 14:18:34,639 INFO     ___FILE_ONLY___ ═
2025-01-30 14:18:34,650 INFO     ___FILE_ONLY___ ═
2025-01-30 14:18:34,665 INFO     ___FILE_ONLY___ ═
2025-01-30 14:18:34,678 INFO     ___FILE_ONLY___ ═
2025-01-30 14:18:34,692 INFO     ___FILE_ONLY___ ═
2025-01-30 14:18:34,705 INFO     ___FILE_ONLY___ ═
2025-01-30 14:18:34,717 INFO     ___FILE_ONLY___ ═
2025-01-30 14:18:34,728 INFO     ___FILE_ONLY___ ═
2025-01-30 14:18:34,737 INFO     ___FILE_ONLY___ ═
2025-01-30 14:18:34,746 INFO     ___FILE_ONLY___ ═
2025-01-30 14:18:34,756 INFO     ___FILE_ONLY___ ═
2025-01-30 14:18:34,765 INFO     ___FILE_ONLY___ ═
2025-01-30 14:18:34,775 INFO     ___FILE_ONLY___ ═
2025-01-30 14:18:34,785 INFO     ___FILE_ONLY___ ═
2025-01-30 14:18:34,796 INFO     ___FILE_ONLY___ ═
2025-01-30 14:18:34,806 INFO     ___FILE_ONLY___ ═
2025-01-30 14:18:34,818 INFO     ___FILE_ONLY___ ═
2025-01-30 14:18:34,833 INFO     ___FILE_ONLY___ ═
2025-01-30 14:18:34,848 INFO     ___FILE_ONLY___ ═
2025-01-30 14:18:34,858 INFO     ___FILE_ONLY___ ═
2025-01-30 14:18:34,870 INFO     ___FILE_ONLY___ ═
2025-01-30 14:18:34,885 INFO     ___FILE_ONLY___ ═
2025-01-30 14:18:34,902 INFO     ___FILE_ONLY___ ═
2025-01-30 14:18:34,921 INFO     ___FILE_ONLY___ ═
2025-01-30 14:18:34,938 INFO     ___FILE_ONLY___ ═
2025-01-30 14:18:34,959 INFO     ___FILE_ONLY___ ═
2025-01-30 14:18:34,969 INFO     ___FILE_ONLY___ ═
2025-01-30 14:18:34,980 INFO     ___FILE_ONLY___ ═
2025-01-30 14:18:34,997 INFO     ___FILE_ONLY___ ═
2025-01-30 14:18:35,010 INFO     ___FILE_ONLY___ ═
2025-01-30 14:18:35,020 INFO     ___FILE_ONLY___ ═
2025-01-30 14:18:35,030 INFO     ___FILE_ONLY___ ═
2025-01-30 14:18:35,039 INFO     ___FILE_ONLY___ ═
2025-01-30 14:18:35,049 INFO     ___FILE_ONLY___ ═
2025-01-30 14:18:35,059 INFO     ___FILE_ONLY___ ═
2025-01-30 14:18:35,071 INFO     ___FILE_ONLY___ ═
2025-01-30 14:18:35,079 INFO     ___FILE_ONLY___ ═
2025-01-30 14:18:35,093 INFO     ___FILE_ONLY___ ═
2025-01-30 14:18:35,102 INFO     ___FILE_ONLY___ ═
2025-01-30 14:18:35,115 INFO     ___FILE_ONLY___ ═
2025-01-30 14:18:35,130 INFO     ___FILE_ONLY___ ═
2025-01-30 14:18:35,141 INFO     ___FILE_ONLY___ ═
2025-01-30 14:18:35,149 INFO     ___FILE_ONLY___ ═
2025-01-30 14:18:35,159 INFO     ___FILE_ONLY___ ═
2025-01-30 14:18:35,169 INFO     ___FILE_ONLY___ ═
2025-01-30 14:18:35,181 INFO     ___FILE_ONLY___ ═
2025-01-30 14:18:35,197 INFO     ___FILE_ONLY___ ═
2025-01-30 14:18:35,209 INFO     ___FILE_ONLY___ ═
2025-01-30 14:18:35,223 INFO     ___FILE_ONLY___ ═
2025-01-30 14:18:35,236 INFO     ___FILE_ONLY___ ═
2025-01-30 14:18:35,270 INFO     ___FILE_ONLY___ ═
2025-01-30 14:18:35,279 INFO     ___FILE_ONLY___ ═
2025-01-30 14:18:35,289 INFO     ___FILE_ONLY___ ═
2025-01-30 14:18:35,299 INFO     ___FILE_ONLY___ ═
2025-01-30 14:18:35,310 INFO     ___FILE_ONLY___ ═
2025-01-30 14:18:35,323 INFO     ___FILE_ONLY___ ═
2025-01-30 14:18:35,324 INFO     ___FILE_ONLY___ ╝

2025-01-30 14:18:35,354 INFO     ___FILE_ONLY___ ╔════════════════════════════════════════════════════════════╗

2025-01-30 14:18:35,354 INFO     ___FILE_ONLY___ ╠═ Installing: Cloud Storage Command Line Tool (Platform... ═╣

2025-01-30 14:18:35,354 INFO     ___FILE_ONLY___ ╚
2025-01-30 14:18:35,355 INFO     ___FILE_ONLY___ ════════════════════════════════════════════════════════════
2025-01-30 14:18:35,355 INFO     ___FILE_ONLY___ ╝

2025-01-30 14:18:35,359 INFO     ___FILE_ONLY___ ╔════════════════════════════════════════════════════════════╗

2025-01-30 14:18:35,360 INFO     ___FILE_ONLY___ ╠═ Installing: Default set of gcloud commands               ═╣

2025-01-30 14:18:35,360 INFO     ___FILE_ONLY___ ╚
2025-01-30 14:18:35,362 INFO     ___FILE_ONLY___ ════════════════════════════════════════════════════════════
2025-01-30 14:18:35,362 INFO     ___FILE_ONLY___ ╝

2025-01-30 14:18:35,364 INFO     ___FILE_ONLY___ ╔════════════════════════════════════════════════════════════╗

2025-01-30 14:18:35,364 INFO     ___FILE_ONLY___ ╠═ Installing: Google Cloud CLI Core Libraries (Platform... ═╣

2025-01-30 14:18:35,364 INFO     ___FILE_ONLY___ ╚
2025-01-30 14:18:35,365 INFO     ___FILE_ONLY___ ══════════════════════════════
2025-01-30 14:18:35,366 INFO     ___FILE_ONLY___ ══════════════════════════════
2025-01-30 14:18:35,366 INFO     ___FILE_ONLY___ ╝

2025-01-30 14:18:35,370 INFO     ___FILE_ONLY___ ╔════════════════════════════════════════════════════════════╗

2025-01-30 14:18:35,370 INFO     ___FILE_ONLY___ ╠═ Installing: Google Cloud CRC32C Hash Tool                ═╣

2025-01-30 14:18:35,370 INFO     ___FILE_ONLY___ ╚
2025-01-30 14:18:35,373 INFO     ___FILE_ONLY___ ════════════════════════════════════════════════════════════
2025-01-30 14:18:35,373 INFO     ___FILE_ONLY___ ╝

2025-01-30 14:18:35,374 INFO     ___FILE_ONLY___ ╔════════════════════════════════════════════════════════════╗

2025-01-30 14:18:35,375 INFO     ___FILE_ONLY___ ╠═ Installing: Google Cloud CRC32C Hash Tool (Platform S... ═╣

2025-01-30 14:18:35,375 INFO     ___FILE_ONLY___ ╚
2025-01-30 14:18:35,413 INFO     ___FILE_ONLY___ ══════════════════════════════
2025-01-30 14:18:35,414 INFO     ___FILE_ONLY___ ══════════════════════════════
2025-01-30 14:18:35,414 INFO     ___FILE_ONLY___ ╝

2025-01-30 14:18:35,419 INFO     ___FILE_ONLY___ ╔════════════════════════════════════════════════════════════╗

2025-01-30 14:18:35,419 INFO     ___FILE_ONLY___ ╠═ Installing: gcloud cli dependencies (Platform Specific)  ═╣

2025-01-30 14:18:35,419 INFO     ___FILE_ONLY___ ╚
2025-01-30 14:18:35,419 INFO     ___FILE_ONLY___ ════════════════════════════════════════════════════════════
2025-01-30 14:18:35,419 INFO     ___FILE_ONLY___ ╝

2025-01-30 14:18:35,424 DEBUG    root            Updating notification cache...
2025-01-30 14:18:35,425 INFO     ___FILE_ONLY___ 

2025-01-30 14:18:35,427 INFO     ___FILE_ONLY___ Performing post processing steps...
2025-01-30 14:18:35,427 DEBUG    root            Executing command: ['/tools/google-cloud-sdk/bin/gcloud', 'components', 'post-process']
2025-01-30 14:18:44,082 DEBUG    ___FILE_ONLY___ 
2025-01-30 14:18:44,082 DEBUG    ___FILE_ONLY___ 
2025-01-30 14:18:44,218 INFO     ___FILE_ONLY___ 
Update done!


2025-01-30 14:18:44,222 DEBUG    root            Chosen display Format:none
2025-01-30 14:18:44,222 INFO     root            Display format: "none"
