2025-01-30 14:18:44,812 DEBUG    root            Loaded Command Group: ['gcloud', 'components']
2025-01-30 14:18:44,814 DEBUG    root            Loaded Command Group: ['gcloud', 'components', 'update']
2025-01-30 14:18:44,816 DEBUG    root            Running [gcloud.components.update] with arguments: [--quiet: "True", COMPONENT-IDS:8: "['gcloud', 'core', 'bq', 'gsutil', 'compute', 'preview', 'alpha', 'beta']"]
2025-01-30 14:18:44,817 INFO     ___FILE_ONLY___ Beginning update. This process may take several minutes.

2025-01-30 14:18:44,826 DEBUG    urllib3.connectionpool Starting new HTTPS connection (1): dl.google.com:443
2025-01-30 14:18:44,942 DEBUG    urllib3.connectionpool https://dl.google.com:443 "GET /dl/cloudsdk/channels/rapid/components-2.json HTTP/1.1" 200 227832
2025-01-30 14:18:44,957 WARNING  root            Component [compute] no longer exists.
2025-01-30 14:18:44,958 INFO     ___FILE_ONLY___ 

2025-01-30 14:18:44,958 INFO     ___FILE_ONLY___ 
Your current Google Cloud CLI version is: 508.0.0

2025-01-30 14:18:44,958 INFO     ___FILE_ONLY___ Installing components from version: 508.0.0

2025-01-30 14:18:44,958 INFO     ___FILE_ONLY___ 

2025-01-30 14:18:44,959 DEBUG    root            Chosen display Format:table[box,title="These components will be removed."](details.display_name:label=Name:align=left,version.version_string:label=Version:align=right,data.size.size(zero="",min=1048576):label=Size:align=right)
2025-01-30 14:18:44,959 DEBUG    root            Chosen display Format:table[box,title="These components will be updated."](details.display_name:label=Name:align=left,version.version_string:label=Version:align=right,data.size.size(zero="",min=1048576):label=Size:align=right)
2025-01-30 14:18:44,959 DEBUG    root            Chosen display Format:table[box,title="These components will be installed."](details.display_name:label=Name:align=left,version.version_string:label=Version:align=right,data.size.size(zero="",min=1048576):label=Size:align=right)
2025-01-30 14:18:44,974 INFO     ___FILE_ONLY___ ┌────────────────────────────────────────────────┐
2025-01-30 14:18:44,974 INFO     ___FILE_ONLY___ 

2025-01-30 14:18:44,974 INFO     ___FILE_ONLY___ │      These components will be installed.       │
2025-01-30 14:18:44,974 INFO     ___FILE_ONLY___ 

2025-01-30 14:18:44,974 INFO     ___FILE_ONLY___ ├─────────────────────────┬────────────┬─────────┤
2025-01-30 14:18:44,974 INFO     ___FILE_ONLY___ 

2025-01-30 14:18:44,974 INFO     ___FILE_ONLY___ │           Name          │  Version   │   Size  │
2025-01-30 14:18:44,974 INFO     ___FILE_ONLY___ 

2025-01-30 14:18:44,974 INFO     ___FILE_ONLY___ ├─────────────────────────┼────────────┼─────────┤
2025-01-30 14:18:44,974 INFO     ___FILE_ONLY___ 

2025-01-30 14:18:44,974 INFO     ___FILE_ONLY___ │ 
2025-01-30 14:18:44,974 INFO     ___FILE_ONLY___ gcloud Alpha Commands  
2025-01-30 14:18:44,974 INFO     ___FILE_ONLY___  
2025-01-30 14:18:44,975 INFO     ___FILE_ONLY___ │ 
2025-01-30 14:18:44,975 INFO     ___FILE_ONLY___ 2025.01.24
2025-01-30 14:18:44,975 INFO     ___FILE_ONLY___  
2025-01-30 14:18:44,975 INFO     ___FILE_ONLY___ │ 
2025-01-30 14:18:44,975 INFO     ___FILE_ONLY___ < 1 MiB
2025-01-30 14:18:44,975 INFO     ___FILE_ONLY___  
2025-01-30 14:18:44,975 INFO     ___FILE_ONLY___ │
2025-01-30 14:18:44,975 INFO     ___FILE_ONLY___ 

2025-01-30 14:18:44,975 INFO     ___FILE_ONLY___ │ 
2025-01-30 14:18:44,975 INFO     ___FILE_ONLY___ gcloud Beta Commands   
2025-01-30 14:18:44,975 INFO     ___FILE_ONLY___  
2025-01-30 14:18:44,975 INFO     ___FILE_ONLY___ │ 
2025-01-30 14:18:44,975 INFO     ___FILE_ONLY___ 2025.01.24
2025-01-30 14:18:44,975 INFO     ___FILE_ONLY___  
2025-01-30 14:18:44,975 INFO     ___FILE_ONLY___ │ 
2025-01-30 14:18:44,975 INFO     ___FILE_ONLY___ < 1 MiB
2025-01-30 14:18:44,975 INFO     ___FILE_ONLY___  
2025-01-30 14:18:44,975 INFO     ___FILE_ONLY___ │
2025-01-30 14:18:44,975 INFO     ___FILE_ONLY___ 

2025-01-30 14:18:44,975 INFO     ___FILE_ONLY___ │ 
2025-01-30 14:18:44,976 INFO     ___FILE_ONLY___ gcloud Preview Commands
2025-01-30 14:18:44,976 INFO     ___FILE_ONLY___  
2025-01-30 14:18:44,976 INFO     ___FILE_ONLY___ │ 
2025-01-30 14:18:44,976 INFO     ___FILE_ONLY___           
2025-01-30 14:18:44,976 INFO     ___FILE_ONLY___  
2025-01-30 14:18:44,976 INFO     ___FILE_ONLY___ │ 
2025-01-30 14:18:44,976 INFO     ___FILE_ONLY___ < 1 MiB
2025-01-30 14:18:44,976 INFO     ___FILE_ONLY___  
2025-01-30 14:18:44,976 INFO     ___FILE_ONLY___ │
2025-01-30 14:18:44,976 INFO     ___FILE_ONLY___ 

2025-01-30 14:18:44,976 INFO     ___FILE_ONLY___ └─────────────────────────┴────────────┴─────────┘
2025-01-30 14:18:44,976 INFO     ___FILE_ONLY___ 

2025-01-30 14:18:44,976 INFO     ___FILE_ONLY___ 

2025-01-30 14:18:44,980 DEBUG    urllib3.connectionpool Starting new HTTPS connection (1): dl.google.com:443
2025-01-30 14:18:45,336 DEBUG    urllib3.connectionpool https://dl.google.com:443 "GET /dl/cloudsdk/channels/rapid/RELEASE_NOTES HTTP/1.1" 200 1347594
2025-01-30 14:18:45,383 INFO     ___FILE_ONLY___ For the latest full release notes, please visit:
  https://cloud.google.com/sdk/release_notes


2025-01-30 14:18:45,384 INFO     ___FILE_ONLY___ Performing in place update...


2025-01-30 14:18:45,386 INFO     ___FILE_ONLY___ ╔════════════════════════════════════════════════════════════╗

2025-01-30 14:18:45,387 INFO     ___FILE_ONLY___ ╠═ Downloading: gcloud Alpha Commands                       ═╣

2025-01-30 14:18:45,387 INFO     ___FILE_ONLY___ ╚
2025-01-30 14:18:45,390 DEBUG    urllib3.connectionpool Starting new HTTPS connection (1): dl.google.com:443
2025-01-30 14:18:45,718 DEBUG    urllib3.connectionpool https://dl.google.com:443 "GET /dl/cloudsdk/channels/rapid/components/google-cloud-sdk-alpha-20250124173157.tar.gz HTTP/1.1" 200 800
2025-01-30 14:18:45,718 INFO     ___FILE_ONLY___ ════════════════════════════════════════════════════════════
2025-01-30 14:18:45,719 INFO     ___FILE_ONLY___ ╝

2025-01-30 14:18:45,721 INFO     ___FILE_ONLY___ ╔════════════════════════════════════════════════════════════╗

2025-01-30 14:18:45,721 INFO     ___FILE_ONLY___ ╠═ Downloading: gcloud Beta Commands                        ═╣

2025-01-30 14:18:45,721 INFO     ___FILE_ONLY___ ╚
2025-01-30 14:18:45,724 DEBUG    urllib3.connectionpool Starting new HTTPS connection (1): dl.google.com:443
2025-01-30 14:18:45,842 DEBUG    urllib3.connectionpool https://dl.google.com:443 "GET /dl/cloudsdk/channels/rapid/components/google-cloud-sdk-beta-20250124173157.tar.gz HTTP/1.1" 200 797
2025-01-30 14:18:45,842 INFO     ___FILE_ONLY___ ════════════════════════════════════════════════════════════
2025-01-30 14:18:45,843 INFO     ___FILE_ONLY___ ╝

2025-01-30 14:18:45,845 INFO     ___FILE_ONLY___ ╔════════════════════════════════════════════════════════════╗

2025-01-30 14:18:45,845 INFO     ___FILE_ONLY___ ╠═ Downloading: gcloud Preview Commands                     ═╣

2025-01-30 14:18:45,845 INFO     ___FILE_ONLY___ ╚
2025-01-30 14:18:45,848 DEBUG    urllib3.connectionpool Starting new HTTPS connection (1): dl.google.com:443
2025-01-30 14:18:46,203 DEBUG    urllib3.connectionpool https://dl.google.com:443 "GET /dl/cloudsdk/channels/rapid/components/google-cloud-sdk-preview-20241115154308.tar.gz HTTP/1.1" 200 823
2025-01-30 14:18:46,204 INFO     ___FILE_ONLY___ ════════════════════════════════════════════════════════════
2025-01-30 14:18:46,204 INFO     ___FILE_ONLY___ ╝

2025-01-30 14:18:46,206 INFO     ___FILE_ONLY___ ╔════════════════════════════════════════════════════════════╗

2025-01-30 14:18:46,206 INFO     ___FILE_ONLY___ ╠═ Installing: gcloud Alpha Commands                        ═╣

2025-01-30 14:18:46,206 INFO     ___FILE_ONLY___ ╚
2025-01-30 14:18:46,207 INFO     ___FILE_ONLY___ ════════════════════════════════════════════════════════════
2025-01-30 14:18:46,207 INFO     ___FILE_ONLY___ ╝

2025-01-30 14:18:46,216 INFO     ___FILE_ONLY___ ╔════════════════════════════════════════════════════════════╗

2025-01-30 14:18:46,217 INFO     ___FILE_ONLY___ ╠═ Installing: gcloud Beta Commands                         ═╣

2025-01-30 14:18:46,217 INFO     ___FILE_ONLY___ ╚
2025-01-30 14:18:46,217 INFO     ___FILE_ONLY___ ════════════════════════════════════════════════════════════
2025-01-30 14:18:46,218 INFO     ___FILE_ONLY___ ╝

2025-01-30 14:18:46,222 INFO     ___FILE_ONLY___ ╔════════════════════════════════════════════════════════════╗

2025-01-30 14:18:46,222 INFO     ___FILE_ONLY___ ╠═ Installing: gcloud Preview Commands                      ═╣

2025-01-30 14:18:46,222 INFO     ___FILE_ONLY___ ╚
2025-01-30 14:18:46,223 INFO     ___FILE_ONLY___ ════════════════════════════════════════════════════════════
2025-01-30 14:18:46,223 INFO     ___FILE_ONLY___ ╝

2025-01-30 14:18:46,228 DEBUG    root            Updating notification cache...
2025-01-30 14:18:46,228 INFO     ___FILE_ONLY___ 

2025-01-30 14:18:46,230 INFO     ___FILE_ONLY___ Performing post processing steps...
2025-01-30 14:18:46,231 DEBUG    root            Executing command: ['/tools/google-cloud-sdk/bin/gcloud', 'components', 'post-process']
2025-01-30 14:18:56,301 DEBUG    ___FILE_ONLY___ 
2025-01-30 14:18:56,302 DEBUG    ___FILE_ONLY___ 
2025-01-30 14:18:56,504 INFO     ___FILE_ONLY___ 
Update done!


2025-01-30 14:18:56,506 DEBUG    root            Chosen display Format:none
2025-01-30 14:18:56,506 INFO     root            Display format: "none"
