2025-01-17 14:25:39,520 DEBUG    root            Loaded Command Group: ['gcloud', 'components']
2025-01-17 14:25:39,524 DEBUG    root            Loaded Command Group: ['gcloud', 'components', 'update']
2025-01-17 14:25:39,526 DEBUG    root            Running [gcloud.components.update] with arguments: [--compile-python: "True", --quiet: "True", COMPONENT-IDS:6: "['core', 'gcloud-deps', 'bq', 'gcloud', 'gcloud-crc32c', 'gsutil']"]
2025-01-17 14:25:39,526 INFO     ___FILE_ONLY___ Beginning update. This process may take several minutes.

2025-01-17 14:25:39,558 DEBUG    urllib3.connectionpool Starting new HTTPS connection (1): dl.google.com:443
2025-01-17 14:25:39,629 DEBUG    urllib3.connectionpool https://dl.google.com:443 "GET /dl/cloudsdk/channels/rapid/components-2.json HTTP/1.1" 200 227824
2025-01-17 14:25:39,640 INFO     ___FILE_ONLY___ 

2025-01-17 14:25:39,640 INFO     ___FILE_ONLY___ 
Your current Google Cloud CLI version is: 506.0.0

2025-01-17 14:25:39,640 INFO     ___FILE_ONLY___ Installing components from version: 506.0.0

2025-01-17 14:25:39,640 INFO     ___FILE_ONLY___ 

2025-01-17 14:25:39,640 DEBUG    root            Chosen display Format:table[box,title="These components will be removed."](details.display_name:label=Name:align=left,version.version_string:label=Version:align=right,data.size.size(zero="",min=1048576):label=Size:align=right)
2025-01-17 14:25:39,641 DEBUG    root            Chosen display Format:table[box,title="These components will be updated."](details.display_name:label=Name:align=left,version.version_string:label=Version:align=right,data.size.size(zero="",min=1048576):label=Size:align=right)
2025-01-17 14:25:39,641 DEBUG    root            Chosen display Format:table[box,title="These components will be installed."](details.display_name:label=Name:align=left,version.version_string:label=Version:align=right,data.size.size(zero="",min=1048576):label=Size:align=right)
2025-01-17 14:25:39,677 INFO     ___FILE_ONLY___ ┌─────────────────────────────────────────────────────────────────────────────┐
2025-01-17 14:25:39,677 INFO     ___FILE_ONLY___ 

2025-01-17 14:25:39,678 INFO     ___FILE_ONLY___ │                     These components will be installed.                     │
2025-01-17 14:25:39,678 INFO     ___FILE_ONLY___ 

2025-01-17 14:25:39,678 INFO     ___FILE_ONLY___ ├─────────────────────────────────────────────────────┬────────────┬──────────┤
2025-01-17 14:25:39,678 INFO     ___FILE_ONLY___ 

2025-01-17 14:25:39,678 INFO     ___FILE_ONLY___ │                         Name                        │  Version   │   Size   │
2025-01-17 14:25:39,678 INFO     ___FILE_ONLY___ 

2025-01-17 14:25:39,678 INFO     ___FILE_ONLY___ ├─────────────────────────────────────────────────────┼────────────┼──────────┤
2025-01-17 14:25:39,678 INFO     ___FILE_ONLY___ 

2025-01-17 14:25:39,678 INFO     ___FILE_ONLY___ │ 
2025-01-17 14:25:39,678 INFO     ___FILE_ONLY___ BigQuery Command Line Tool                         
2025-01-17 14:25:39,678 INFO     ___FILE_ONLY___  
2025-01-17 14:25:39,678 INFO     ___FILE_ONLY___ │ 
2025-01-17 14:25:39,678 INFO     ___FILE_ONLY___     2.1.11
2025-01-17 14:25:39,678 INFO     ___FILE_ONLY___  
2025-01-17 14:25:39,678 INFO     ___FILE_ONLY___ │ 
2025-01-17 14:25:39,678 INFO     ___FILE_ONLY___  1.7 MiB
2025-01-17 14:25:39,678 INFO     ___FILE_ONLY___  
2025-01-17 14:25:39,678 INFO     ___FILE_ONLY___ │
2025-01-17 14:25:39,678 INFO     ___FILE_ONLY___ 

2025-01-17 14:25:39,678 INFO     ___FILE_ONLY___ │ 
2025-01-17 14:25:39,678 INFO     ___FILE_ONLY___ BigQuery Command Line Tool (Platform Specific)     
2025-01-17 14:25:39,678 INFO     ___FILE_ONLY___  
2025-01-17 14:25:39,679 INFO     ___FILE_ONLY___ │ 
2025-01-17 14:25:39,679 INFO     ___FILE_ONLY___      2.1.8
2025-01-17 14:25:39,679 INFO     ___FILE_ONLY___  
2025-01-17 14:25:39,679 INFO     ___FILE_ONLY___ │ 
2025-01-17 14:25:39,679 INFO     ___FILE_ONLY___  < 1 MiB
2025-01-17 14:25:39,679 INFO     ___FILE_ONLY___  
2025-01-17 14:25:39,679 INFO     ___FILE_ONLY___ │
2025-01-17 14:25:39,679 INFO     ___FILE_ONLY___ 

2025-01-17 14:25:39,679 INFO     ___FILE_ONLY___ │ 
2025-01-17 14:25:39,679 INFO     ___FILE_ONLY___ Bundled Python 3.11 (Platform Specific)            
2025-01-17 14:25:39,679 INFO     ___FILE_ONLY___  
2025-01-17 14:25:39,679 INFO     ___FILE_ONLY___ │ 
2025-01-17 14:25:39,679 INFO     ___FILE_ONLY___     3.11.9
2025-01-17 14:25:39,679 INFO     ___FILE_ONLY___  
2025-01-17 14:25:39,679 INFO     ___FILE_ONLY___ │ 
2025-01-17 14:25:39,679 INFO     ___FILE_ONLY___ 74.4 MiB
2025-01-17 14:25:39,679 INFO     ___FILE_ONLY___  
2025-01-17 14:25:39,679 INFO     ___FILE_ONLY___ │
2025-01-17 14:25:39,679 INFO     ___FILE_ONLY___ 

2025-01-17 14:25:39,679 INFO     ___FILE_ONLY___ │ 
2025-01-17 14:25:39,679 INFO     ___FILE_ONLY___ Cloud Storage Command Line Tool                    
2025-01-17 14:25:39,679 INFO     ___FILE_ONLY___  
2025-01-17 14:25:39,680 INFO     ___FILE_ONLY___ │ 
2025-01-17 14:25:39,680 INFO     ___FILE_ONLY___       5.33
2025-01-17 14:25:39,680 INFO     ___FILE_ONLY___  
2025-01-17 14:25:39,680 INFO     ___FILE_ONLY___ │ 
2025-01-17 14:25:39,680 INFO     ___FILE_ONLY___ 11.8 MiB
2025-01-17 14:25:39,680 INFO     ___FILE_ONLY___  
2025-01-17 14:25:39,680 INFO     ___FILE_ONLY___ │
2025-01-17 14:25:39,680 INFO     ___FILE_ONLY___ 

2025-01-17 14:25:39,680 INFO     ___FILE_ONLY___ │ 
2025-01-17 14:25:39,680 INFO     ___FILE_ONLY___ Cloud Storage Command Line Tool (Platform Specific)
2025-01-17 14:25:39,680 INFO     ___FILE_ONLY___  
2025-01-17 14:25:39,680 INFO     ___FILE_ONLY___ │ 
2025-01-17 14:25:39,680 INFO     ___FILE_ONLY___       5.30
2025-01-17 14:25:39,680 INFO     ___FILE_ONLY___  
2025-01-17 14:25:39,680 INFO     ___FILE_ONLY___ │ 
2025-01-17 14:25:39,680 INFO     ___FILE_ONLY___  < 1 MiB
2025-01-17 14:25:39,680 INFO     ___FILE_ONLY___  
2025-01-17 14:25:39,680 INFO     ___FILE_ONLY___ │
2025-01-17 14:25:39,680 INFO     ___FILE_ONLY___ 

2025-01-17 14:25:39,680 INFO     ___FILE_ONLY___ │ 
2025-01-17 14:25:39,680 INFO     ___FILE_ONLY___ Google Cloud CLI Core Libraries (Platform Specific)
2025-01-17 14:25:39,681 INFO     ___FILE_ONLY___  
2025-01-17 14:25:39,681 INFO     ___FILE_ONLY___ │ 
2025-01-17 14:25:39,681 INFO     ___FILE_ONLY___ 2024.08.30
2025-01-17 14:25:39,681 INFO     ___FILE_ONLY___  
2025-01-17 14:25:39,681 INFO     ___FILE_ONLY___ │ 
2025-01-17 14:25:39,681 INFO     ___FILE_ONLY___  < 1 MiB
2025-01-17 14:25:39,681 INFO     ___FILE_ONLY___  
2025-01-17 14:25:39,681 INFO     ___FILE_ONLY___ │
2025-01-17 14:25:39,681 INFO     ___FILE_ONLY___ 

2025-01-17 14:25:39,681 INFO     ___FILE_ONLY___ │ 
2025-01-17 14:25:39,681 INFO     ___FILE_ONLY___ Google Cloud CRC32C Hash Tool (Platform Specific)  
2025-01-17 14:25:39,681 INFO     ___FILE_ONLY___  
2025-01-17 14:25:39,681 INFO     ___FILE_ONLY___ │ 
2025-01-17 14:25:39,681 INFO     ___FILE_ONLY___      1.0.0
2025-01-17 14:25:39,681 INFO     ___FILE_ONLY___  
2025-01-17 14:25:39,681 INFO     ___FILE_ONLY___ │ 
2025-01-17 14:25:39,681 INFO     ___FILE_ONLY___  1.4 MiB
2025-01-17 14:25:39,681 INFO     ___FILE_ONLY___  
2025-01-17 14:25:39,681 INFO     ___FILE_ONLY___ │
2025-01-17 14:25:39,681 INFO     ___FILE_ONLY___ 

2025-01-17 14:25:39,681 INFO     ___FILE_ONLY___ │ 
2025-01-17 14:25:39,681 INFO     ___FILE_ONLY___ gcloud cli dependencies (Platform Specific)        
2025-01-17 14:25:39,682 INFO     ___FILE_ONLY___  
2025-01-17 14:25:39,682 INFO     ___FILE_ONLY___ │ 
2025-01-17 14:25:39,682 INFO     ___FILE_ONLY___ 2021.04.16
2025-01-17 14:25:39,682 INFO     ___FILE_ONLY___  
2025-01-17 14:25:39,682 INFO     ___FILE_ONLY___ │ 
2025-01-17 14:25:39,682 INFO     ___FILE_ONLY___  < 1 MiB
2025-01-17 14:25:39,682 INFO     ___FILE_ONLY___  
2025-01-17 14:25:39,682 INFO     ___FILE_ONLY___ │
2025-01-17 14:25:39,682 INFO     ___FILE_ONLY___ 

2025-01-17 14:25:39,682 INFO     ___FILE_ONLY___ └─────────────────────────────────────────────────────┴────────────┴──────────┘
2025-01-17 14:25:39,682 INFO     ___FILE_ONLY___ 

2025-01-17 14:25:39,682 INFO     ___FILE_ONLY___ 

2025-01-17 14:25:39,685 DEBUG    urllib3.connectionpool Starting new HTTPS connection (1): dl.google.com:443
2025-01-17 14:25:39,754 DEBUG    urllib3.connectionpool https://dl.google.com:443 "GET /dl/cloudsdk/channels/rapid/RELEASE_NOTES HTTP/1.1" 200 1339934
2025-01-17 14:25:39,798 INFO     ___FILE_ONLY___ For the latest full release notes, please visit:
  https://cloud.google.com/sdk/release_notes


2025-01-17 14:25:39,799 INFO     ___FILE_ONLY___ Performing in place update...


2025-01-17 14:25:39,801 INFO     ___FILE_ONLY___ ╔════════════════════════════════════════════════════════════╗

2025-01-17 14:25:39,801 INFO     ___FILE_ONLY___ ╠═ Downloading: BigQuery Command Line Tool                  ═╣

2025-01-17 14:25:39,801 INFO     ___FILE_ONLY___ ╚
2025-01-17 14:25:39,804 DEBUG    urllib3.connectionpool Starting new HTTPS connection (1): dl.google.com:443
2025-01-17 14:25:39,874 DEBUG    urllib3.connectionpool https://dl.google.com:443 "GET /dl/cloudsdk/channels/rapid/components/google-cloud-sdk-bq-20241213184646.tar.gz HTTP/1.1" 200 1828274
2025-01-17 14:25:39,889 INFO     ___FILE_ONLY___ ═
2025-01-17 14:25:39,889 INFO     ___FILE_ONLY___ ═
2025-01-17 14:25:39,889 INFO     ___FILE_ONLY___ ═
2025-01-17 14:25:39,889 INFO     ___FILE_ONLY___ ═
2025-01-17 14:25:39,889 INFO     ___FILE_ONLY___ ═
2025-01-17 14:25:39,890 INFO     ___FILE_ONLY___ ═
2025-01-17 14:25:39,890 INFO     ___FILE_ONLY___ ═
2025-01-17 14:25:39,890 INFO     ___FILE_ONLY___ ═
2025-01-17 14:25:39,890 INFO     ___FILE_ONLY___ ═
2025-01-17 14:25:39,890 INFO     ___FILE_ONLY___ ═
2025-01-17 14:25:39,890 INFO     ___FILE_ONLY___ ═
2025-01-17 14:25:39,890 INFO     ___FILE_ONLY___ ═
2025-01-17 14:25:39,890 INFO     ___FILE_ONLY___ ═
2025-01-17 14:25:39,890 INFO     ___FILE_ONLY___ ═
2025-01-17 14:25:39,890 INFO     ___FILE_ONLY___ ═
2025-01-17 14:25:39,890 INFO     ___FILE_ONLY___ ═
2025-01-17 14:25:39,890 INFO     ___FILE_ONLY___ ═
2025-01-17 14:25:39,891 INFO     ___FILE_ONLY___ ═
2025-01-17 14:25:39,891 INFO     ___FILE_ONLY___ ═
2025-01-17 14:25:39,891 INFO     ___FILE_ONLY___ ═
2025-01-17 14:25:39,891 INFO     ___FILE_ONLY___ ═
2025-01-17 14:25:39,891 INFO     ___FILE_ONLY___ ═
2025-01-17 14:25:39,891 INFO     ___FILE_ONLY___ ═
2025-01-17 14:25:39,891 INFO     ___FILE_ONLY___ ═
2025-01-17 14:25:39,891 INFO     ___FILE_ONLY___ ═
2025-01-17 14:25:39,891 INFO     ___FILE_ONLY___ ═
2025-01-17 14:25:39,891 INFO     ___FILE_ONLY___ ═
2025-01-17 14:25:39,891 INFO     ___FILE_ONLY___ ═
2025-01-17 14:25:39,892 INFO     ___FILE_ONLY___ ═
2025-01-17 14:25:39,892 INFO     ___FILE_ONLY___ ═
2025-01-17 14:25:39,892 INFO     ___FILE_ONLY___ ═
2025-01-17 14:25:39,892 INFO     ___FILE_ONLY___ ═
2025-01-17 14:25:39,892 INFO     ___FILE_ONLY___ ═
2025-01-17 14:25:39,892 INFO     ___FILE_ONLY___ ═
2025-01-17 14:25:39,892 INFO     ___FILE_ONLY___ ═
2025-01-17 14:25:39,892 INFO     ___FILE_ONLY___ ═
2025-01-17 14:25:39,892 INFO     ___FILE_ONLY___ ═
2025-01-17 14:25:39,892 INFO     ___FILE_ONLY___ ═
2025-01-17 14:25:39,892 INFO     ___FILE_ONLY___ ═
2025-01-17 14:25:39,893 INFO     ___FILE_ONLY___ ═
2025-01-17 14:25:39,893 INFO     ___FILE_ONLY___ ═
2025-01-17 14:25:39,893 INFO     ___FILE_ONLY___ ═
2025-01-17 14:25:39,893 INFO     ___FILE_ONLY___ ═
2025-01-17 14:25:39,893 INFO     ___FILE_ONLY___ ═
2025-01-17 14:25:39,893 INFO     ___FILE_ONLY___ ═
2025-01-17 14:25:39,893 INFO     ___FILE_ONLY___ ═
2025-01-17 14:25:39,893 INFO     ___FILE_ONLY___ ═
2025-01-17 14:25:39,893 INFO     ___FILE_ONLY___ ═
2025-01-17 14:25:39,893 INFO     ___FILE_ONLY___ ═
2025-01-17 14:25:39,893 INFO     ___FILE_ONLY___ ═
2025-01-17 14:25:39,893 INFO     ___FILE_ONLY___ ═
2025-01-17 14:25:39,894 INFO     ___FILE_ONLY___ ═
2025-01-17 14:25:39,894 INFO     ___FILE_ONLY___ ═
2025-01-17 14:25:39,894 INFO     ___FILE_ONLY___ ═
2025-01-17 14:25:39,894 INFO     ___FILE_ONLY___ ═
2025-01-17 14:25:39,894 INFO     ___FILE_ONLY___ ═
2025-01-17 14:25:39,894 INFO     ___FILE_ONLY___ ═
2025-01-17 14:25:39,894 INFO     ___FILE_ONLY___ ═
2025-01-17 14:25:39,894 INFO     ___FILE_ONLY___ ═
2025-01-17 14:25:39,894 INFO     ___FILE_ONLY___ ═
2025-01-17 14:25:39,894 INFO     ___FILE_ONLY___ ╝

2025-01-17 14:25:39,896 INFO     ___FILE_ONLY___ ╔════════════════════════════════════════════════════════════╗

2025-01-17 14:25:39,897 INFO     ___FILE_ONLY___ ╠═ Downloading: BigQuery Command Line Tool (Platform Spe... ═╣

2025-01-17 14:25:39,897 INFO     ___FILE_ONLY___ ╚
2025-01-17 14:25:39,900 DEBUG    urllib3.connectionpool Starting new HTTPS connection (1): dl.google.com:443
2025-01-17 14:25:39,969 DEBUG    urllib3.connectionpool https://dl.google.com:443 "GET /dl/cloudsdk/channels/rapid/components/google-cloud-sdk-bq-nix-20240830134514.tar.gz HTTP/1.1" 200 1914
2025-01-17 14:25:39,970 INFO     ___FILE_ONLY___ ════════════════════════════════════════════════════════════
2025-01-17 14:25:39,970 INFO     ___FILE_ONLY___ ╝

2025-01-17 14:25:39,972 INFO     ___FILE_ONLY___ ╔════════════════════════════════════════════════════════════╗

2025-01-17 14:25:39,972 INFO     ___FILE_ONLY___ ╠═ Downloading: Bundled Python 3.11                         ═╣

2025-01-17 14:25:39,972 INFO     ___FILE_ONLY___ ╚
2025-01-17 14:25:39,972 INFO     ___FILE_ONLY___ ════════════════════════════════════════════════════════════
2025-01-17 14:25:39,972 INFO     ___FILE_ONLY___ ╝

2025-01-17 14:25:39,974 INFO     ___FILE_ONLY___ ╔════════════════════════════════════════════════════════════╗

2025-01-17 14:25:39,974 INFO     ___FILE_ONLY___ ╠═ Downloading: Bundled Python 3.11 (Platform Specific)     ═╣

2025-01-17 14:25:39,974 INFO     ___FILE_ONLY___ ╚
2025-01-17 14:25:39,977 DEBUG    urllib3.connectionpool Starting new HTTPS connection (1): dl.google.com:443
2025-01-17 14:25:40,047 DEBUG    urllib3.connectionpool https://dl.google.com:443 "GET /dl/cloudsdk/channels/rapid/components/google-cloud-sdk-bundled-python3-unix-linux-x86_64-20240920144119.tar.gz HTTP/1.1" 200 78001783
2025-01-17 14:25:40,296 INFO     ___FILE_ONLY___ ═
2025-01-17 14:25:40,298 INFO     ___FILE_ONLY___ ═
2025-01-17 14:25:40,300 INFO     ___FILE_ONLY___ ═
2025-01-17 14:25:40,302 INFO     ___FILE_ONLY___ ═
2025-01-17 14:25:40,303 INFO     ___FILE_ONLY___ ═
2025-01-17 14:25:40,305 INFO     ___FILE_ONLY___ ═
2025-01-17 14:25:40,307 INFO     ___FILE_ONLY___ ═
2025-01-17 14:25:40,308 INFO     ___FILE_ONLY___ ═
2025-01-17 14:25:40,310 INFO     ___FILE_ONLY___ ═
2025-01-17 14:25:40,312 INFO     ___FILE_ONLY___ ═
2025-01-17 14:25:40,313 INFO     ___FILE_ONLY___ ═
2025-01-17 14:25:40,315 INFO     ___FILE_ONLY___ ═
2025-01-17 14:25:40,317 INFO     ___FILE_ONLY___ ═
2025-01-17 14:25:40,318 INFO     ___FILE_ONLY___ ═
2025-01-17 14:25:40,320 INFO     ___FILE_ONLY___ ═
2025-01-17 14:25:40,322 INFO     ___FILE_ONLY___ ═
2025-01-17 14:25:40,323 INFO     ___FILE_ONLY___ ═
2025-01-17 14:25:40,325 INFO     ___FILE_ONLY___ ═
2025-01-17 14:25:40,327 INFO     ___FILE_ONLY___ ═
2025-01-17 14:25:40,328 INFO     ___FILE_ONLY___ ═
2025-01-17 14:25:40,330 INFO     ___FILE_ONLY___ ═
2025-01-17 14:25:40,331 INFO     ___FILE_ONLY___ ═
2025-01-17 14:25:40,333 INFO     ___FILE_ONLY___ ═
2025-01-17 14:25:40,335 INFO     ___FILE_ONLY___ ═
2025-01-17 14:25:40,336 INFO     ___FILE_ONLY___ ═
2025-01-17 14:25:40,338 INFO     ___FILE_ONLY___ ═
2025-01-17 14:25:40,339 INFO     ___FILE_ONLY___ ═
2025-01-17 14:25:40,341 INFO     ___FILE_ONLY___ ═
2025-01-17 14:25:40,343 INFO     ___FILE_ONLY___ ═
2025-01-17 14:25:40,344 INFO     ___FILE_ONLY___ ═
2025-01-17 14:25:40,346 INFO     ___FILE_ONLY___ ═
2025-01-17 14:25:40,347 INFO     ___FILE_ONLY___ ═
2025-01-17 14:25:40,349 INFO     ___FILE_ONLY___ ═
2025-01-17 14:25:40,350 INFO     ___FILE_ONLY___ ═
2025-01-17 14:25:40,352 INFO     ___FILE_ONLY___ ═
2025-01-17 14:25:40,354 INFO     ___FILE_ONLY___ ═
2025-01-17 14:25:40,355 INFO     ___FILE_ONLY___ ═
2025-01-17 14:25:40,357 INFO     ___FILE_ONLY___ ═
2025-01-17 14:25:40,358 INFO     ___FILE_ONLY___ ═
2025-01-17 14:25:40,360 INFO     ___FILE_ONLY___ ═
2025-01-17 14:25:40,362 INFO     ___FILE_ONLY___ ═
2025-01-17 14:25:40,363 INFO     ___FILE_ONLY___ ═
2025-01-17 14:25:40,365 INFO     ___FILE_ONLY___ ═
2025-01-17 14:25:40,366 INFO     ___FILE_ONLY___ ═
2025-01-17 14:25:40,368 INFO     ___FILE_ONLY___ ═
2025-01-17 14:25:40,370 INFO     ___FILE_ONLY___ ═
2025-01-17 14:25:40,371 INFO     ___FILE_ONLY___ ═
2025-01-17 14:25:40,373 INFO     ___FILE_ONLY___ ═
2025-01-17 14:25:40,374 INFO     ___FILE_ONLY___ ═
2025-01-17 14:25:40,376 INFO     ___FILE_ONLY___ ═
2025-01-17 14:25:40,378 INFO     ___FILE_ONLY___ ═
2025-01-17 14:25:40,379 INFO     ___FILE_ONLY___ ═
2025-01-17 14:25:40,381 INFO     ___FILE_ONLY___ ═
2025-01-17 14:25:40,382 INFO     ___FILE_ONLY___ ═
2025-01-17 14:25:40,384 INFO     ___FILE_ONLY___ ═
2025-01-17 14:25:40,386 INFO     ___FILE_ONLY___ ═
2025-01-17 14:25:40,387 INFO     ___FILE_ONLY___ ═
2025-01-17 14:25:40,389 INFO     ___FILE_ONLY___ ═
2025-01-17 14:25:40,390 INFO     ___FILE_ONLY___ ═
2025-01-17 14:25:40,392 INFO     ___FILE_ONLY___ ═
2025-01-17 14:25:40,392 INFO     ___FILE_ONLY___ ╝

2025-01-17 14:25:40,395 INFO     ___FILE_ONLY___ ╔════════════════════════════════════════════════════════════╗

2025-01-17 14:25:40,395 INFO     ___FILE_ONLY___ ╠═ Downloading: Cloud Storage Command Line Tool             ═╣

2025-01-17 14:25:40,395 INFO     ___FILE_ONLY___ ╚
2025-01-17 14:25:40,398 DEBUG    urllib3.connectionpool Starting new HTTPS connection (1): dl.google.com:443
2025-01-17 14:25:40,470 DEBUG    urllib3.connectionpool https://dl.google.com:443 "GET /dl/cloudsdk/channels/rapid/components/google-cloud-sdk-gsutil-20241213184646.tar.gz HTTP/1.1" 200 12368759
2025-01-17 14:25:40,505 INFO     ___FILE_ONLY___ ═
2025-01-17 14:25:40,505 INFO     ___FILE_ONLY___ ═
2025-01-17 14:25:40,506 INFO     ___FILE_ONLY___ ═
2025-01-17 14:25:40,506 INFO     ___FILE_ONLY___ ═
2025-01-17 14:25:40,506 INFO     ___FILE_ONLY___ ═
2025-01-17 14:25:40,507 INFO     ___FILE_ONLY___ ═
2025-01-17 14:25:40,507 INFO     ___FILE_ONLY___ ═
2025-01-17 14:25:40,507 INFO     ___FILE_ONLY___ ═
2025-01-17 14:25:40,507 INFO     ___FILE_ONLY___ ═
2025-01-17 14:25:40,508 INFO     ___FILE_ONLY___ ═
2025-01-17 14:25:40,508 INFO     ___FILE_ONLY___ ═
2025-01-17 14:25:40,508 INFO     ___FILE_ONLY___ ═
2025-01-17 14:25:40,509 INFO     ___FILE_ONLY___ ═
2025-01-17 14:25:40,509 INFO     ___FILE_ONLY___ ═
2025-01-17 14:25:40,509 INFO     ___FILE_ONLY___ ═
2025-01-17 14:25:40,510 INFO     ___FILE_ONLY___ ═
2025-01-17 14:25:40,510 INFO     ___FILE_ONLY___ ═
2025-01-17 14:25:40,510 INFO     ___FILE_ONLY___ ═
2025-01-17 14:25:40,511 INFO     ___FILE_ONLY___ ═
2025-01-17 14:25:40,511 INFO     ___FILE_ONLY___ ═
2025-01-17 14:25:40,511 INFO     ___FILE_ONLY___ ═
2025-01-17 14:25:40,511 INFO     ___FILE_ONLY___ ═
2025-01-17 14:25:40,512 INFO     ___FILE_ONLY___ ═
2025-01-17 14:25:40,512 INFO     ___FILE_ONLY___ ═
2025-01-17 14:25:40,512 INFO     ___FILE_ONLY___ ═
2025-01-17 14:25:40,513 INFO     ___FILE_ONLY___ ═
2025-01-17 14:25:40,513 INFO     ___FILE_ONLY___ ═
2025-01-17 14:25:40,513 INFO     ___FILE_ONLY___ ═
2025-01-17 14:25:40,514 INFO     ___FILE_ONLY___ ═
2025-01-17 14:25:40,514 INFO     ___FILE_ONLY___ ═
2025-01-17 14:25:40,514 INFO     ___FILE_ONLY___ ═
2025-01-17 14:25:40,515 INFO     ___FILE_ONLY___ ═
2025-01-17 14:25:40,515 INFO     ___FILE_ONLY___ ═
2025-01-17 14:25:40,515 INFO     ___FILE_ONLY___ ═
2025-01-17 14:25:40,515 INFO     ___FILE_ONLY___ ═
2025-01-17 14:25:40,516 INFO     ___FILE_ONLY___ ═
2025-01-17 14:25:40,516 INFO     ___FILE_ONLY___ ═
2025-01-17 14:25:40,516 INFO     ___FILE_ONLY___ ═
2025-01-17 14:25:40,517 INFO     ___FILE_ONLY___ ═
2025-01-17 14:25:40,517 INFO     ___FILE_ONLY___ ═
2025-01-17 14:25:40,517 INFO     ___FILE_ONLY___ ═
2025-01-17 14:25:40,517 INFO     ___FILE_ONLY___ ═
2025-01-17 14:25:40,518 INFO     ___FILE_ONLY___ ═
2025-01-17 14:25:40,518 INFO     ___FILE_ONLY___ ═
2025-01-17 14:25:40,518 INFO     ___FILE_ONLY___ ═
2025-01-17 14:25:40,519 INFO     ___FILE_ONLY___ ═
2025-01-17 14:25:40,519 INFO     ___FILE_ONLY___ ═
2025-01-17 14:25:40,519 INFO     ___FILE_ONLY___ ═
2025-01-17 14:25:40,520 INFO     ___FILE_ONLY___ ═
2025-01-17 14:25:40,520 INFO     ___FILE_ONLY___ ═
2025-01-17 14:25:40,520 INFO     ___FILE_ONLY___ ═
2025-01-17 14:25:40,520 INFO     ___FILE_ONLY___ ═
2025-01-17 14:25:40,521 INFO     ___FILE_ONLY___ ═
2025-01-17 14:25:40,521 INFO     ___FILE_ONLY___ ═
2025-01-17 14:25:40,521 INFO     ___FILE_ONLY___ ═
2025-01-17 14:25:40,522 INFO     ___FILE_ONLY___ ═
2025-01-17 14:25:40,522 INFO     ___FILE_ONLY___ ═
2025-01-17 14:25:40,522 INFO     ___FILE_ONLY___ ═
2025-01-17 14:25:40,523 INFO     ___FILE_ONLY___ ═
2025-01-17 14:25:40,523 INFO     ___FILE_ONLY___ ═
2025-01-17 14:25:40,523 INFO     ___FILE_ONLY___ ╝

2025-01-17 14:25:40,525 INFO     ___FILE_ONLY___ ╔════════════════════════════════════════════════════════════╗

2025-01-17 14:25:40,525 INFO     ___FILE_ONLY___ ╠═ Downloading: Cloud Storage Command Line Tool (Platfor... ═╣

2025-01-17 14:25:40,525 INFO     ___FILE_ONLY___ ╚
2025-01-17 14:25:40,528 DEBUG    urllib3.connectionpool Starting new HTTPS connection (1): dl.google.com:443
2025-01-17 14:25:40,598 DEBUG    urllib3.connectionpool https://dl.google.com:443 "GET /dl/cloudsdk/channels/rapid/components/google-cloud-sdk-gsutil-nix-20240830134514.tar.gz HTTP/1.1" 200 1928
2025-01-17 14:25:40,599 INFO     ___FILE_ONLY___ ════════════════════════════════════════════════════════════
2025-01-17 14:25:40,599 INFO     ___FILE_ONLY___ ╝

2025-01-17 14:25:40,601 INFO     ___FILE_ONLY___ ╔════════════════════════════════════════════════════════════╗

2025-01-17 14:25:40,601 INFO     ___FILE_ONLY___ ╠═ Downloading: Default set of gcloud commands              ═╣

2025-01-17 14:25:40,601 INFO     ___FILE_ONLY___ ╚
2025-01-17 14:25:40,601 INFO     ___FILE_ONLY___ ════════════════════════════════════════════════════════════
2025-01-17 14:25:40,601 INFO     ___FILE_ONLY___ ╝

2025-01-17 14:25:40,603 INFO     ___FILE_ONLY___ ╔════════════════════════════════════════════════════════════╗

2025-01-17 14:25:40,603 INFO     ___FILE_ONLY___ ╠═ Downloading: Google Cloud CLI Core Libraries (Platfor... ═╣

2025-01-17 14:25:40,603 INFO     ___FILE_ONLY___ ╚
2025-01-17 14:25:40,607 DEBUG    urllib3.connectionpool Starting new HTTPS connection (1): dl.google.com:443
2025-01-17 14:25:40,675 DEBUG    urllib3.connectionpool https://dl.google.com:443 "GET /dl/cloudsdk/channels/rapid/components/google-cloud-sdk-core-nix-20240830134514.tar.gz HTTP/1.1" 200 2306
2025-01-17 14:25:40,676 INFO     ___FILE_ONLY___ ════════════════════════════════════════════════════════════
2025-01-17 14:25:40,676 INFO     ___FILE_ONLY___ ╝

2025-01-17 14:25:40,678 INFO     ___FILE_ONLY___ ╔════════════════════════════════════════════════════════════╗

2025-01-17 14:25:40,678 INFO     ___FILE_ONLY___ ╠═ Downloading: Google Cloud CRC32C Hash Tool               ═╣

2025-01-17 14:25:40,678 INFO     ___FILE_ONLY___ ╚
2025-01-17 14:25:40,678 INFO     ___FILE_ONLY___ ════════════════════════════════════════════════════════════
2025-01-17 14:25:40,678 INFO     ___FILE_ONLY___ ╝

2025-01-17 14:25:40,679 INFO     ___FILE_ONLY___ ╔════════════════════════════════════════════════════════════╗

2025-01-17 14:25:40,680 INFO     ___FILE_ONLY___ ╠═ Downloading: Google Cloud CRC32C Hash Tool (Platform ... ═╣

2025-01-17 14:25:40,680 INFO     ___FILE_ONLY___ ╚
2025-01-17 14:25:40,682 DEBUG    urllib3.connectionpool Starting new HTTPS connection (1): dl.google.com:443
2025-01-17 14:25:40,747 DEBUG    urllib3.connectionpool https://dl.google.com:443 "GET /dl/cloudsdk/channels/rapid/components/google-cloud-sdk-gcloud-crc32c-linux-x86_64-20250110133808.tar.gz HTTP/1.1" 200 1478989
2025-01-17 14:25:40,757 INFO     ___FILE_ONLY___ ═
2025-01-17 14:25:40,757 INFO     ___FILE_ONLY___ ═
2025-01-17 14:25:40,757 INFO     ___FILE_ONLY___ ═
2025-01-17 14:25:40,757 INFO     ___FILE_ONLY___ ═
2025-01-17 14:25:40,757 INFO     ___FILE_ONLY___ ═
2025-01-17 14:25:40,757 INFO     ___FILE_ONLY___ ═
2025-01-17 14:25:40,757 INFO     ___FILE_ONLY___ ═
2025-01-17 14:25:40,757 INFO     ___FILE_ONLY___ ═
2025-01-17 14:25:40,757 INFO     ___FILE_ONLY___ ═
2025-01-17 14:25:40,758 INFO     ___FILE_ONLY___ ═
2025-01-17 14:25:40,758 INFO     ___FILE_ONLY___ ═
2025-01-17 14:25:40,758 INFO     ___FILE_ONLY___ ═
2025-01-17 14:25:40,758 INFO     ___FILE_ONLY___ ═
2025-01-17 14:25:40,758 INFO     ___FILE_ONLY___ ═
2025-01-17 14:25:40,758 INFO     ___FILE_ONLY___ ═
2025-01-17 14:25:40,758 INFO     ___FILE_ONLY___ ═
2025-01-17 14:25:40,758 INFO     ___FILE_ONLY___ ═
2025-01-17 14:25:40,758 INFO     ___FILE_ONLY___ ═
2025-01-17 14:25:40,758 INFO     ___FILE_ONLY___ ═
2025-01-17 14:25:40,758 INFO     ___FILE_ONLY___ ═
2025-01-17 14:25:40,758 INFO     ___FILE_ONLY___ ═
2025-01-17 14:25:40,759 INFO     ___FILE_ONLY___ ═
2025-01-17 14:25:40,759 INFO     ___FILE_ONLY___ ═
2025-01-17 14:25:40,759 INFO     ___FILE_ONLY___ ═
2025-01-17 14:25:40,759 INFO     ___FILE_ONLY___ ═
2025-01-17 14:25:40,759 INFO     ___FILE_ONLY___ ═
2025-01-17 14:25:40,759 INFO     ___FILE_ONLY___ ═
2025-01-17 14:25:40,759 INFO     ___FILE_ONLY___ ═
2025-01-17 14:25:40,759 INFO     ___FILE_ONLY___ ═
2025-01-17 14:25:40,759 INFO     ___FILE_ONLY___ ═
2025-01-17 14:25:40,759 INFO     ___FILE_ONLY___ ═
2025-01-17 14:25:40,759 INFO     ___FILE_ONLY___ ═
2025-01-17 14:25:40,759 INFO     ___FILE_ONLY___ ═
2025-01-17 14:25:40,759 INFO     ___FILE_ONLY___ ═
2025-01-17 14:25:40,760 INFO     ___FILE_ONLY___ ═
2025-01-17 14:25:40,760 INFO     ___FILE_ONLY___ ═
2025-01-17 14:25:40,760 INFO     ___FILE_ONLY___ ═
2025-01-17 14:25:40,760 INFO     ___FILE_ONLY___ ═
2025-01-17 14:25:40,760 INFO     ___FILE_ONLY___ ═
2025-01-17 14:25:40,760 INFO     ___FILE_ONLY___ ═
2025-01-17 14:25:40,760 INFO     ___FILE_ONLY___ ═
2025-01-17 14:25:40,760 INFO     ___FILE_ONLY___ ═
2025-01-17 14:25:40,760 INFO     ___FILE_ONLY___ ═
2025-01-17 14:25:40,760 INFO     ___FILE_ONLY___ ═
2025-01-17 14:25:40,760 INFO     ___FILE_ONLY___ ═
2025-01-17 14:25:40,760 INFO     ___FILE_ONLY___ ═
2025-01-17 14:25:40,761 INFO     ___FILE_ONLY___ ═
2025-01-17 14:25:40,761 INFO     ___FILE_ONLY___ ═
2025-01-17 14:25:40,761 INFO     ___FILE_ONLY___ ═
2025-01-17 14:25:40,761 INFO     ___FILE_ONLY___ ═
2025-01-17 14:25:40,761 INFO     ___FILE_ONLY___ ═
2025-01-17 14:25:40,761 INFO     ___FILE_ONLY___ ═
2025-01-17 14:25:40,761 INFO     ___FILE_ONLY___ ═
2025-01-17 14:25:40,761 INFO     ___FILE_ONLY___ ═
2025-01-17 14:25:40,761 INFO     ___FILE_ONLY___ ═
2025-01-17 14:25:40,761 INFO     ___FILE_ONLY___ ═
2025-01-17 14:25:40,761 INFO     ___FILE_ONLY___ ═
2025-01-17 14:25:40,761 INFO     ___FILE_ONLY___ ═
2025-01-17 14:25:40,761 INFO     ___FILE_ONLY___ ═
2025-01-17 14:25:40,762 INFO     ___FILE_ONLY___ ═
2025-01-17 14:25:40,762 INFO     ___FILE_ONLY___ ╝

2025-01-17 14:25:40,764 INFO     ___FILE_ONLY___ ╔════════════════════════════════════════════════════════════╗

2025-01-17 14:25:40,764 INFO     ___FILE_ONLY___ ╠═ Downloading: gcloud cli dependencies (Platform Specific) ═╣

2025-01-17 14:25:40,764 INFO     ___FILE_ONLY___ ╚
2025-01-17 14:25:40,775 DEBUG    urllib3.connectionpool Starting new HTTPS connection (1): dl.google.com:443
2025-01-17 14:25:40,845 DEBUG    urllib3.connectionpool https://dl.google.com:443 "GET /dl/cloudsdk/channels/rapid/components/google-cloud-sdk-gcloud-deps-linux-x86_64-20210416153011.tar.gz HTTP/1.1" 200 104
2025-01-17 14:25:40,845 INFO     ___FILE_ONLY___ ════════════════════════════════════════════════════════════
2025-01-17 14:25:40,845 INFO     ___FILE_ONLY___ ╝

2025-01-17 14:25:40,847 INFO     ___FILE_ONLY___ ╔════════════════════════════════════════════════════════════╗

2025-01-17 14:25:40,847 INFO     ___FILE_ONLY___ ╠═ Installing: BigQuery Command Line Tool                   ═╣

2025-01-17 14:25:40,847 INFO     ___FILE_ONLY___ ╚
2025-01-17 14:25:40,935 INFO     ___FILE_ONLY___ ═
2025-01-17 14:25:40,938 INFO     ___FILE_ONLY___ ═
2025-01-17 14:25:40,940 INFO     ___FILE_ONLY___ ═
2025-01-17 14:25:40,942 INFO     ___FILE_ONLY___ ═
2025-01-17 14:25:40,945 INFO     ___FILE_ONLY___ ═
2025-01-17 14:25:40,947 INFO     ___FILE_ONLY___ ═
2025-01-17 14:25:40,949 INFO     ___FILE_ONLY___ ═
2025-01-17 14:25:40,951 INFO     ___FILE_ONLY___ ═
2025-01-17 14:25:40,954 INFO     ___FILE_ONLY___ ═
2025-01-17 14:25:40,956 INFO     ___FILE_ONLY___ ═
2025-01-17 14:25:40,958 INFO     ___FILE_ONLY___ ═
2025-01-17 14:25:40,960 INFO     ___FILE_ONLY___ ═
2025-01-17 14:25:40,962 INFO     ___FILE_ONLY___ ═
2025-01-17 14:25:40,964 INFO     ___FILE_ONLY___ ═
2025-01-17 14:25:40,966 INFO     ___FILE_ONLY___ ═
2025-01-17 14:25:40,968 INFO     ___FILE_ONLY___ ═
2025-01-17 14:25:40,970 INFO     ___FILE_ONLY___ ═
2025-01-17 14:25:40,973 INFO     ___FILE_ONLY___ ═
2025-01-17 14:25:40,975 INFO     ___FILE_ONLY___ ═
2025-01-17 14:25:40,978 INFO     ___FILE_ONLY___ ═
2025-01-17 14:25:40,980 INFO     ___FILE_ONLY___ ═
2025-01-17 14:25:40,982 INFO     ___FILE_ONLY___ ═
2025-01-17 14:25:40,984 INFO     ___FILE_ONLY___ ═
2025-01-17 14:25:40,986 INFO     ___FILE_ONLY___ ═
2025-01-17 14:25:40,988 INFO     ___FILE_ONLY___ ═
2025-01-17 14:25:40,990 INFO     ___FILE_ONLY___ ═
2025-01-17 14:25:40,992 INFO     ___FILE_ONLY___ ═
2025-01-17 14:25:40,994 INFO     ___FILE_ONLY___ ═
2025-01-17 14:25:40,997 INFO     ___FILE_ONLY___ ═
2025-01-17 14:25:40,999 INFO     ___FILE_ONLY___ ═
2025-01-17 14:25:41,002 INFO     ___FILE_ONLY___ ═
2025-01-17 14:25:41,004 INFO     ___FILE_ONLY___ ═
2025-01-17 14:25:41,007 INFO     ___FILE_ONLY___ ═
2025-01-17 14:25:41,011 INFO     ___FILE_ONLY___ ═
2025-01-17 14:25:41,019 INFO     ___FILE_ONLY___ ═
2025-01-17 14:25:41,020 INFO     ___FILE_ONLY___ ═
2025-01-17 14:25:41,023 INFO     ___FILE_ONLY___ ═
2025-01-17 14:25:41,028 INFO     ___FILE_ONLY___ ═
2025-01-17 14:25:41,030 INFO     ___FILE_ONLY___ ═
2025-01-17 14:25:41,032 INFO     ___FILE_ONLY___ ═
2025-01-17 14:25:41,034 INFO     ___FILE_ONLY___ ═
2025-01-17 14:25:41,037 INFO     ___FILE_ONLY___ ═
2025-01-17 14:25:41,041 INFO     ___FILE_ONLY___ ═
2025-01-17 14:25:41,044 INFO     ___FILE_ONLY___ ═
2025-01-17 14:25:41,045 INFO     ___FILE_ONLY___ ═
2025-01-17 14:25:41,048 INFO     ___FILE_ONLY___ ═
2025-01-17 14:25:41,050 INFO     ___FILE_ONLY___ ═
2025-01-17 14:25:41,052 INFO     ___FILE_ONLY___ ═
2025-01-17 14:25:41,054 INFO     ___FILE_ONLY___ ═
2025-01-17 14:25:41,056 INFO     ___FILE_ONLY___ ═
2025-01-17 14:25:41,058 INFO     ___FILE_ONLY___ ═
2025-01-17 14:25:41,060 INFO     ___FILE_ONLY___ ═
2025-01-17 14:25:41,062 INFO     ___FILE_ONLY___ ═
2025-01-17 14:25:41,064 INFO     ___FILE_ONLY___ ═
2025-01-17 14:25:41,067 INFO     ___FILE_ONLY___ ═
2025-01-17 14:25:41,069 INFO     ___FILE_ONLY___ ═
2025-01-17 14:25:41,071 INFO     ___FILE_ONLY___ ═
2025-01-17 14:25:41,073 INFO     ___FILE_ONLY___ ═
2025-01-17 14:25:41,075 INFO     ___FILE_ONLY___ ═
2025-01-17 14:25:41,077 INFO     ___FILE_ONLY___ ═
2025-01-17 14:25:41,077 INFO     ___FILE_ONLY___ ╝

2025-01-17 14:25:41,085 INFO     ___FILE_ONLY___ ╔════════════════════════════════════════════════════════════╗

2025-01-17 14:25:41,085 INFO     ___FILE_ONLY___ ╠═ Installing: BigQuery Command Line Tool (Platform Spec... ═╣

2025-01-17 14:25:41,085 INFO     ___FILE_ONLY___ ╚
2025-01-17 14:25:41,086 INFO     ___FILE_ONLY___ ════════════════════════════════════════════════════════════
2025-01-17 14:25:41,086 INFO     ___FILE_ONLY___ ╝

2025-01-17 14:25:41,090 INFO     ___FILE_ONLY___ ╔════════════════════════════════════════════════════════════╗

2025-01-17 14:25:41,090 INFO     ___FILE_ONLY___ ╠═ Installing: Bundled Python 3.11                          ═╣

2025-01-17 14:25:41,090 INFO     ___FILE_ONLY___ ╚
2025-01-17 14:25:41,093 INFO     ___FILE_ONLY___ ════════════════════════════════════════════════════════════
2025-01-17 14:25:41,093 INFO     ___FILE_ONLY___ ╝

2025-01-17 14:25:41,095 INFO     ___FILE_ONLY___ ╔════════════════════════════════════════════════════════════╗

2025-01-17 14:25:41,095 INFO     ___FILE_ONLY___ ╠═ Installing: Bundled Python 3.11 (Platform Specific)      ═╣

2025-01-17 14:25:41,095 INFO     ___FILE_ONLY___ ╚
2025-01-17 14:25:42,985 INFO     ___FILE_ONLY___ ═
2025-01-17 14:25:43,000 INFO     ___FILE_ONLY___ ═
2025-01-17 14:25:43,014 INFO     ___FILE_ONLY___ ═
2025-01-17 14:25:43,026 INFO     ___FILE_ONLY___ ═
2025-01-17 14:25:43,039 INFO     ___FILE_ONLY___ ═
2025-01-17 14:25:43,052 INFO     ___FILE_ONLY___ ═
2025-01-17 14:25:43,065 INFO     ___FILE_ONLY___ ═
2025-01-17 14:25:43,078 INFO     ___FILE_ONLY___ ═
2025-01-17 14:25:43,091 INFO     ___FILE_ONLY___ ═
2025-01-17 14:25:43,104 INFO     ___FILE_ONLY___ ═
2025-01-17 14:25:43,116 INFO     ___FILE_ONLY___ ═
2025-01-17 14:25:43,128 INFO     ___FILE_ONLY___ ═
2025-01-17 14:25:43,141 INFO     ___FILE_ONLY___ ═
2025-01-17 14:25:43,154 INFO     ___FILE_ONLY___ ═
2025-01-17 14:25:43,172 INFO     ___FILE_ONLY___ ═
2025-01-17 14:25:43,185 INFO     ___FILE_ONLY___ ═
2025-01-17 14:25:43,198 INFO     ___FILE_ONLY___ ═
2025-01-17 14:25:43,211 INFO     ___FILE_ONLY___ ═
2025-01-17 14:25:43,224 INFO     ___FILE_ONLY___ ═
2025-01-17 14:25:43,237 INFO     ___FILE_ONLY___ ═
2025-01-17 14:25:43,249 INFO     ___FILE_ONLY___ ═
2025-01-17 14:25:43,262 INFO     ___FILE_ONLY___ ═
2025-01-17 14:25:43,275 INFO     ___FILE_ONLY___ ═
2025-01-17 14:25:43,288 INFO     ___FILE_ONLY___ ═
2025-01-17 14:25:43,301 INFO     ___FILE_ONLY___ ═
2025-01-17 14:25:43,314 INFO     ___FILE_ONLY___ ═
2025-01-17 14:25:43,327 INFO     ___FILE_ONLY___ ═
2025-01-17 14:25:43,339 INFO     ___FILE_ONLY___ ═
2025-01-17 14:25:43,353 INFO     ___FILE_ONLY___ ═
2025-01-17 14:25:43,365 INFO     ___FILE_ONLY___ ═
2025-01-17 14:25:43,377 INFO     ___FILE_ONLY___ ═
2025-01-17 14:25:43,390 INFO     ___FILE_ONLY___ ═
2025-01-17 14:25:43,402 INFO     ___FILE_ONLY___ ═
2025-01-17 14:25:43,414 INFO     ___FILE_ONLY___ ═
2025-01-17 14:25:43,427 INFO     ___FILE_ONLY___ ═
2025-01-17 14:25:43,439 INFO     ___FILE_ONLY___ ═
2025-01-17 14:25:44,164 INFO     ___FILE_ONLY___ ═
2025-01-17 14:25:44,189 INFO     ___FILE_ONLY___ ═
2025-01-17 14:25:44,211 INFO     ___FILE_ONLY___ ═
2025-01-17 14:25:44,231 INFO     ___FILE_ONLY___ ═
2025-01-17 14:25:44,253 INFO     ___FILE_ONLY___ ═
2025-01-17 14:25:44,394 INFO     ___FILE_ONLY___ ═
2025-01-17 14:25:44,423 INFO     ___FILE_ONLY___ ═
2025-01-17 14:25:44,443 INFO     ___FILE_ONLY___ ═
2025-01-17 14:25:44,459 INFO     ___FILE_ONLY___ ═
2025-01-17 14:25:44,477 INFO     ___FILE_ONLY___ ═
2025-01-17 14:25:44,505 INFO     ___FILE_ONLY___ ═
2025-01-17 14:25:44,527 INFO     ___FILE_ONLY___ ═
2025-01-17 14:25:44,545 INFO     ___FILE_ONLY___ ═
2025-01-17 14:25:44,559 INFO     ___FILE_ONLY___ ═
2025-01-17 14:25:44,650 INFO     ___FILE_ONLY___ ═
2025-01-17 14:25:44,670 INFO     ___FILE_ONLY___ ═
2025-01-17 14:25:44,689 INFO     ___FILE_ONLY___ ═
2025-01-17 14:25:44,707 INFO     ___FILE_ONLY___ ═
2025-01-17 14:25:44,751 INFO     ___FILE_ONLY___ ═
2025-01-17 14:25:45,109 INFO     ___FILE_ONLY___ ═
2025-01-17 14:25:45,128 INFO     ___FILE_ONLY___ ═
2025-01-17 14:25:45,149 INFO     ___FILE_ONLY___ ═
2025-01-17 14:25:45,167 INFO     ___FILE_ONLY___ ═
2025-01-17 14:25:45,532 INFO     ___FILE_ONLY___ ═
2025-01-17 14:25:45,532 INFO     ___FILE_ONLY___ ╝

2025-01-17 14:25:45,582 INFO     ___FILE_ONLY___ ╔════════════════════════════════════════════════════════════╗

2025-01-17 14:25:45,582 INFO     ___FILE_ONLY___ ╠═ Installing: Cloud Storage Command Line Tool              ═╣

2025-01-17 14:25:45,582 INFO     ___FILE_ONLY___ ╚
2025-01-17 14:25:46,103 INFO     ___FILE_ONLY___ ═
2025-01-17 14:25:46,120 INFO     ___FILE_ONLY___ ═
2025-01-17 14:25:46,141 INFO     ___FILE_ONLY___ ═
2025-01-17 14:25:46,158 INFO     ___FILE_ONLY___ ═
2025-01-17 14:25:46,173 INFO     ___FILE_ONLY___ ═
2025-01-17 14:25:46,186 INFO     ___FILE_ONLY___ ═
2025-01-17 14:25:46,200 INFO     ___FILE_ONLY___ ═
2025-01-17 14:25:46,213 INFO     ___FILE_ONLY___ ═
2025-01-17 14:25:46,228 INFO     ___FILE_ONLY___ ═
2025-01-17 14:25:46,241 INFO     ___FILE_ONLY___ ═
2025-01-17 14:25:46,254 INFO     ___FILE_ONLY___ ═
2025-01-17 14:25:46,267 INFO     ___FILE_ONLY___ ═
2025-01-17 14:25:46,276 INFO     ___FILE_ONLY___ ═
2025-01-17 14:25:46,286 INFO     ___FILE_ONLY___ ═
2025-01-17 14:25:46,297 INFO     ___FILE_ONLY___ ═
2025-01-17 14:25:46,307 INFO     ___FILE_ONLY___ ═
2025-01-17 14:25:46,318 INFO     ___FILE_ONLY___ ═
2025-01-17 14:25:46,329 INFO     ___FILE_ONLY___ ═
2025-01-17 14:25:46,341 INFO     ___FILE_ONLY___ ═
2025-01-17 14:25:46,351 INFO     ___FILE_ONLY___ ═
2025-01-17 14:25:46,364 INFO     ___FILE_ONLY___ ═
2025-01-17 14:25:46,378 INFO     ___FILE_ONLY___ ═
2025-01-17 14:25:46,393 INFO     ___FILE_ONLY___ ═
2025-01-17 14:25:46,403 INFO     ___FILE_ONLY___ ═
2025-01-17 14:25:46,416 INFO     ___FILE_ONLY___ ═
2025-01-17 14:25:46,431 INFO     ___FILE_ONLY___ ═
2025-01-17 14:25:46,448 INFO     ___FILE_ONLY___ ═
2025-01-17 14:25:46,467 INFO     ___FILE_ONLY___ ═
2025-01-17 14:25:46,484 INFO     ___FILE_ONLY___ ═
2025-01-17 14:25:46,504 INFO     ___FILE_ONLY___ ═
2025-01-17 14:25:46,515 INFO     ___FILE_ONLY___ ═
2025-01-17 14:25:46,527 INFO     ___FILE_ONLY___ ═
2025-01-17 14:25:46,545 INFO     ___FILE_ONLY___ ═
2025-01-17 14:25:46,558 INFO     ___FILE_ONLY___ ═
2025-01-17 14:25:46,570 INFO     ___FILE_ONLY___ ═
2025-01-17 14:25:46,581 INFO     ___FILE_ONLY___ ═
2025-01-17 14:25:46,592 INFO     ___FILE_ONLY___ ═
2025-01-17 14:25:46,603 INFO     ___FILE_ONLY___ ═
2025-01-17 14:25:46,614 INFO     ___FILE_ONLY___ ═
2025-01-17 14:25:46,626 INFO     ___FILE_ONLY___ ═
2025-01-17 14:25:46,636 INFO     ___FILE_ONLY___ ═
2025-01-17 14:25:46,650 INFO     ___FILE_ONLY___ ═
2025-01-17 14:25:46,661 INFO     ___FILE_ONLY___ ═
2025-01-17 14:25:46,674 INFO     ___FILE_ONLY___ ═
2025-01-17 14:25:46,690 INFO     ___FILE_ONLY___ ═
2025-01-17 14:25:46,702 INFO     ___FILE_ONLY___ ═
2025-01-17 14:25:46,711 INFO     ___FILE_ONLY___ ═
2025-01-17 14:25:46,722 INFO     ___FILE_ONLY___ ═
2025-01-17 14:25:46,733 INFO     ___FILE_ONLY___ ═
2025-01-17 14:25:46,747 INFO     ___FILE_ONLY___ ═
2025-01-17 14:25:46,764 INFO     ___FILE_ONLY___ ═
2025-01-17 14:25:46,777 INFO     ___FILE_ONLY___ ═
2025-01-17 14:25:46,793 INFO     ___FILE_ONLY___ ═
2025-01-17 14:25:46,806 INFO     ___FILE_ONLY___ ═
2025-01-17 14:25:46,842 INFO     ___FILE_ONLY___ ═
2025-01-17 14:25:46,852 INFO     ___FILE_ONLY___ ═
2025-01-17 14:25:46,862 INFO     ___FILE_ONLY___ ═
2025-01-17 14:25:46,874 INFO     ___FILE_ONLY___ ═
2025-01-17 14:25:46,885 INFO     ___FILE_ONLY___ ═
2025-01-17 14:25:46,900 INFO     ___FILE_ONLY___ ═
2025-01-17 14:25:46,900 INFO     ___FILE_ONLY___ ╝

2025-01-17 14:25:46,931 INFO     ___FILE_ONLY___ ╔════════════════════════════════════════════════════════════╗

2025-01-17 14:25:46,931 INFO     ___FILE_ONLY___ ╠═ Installing: Cloud Storage Command Line Tool (Platform... ═╣

2025-01-17 14:25:46,931 INFO     ___FILE_ONLY___ ╚
2025-01-17 14:25:46,932 INFO     ___FILE_ONLY___ ════════════════════════════════════════════════════════════
2025-01-17 14:25:46,932 INFO     ___FILE_ONLY___ ╝

2025-01-17 14:25:46,937 INFO     ___FILE_ONLY___ ╔════════════════════════════════════════════════════════════╗

2025-01-17 14:25:46,937 INFO     ___FILE_ONLY___ ╠═ Installing: Default set of gcloud commands               ═╣

2025-01-17 14:25:46,937 INFO     ___FILE_ONLY___ ╚
2025-01-17 14:25:46,939 INFO     ___FILE_ONLY___ ════════════════════════════════════════════════════════════
2025-01-17 14:25:46,939 INFO     ___FILE_ONLY___ ╝

2025-01-17 14:25:46,941 INFO     ___FILE_ONLY___ ╔════════════════════════════════════════════════════════════╗

2025-01-17 14:25:46,941 INFO     ___FILE_ONLY___ ╠═ Installing: Google Cloud CLI Core Libraries (Platform... ═╣

2025-01-17 14:25:46,941 INFO     ___FILE_ONLY___ ╚
2025-01-17 14:25:46,942 INFO     ___FILE_ONLY___ ══════════════════════════════
2025-01-17 14:25:46,942 INFO     ___FILE_ONLY___ ══════════════════════════════
2025-01-17 14:25:46,942 INFO     ___FILE_ONLY___ ╝

2025-01-17 14:25:46,946 INFO     ___FILE_ONLY___ ╔════════════════════════════════════════════════════════════╗

2025-01-17 14:25:46,946 INFO     ___FILE_ONLY___ ╠═ Installing: Google Cloud CRC32C Hash Tool                ═╣

2025-01-17 14:25:46,947 INFO     ___FILE_ONLY___ ╚
2025-01-17 14:25:46,949 INFO     ___FILE_ONLY___ ════════════════════════════════════════════════════════════
2025-01-17 14:25:46,949 INFO     ___FILE_ONLY___ ╝

2025-01-17 14:25:46,951 INFO     ___FILE_ONLY___ ╔════════════════════════════════════════════════════════════╗

2025-01-17 14:25:46,951 INFO     ___FILE_ONLY___ ╠═ Installing: Google Cloud CRC32C Hash Tool (Platform S... ═╣

2025-01-17 14:25:46,951 INFO     ___FILE_ONLY___ ╚
2025-01-17 14:25:46,989 INFO     ___FILE_ONLY___ ══════════════════════════════
2025-01-17 14:25:46,990 INFO     ___FILE_ONLY___ ══════════════════════════════
2025-01-17 14:25:46,990 INFO     ___FILE_ONLY___ ╝

2025-01-17 14:25:46,995 INFO     ___FILE_ONLY___ ╔════════════════════════════════════════════════════════════╗

2025-01-17 14:25:46,995 INFO     ___FILE_ONLY___ ╠═ Installing: gcloud cli dependencies (Platform Specific)  ═╣

2025-01-17 14:25:46,995 INFO     ___FILE_ONLY___ ╚
2025-01-17 14:25:46,995 INFO     ___FILE_ONLY___ ════════════════════════════════════════════════════════════
2025-01-17 14:25:46,995 INFO     ___FILE_ONLY___ ╝

2025-01-17 14:25:47,000 DEBUG    root            Updating notification cache...
2025-01-17 14:25:47,000 INFO     ___FILE_ONLY___ 

2025-01-17 14:25:47,002 INFO     ___FILE_ONLY___ Performing post processing steps...
2025-01-17 14:25:47,003 DEBUG    root            Executing command: ['/tools/google-cloud-sdk/bin/gcloud', 'components', 'post-process']
2025-01-17 14:25:54,746 DEBUG    ___FILE_ONLY___ 
2025-01-17 14:25:54,746 DEBUG    ___FILE_ONLY___ 
2025-01-17 14:25:54,778 INFO     ___FILE_ONLY___ 
Update done!


2025-01-17 14:25:54,781 DEBUG    root            Chosen display Format:none
2025-01-17 14:25:54,781 INFO     root            Display format: "none"
