2025-01-17 14:25:55,332 DEBUG    root            Loaded Command Group: ['gcloud', 'components']
2025-01-17 14:25:55,334 DEBUG    root            Loaded Command Group: ['gcloud', 'components', 'update']
2025-01-17 14:25:55,336 DEBUG    root            Running [gcloud.components.update] with arguments: [--quiet: "True", COMPONENT-IDS:8: "['gcloud', 'core', 'bq', 'gsutil', 'compute', 'preview', 'alpha', 'beta']"]
2025-01-17 14:25:55,337 INFO     ___FILE_ONLY___ Beginning update. This process may take several minutes.

2025-01-17 14:25:55,345 DEBUG    urllib3.connectionpool Starting new HTTPS connection (1): dl.google.com:443
2025-01-17 14:25:55,414 DEBUG    urllib3.connectionpool https://dl.google.com:443 "GET /dl/cloudsdk/channels/rapid/components-2.json HTTP/1.1" 200 227824
2025-01-17 14:25:55,428 WARNING  root            Component [compute] no longer exists.
2025-01-17 14:25:55,429 INFO     ___FILE_ONLY___ 

2025-01-17 14:25:55,429 INFO     ___FILE_ONLY___ 
Your current Google Cloud CLI version is: 506.0.0

2025-01-17 14:25:55,429 INFO     ___FILE_ONLY___ Installing components from version: 506.0.0

2025-01-17 14:25:55,430 INFO     ___FILE_ONLY___ 

2025-01-17 14:25:55,430 DEBUG    root            Chosen display Format:table[box,title="These components will be removed."](details.display_name:label=Name:align=left,version.version_string:label=Version:align=right,data.size.size(zero="",min=1048576):label=Size:align=right)
2025-01-17 14:25:55,430 DEBUG    root            Chosen display Format:table[box,title="These components will be updated."](details.display_name:label=Name:align=left,version.version_string:label=Version:align=right,data.size.size(zero="",min=1048576):label=Size:align=right)
2025-01-17 14:25:55,431 DEBUG    root            Chosen display Format:table[box,title="These components will be installed."](details.display_name:label=Name:align=left,version.version_string:label=Version:align=right,data.size.size(zero="",min=1048576):label=Size:align=right)
2025-01-17 14:25:55,444 INFO     ___FILE_ONLY___ ┌────────────────────────────────────────────────┐
2025-01-17 14:25:55,445 INFO     ___FILE_ONLY___ 

2025-01-17 14:25:55,445 INFO     ___FILE_ONLY___ │      These components will be installed.       │
2025-01-17 14:25:55,445 INFO     ___FILE_ONLY___ 

2025-01-17 14:25:55,445 INFO     ___FILE_ONLY___ ├─────────────────────────┬────────────┬─────────┤
2025-01-17 14:25:55,445 INFO     ___FILE_ONLY___ 

2025-01-17 14:25:55,445 INFO     ___FILE_ONLY___ │           Name          │  Version   │   Size  │
2025-01-17 14:25:55,445 INFO     ___FILE_ONLY___ 

2025-01-17 14:25:55,445 INFO     ___FILE_ONLY___ ├─────────────────────────┼────────────┼─────────┤
2025-01-17 14:25:55,445 INFO     ___FILE_ONLY___ 

2025-01-17 14:25:55,445 INFO     ___FILE_ONLY___ │ 
2025-01-17 14:25:55,445 INFO     ___FILE_ONLY___ gcloud Alpha Commands  
2025-01-17 14:25:55,445 INFO     ___FILE_ONLY___  
2025-01-17 14:25:55,445 INFO     ___FILE_ONLY___ │ 
2025-01-17 14:25:55,445 INFO     ___FILE_ONLY___ 2025.01.10
2025-01-17 14:25:55,445 INFO     ___FILE_ONLY___  
2025-01-17 14:25:55,445 INFO     ___FILE_ONLY___ │ 
2025-01-17 14:25:55,445 INFO     ___FILE_ONLY___ < 1 MiB
2025-01-17 14:25:55,445 INFO     ___FILE_ONLY___  
2025-01-17 14:25:55,445 INFO     ___FILE_ONLY___ │
2025-01-17 14:25:55,446 INFO     ___FILE_ONLY___ 

2025-01-17 14:25:55,446 INFO     ___FILE_ONLY___ │ 
2025-01-17 14:25:55,446 INFO     ___FILE_ONLY___ gcloud Beta Commands   
2025-01-17 14:25:55,446 INFO     ___FILE_ONLY___  
2025-01-17 14:25:55,446 INFO     ___FILE_ONLY___ │ 
2025-01-17 14:25:55,446 INFO     ___FILE_ONLY___ 2025.01.10
2025-01-17 14:25:55,446 INFO     ___FILE_ONLY___  
2025-01-17 14:25:55,446 INFO     ___FILE_ONLY___ │ 
2025-01-17 14:25:55,446 INFO     ___FILE_ONLY___ < 1 MiB
2025-01-17 14:25:55,446 INFO     ___FILE_ONLY___  
2025-01-17 14:25:55,446 INFO     ___FILE_ONLY___ │
2025-01-17 14:25:55,446 INFO     ___FILE_ONLY___ 

2025-01-17 14:25:55,446 INFO     ___FILE_ONLY___ │ 
2025-01-17 14:25:55,446 INFO     ___FILE_ONLY___ gcloud Preview Commands
2025-01-17 14:25:55,446 INFO     ___FILE_ONLY___  
2025-01-17 14:25:55,446 INFO     ___FILE_ONLY___ │ 
2025-01-17 14:25:55,446 INFO     ___FILE_ONLY___           
2025-01-17 14:25:55,446 INFO     ___FILE_ONLY___  
2025-01-17 14:25:55,446 INFO     ___FILE_ONLY___ │ 
2025-01-17 14:25:55,446 INFO     ___FILE_ONLY___ < 1 MiB
2025-01-17 14:25:55,446 INFO     ___FILE_ONLY___  
2025-01-17 14:25:55,447 INFO     ___FILE_ONLY___ │
2025-01-17 14:25:55,447 INFO     ___FILE_ONLY___ 

2025-01-17 14:25:55,447 INFO     ___FILE_ONLY___ └─────────────────────────┴────────────┴─────────┘
2025-01-17 14:25:55,447 INFO     ___FILE_ONLY___ 

2025-01-17 14:25:55,447 INFO     ___FILE_ONLY___ 

2025-01-17 14:25:55,450 DEBUG    urllib3.connectionpool Starting new HTTPS connection (1): dl.google.com:443
2025-01-17 14:25:55,519 DEBUG    urllib3.connectionpool https://dl.google.com:443 "GET /dl/cloudsdk/channels/rapid/RELEASE_NOTES HTTP/1.1" 200 1339934
2025-01-17 14:25:55,564 INFO     ___FILE_ONLY___ For the latest full release notes, please visit:
  https://cloud.google.com/sdk/release_notes


2025-01-17 14:25:55,564 INFO     ___FILE_ONLY___ Performing in place update...


2025-01-17 14:25:55,566 INFO     ___FILE_ONLY___ ╔════════════════════════════════════════════════════════════╗

2025-01-17 14:25:55,567 INFO     ___FILE_ONLY___ ╠═ Downloading: gcloud Alpha Commands                       ═╣

2025-01-17 14:25:55,567 INFO     ___FILE_ONLY___ ╚
2025-01-17 14:25:55,570 DEBUG    urllib3.connectionpool Starting new HTTPS connection (1): dl.google.com:443
2025-01-17 14:25:55,653 DEBUG    urllib3.connectionpool https://dl.google.com:443 "GET /dl/cloudsdk/channels/rapid/components/google-cloud-sdk-alpha-20250110133808.tar.gz HTTP/1.1" 200 800
2025-01-17 14:25:55,654 INFO     ___FILE_ONLY___ ════════════════════════════════════════════════════════════
2025-01-17 14:25:55,654 INFO     ___FILE_ONLY___ ╝

2025-01-17 14:25:55,656 INFO     ___FILE_ONLY___ ╔════════════════════════════════════════════════════════════╗

2025-01-17 14:25:55,656 INFO     ___FILE_ONLY___ ╠═ Downloading: gcloud Beta Commands                        ═╣

2025-01-17 14:25:55,656 INFO     ___FILE_ONLY___ ╚
2025-01-17 14:25:55,659 DEBUG    urllib3.connectionpool Starting new HTTPS connection (1): dl.google.com:443
2025-01-17 14:25:55,726 DEBUG    urllib3.connectionpool https://dl.google.com:443 "GET /dl/cloudsdk/channels/rapid/components/google-cloud-sdk-beta-20250110133808.tar.gz HTTP/1.1" 200 797
2025-01-17 14:25:55,726 INFO     ___FILE_ONLY___ ════════════════════════════════════════════════════════════
2025-01-17 14:25:55,726 INFO     ___FILE_ONLY___ ╝

2025-01-17 14:25:55,728 INFO     ___FILE_ONLY___ ╔════════════════════════════════════════════════════════════╗

2025-01-17 14:25:55,728 INFO     ___FILE_ONLY___ ╠═ Downloading: gcloud Preview Commands                     ═╣

2025-01-17 14:25:55,728 INFO     ___FILE_ONLY___ ╚
2025-01-17 14:25:55,732 DEBUG    urllib3.connectionpool Starting new HTTPS connection (1): dl.google.com:443
2025-01-17 14:25:55,807 DEBUG    urllib3.connectionpool https://dl.google.com:443 "GET /dl/cloudsdk/channels/rapid/components/google-cloud-sdk-preview-20241115154308.tar.gz HTTP/1.1" 200 823
2025-01-17 14:25:55,807 INFO     ___FILE_ONLY___ ════════════════════════════════════════════════════════════
2025-01-17 14:25:55,808 INFO     ___FILE_ONLY___ ╝

2025-01-17 14:25:55,810 INFO     ___FILE_ONLY___ ╔════════════════════════════════════════════════════════════╗

2025-01-17 14:25:55,810 INFO     ___FILE_ONLY___ ╠═ Installing: gcloud Alpha Commands                        ═╣

2025-01-17 14:25:55,810 INFO     ___FILE_ONLY___ ╚
2025-01-17 14:25:55,811 INFO     ___FILE_ONLY___ ════════════════════════════════════════════════════════════
2025-01-17 14:25:55,811 INFO     ___FILE_ONLY___ ╝

2025-01-17 14:25:55,819 INFO     ___FILE_ONLY___ ╔════════════════════════════════════════════════════════════╗

2025-01-17 14:25:55,820 INFO     ___FILE_ONLY___ ╠═ Installing: gcloud Beta Commands                         ═╣

2025-01-17 14:25:55,820 INFO     ___FILE_ONLY___ ╚
2025-01-17 14:25:55,820 INFO     ___FILE_ONLY___ ════════════════════════════════════════════════════════════
2025-01-17 14:25:55,820 INFO     ___FILE_ONLY___ ╝

2025-01-17 14:25:55,824 INFO     ___FILE_ONLY___ ╔════════════════════════════════════════════════════════════╗

2025-01-17 14:25:55,824 INFO     ___FILE_ONLY___ ╠═ Installing: gcloud Preview Commands                      ═╣

2025-01-17 14:25:55,825 INFO     ___FILE_ONLY___ ╚
2025-01-17 14:25:55,825 INFO     ___FILE_ONLY___ ════════════════════════════════════════════════════════════
2025-01-17 14:25:55,825 INFO     ___FILE_ONLY___ ╝

2025-01-17 14:25:55,830 DEBUG    root            Updating notification cache...
2025-01-17 14:25:55,830 INFO     ___FILE_ONLY___ 

2025-01-17 14:25:55,832 INFO     ___FILE_ONLY___ Performing post processing steps...
2025-01-17 14:25:55,833 DEBUG    root            Executing command: ['/tools/google-cloud-sdk/bin/gcloud', 'components', 'post-process']
2025-01-17 14:26:03,338 DEBUG    ___FILE_ONLY___ 
2025-01-17 14:26:03,338 DEBUG    ___FILE_ONLY___ 
2025-01-17 14:26:03,597 INFO     ___FILE_ONLY___ 
Update done!


2025-01-17 14:26:03,599 DEBUG    root            Chosen display Format:none
2025-01-17 14:26:03,600 INFO     root            Display format: "none"
