2025-01-06 14:18:55,308 DEBUG    root            Loaded Command Group: ['gcloud', 'components']
2025-01-06 14:18:55,310 DEBUG    root            Loaded Command Group: ['gcloud', 'components', 'update']
2025-01-06 14:18:55,312 DEBUG    root            Running [gcloud.components.update] with arguments: [--quiet: "True", COMPONENT-IDS:8: "['gcloud', 'core', 'bq', 'gsutil', 'compute', 'preview', 'alpha', 'beta']"]
2025-01-06 14:18:55,313 INFO     ___FILE_ONLY___ Beginning update. This process may take several minutes.

2025-01-06 14:18:55,322 DEBUG    urllib3.connectionpool Starting new HTTPS connection (1): dl.google.com:443
2025-01-06 14:18:55,399 DEBUG    urllib3.connectionpool https://dl.google.com:443 "GET /dl/cloudsdk/channels/rapid/components-2.json HTTP/1.1" 200 227824
2025-01-06 14:18:55,416 WARNING  root            Component [compute] no longer exists.
2025-01-06 14:18:55,417 INFO     ___FILE_ONLY___ 

2025-01-06 14:18:55,417 INFO     ___FILE_ONLY___ 
Your current Google Cloud CLI version is: 504.0.1

2025-01-06 14:18:55,417 INFO     ___FILE_ONLY___ Installing components from version: 504.0.1

2025-01-06 14:18:55,417 INFO     ___FILE_ONLY___ 

2025-01-06 14:18:55,418 DEBUG    root            Chosen display Format:table[box,title="These components will be removed."](details.display_name:label=Name:align=left,version.version_string:label=Version:align=right,data.size.size(zero="",min=1048576):label=Size:align=right)
2025-01-06 14:18:55,418 DEBUG    root            Chosen display Format:table[box,title="These components will be updated."](details.display_name:label=Name:align=left,version.version_string:label=Version:align=right,data.size.size(zero="",min=1048576):label=Size:align=right)
2025-01-06 14:18:55,419 DEBUG    root            Chosen display Format:table[box,title="These components will be installed."](details.display_name:label=Name:align=left,version.version_string:label=Version:align=right,data.size.size(zero="",min=1048576):label=Size:align=right)
2025-01-06 14:18:55,434 INFO     ___FILE_ONLY___ ┌────────────────────────────────────────────────┐
2025-01-06 14:18:55,434 INFO     ___FILE_ONLY___ 

2025-01-06 14:18:55,435 INFO     ___FILE_ONLY___ │      These components will be installed.       │
2025-01-06 14:18:55,435 INFO     ___FILE_ONLY___ 

2025-01-06 14:18:55,435 INFO     ___FILE_ONLY___ ├─────────────────────────┬────────────┬─────────┤
2025-01-06 14:18:55,435 INFO     ___FILE_ONLY___ 

2025-01-06 14:18:55,435 INFO     ___FILE_ONLY___ │           Name          │  Version   │   Size  │
2025-01-06 14:18:55,435 INFO     ___FILE_ONLY___ 

2025-01-06 14:18:55,435 INFO     ___FILE_ONLY___ ├─────────────────────────┼────────────┼─────────┤
2025-01-06 14:18:55,435 INFO     ___FILE_ONLY___ 

2025-01-06 14:18:55,435 INFO     ___FILE_ONLY___ │ 
2025-01-06 14:18:55,435 INFO     ___FILE_ONLY___ gcloud Alpha Commands  
2025-01-06 14:18:55,435 INFO     ___FILE_ONLY___  
2025-01-06 14:18:55,435 INFO     ___FILE_ONLY___ │ 
2025-01-06 14:18:55,435 INFO     ___FILE_ONLY___ 2024.12.19
2025-01-06 14:18:55,435 INFO     ___FILE_ONLY___  
2025-01-06 14:18:55,435 INFO     ___FILE_ONLY___ │ 
2025-01-06 14:18:55,435 INFO     ___FILE_ONLY___ < 1 MiB
2025-01-06 14:18:55,435 INFO     ___FILE_ONLY___  
2025-01-06 14:18:55,436 INFO     ___FILE_ONLY___ │
2025-01-06 14:18:55,436 INFO     ___FILE_ONLY___ 

2025-01-06 14:18:55,436 INFO     ___FILE_ONLY___ │ 
2025-01-06 14:18:55,436 INFO     ___FILE_ONLY___ gcloud Beta Commands   
2025-01-06 14:18:55,436 INFO     ___FILE_ONLY___  
2025-01-06 14:18:55,436 INFO     ___FILE_ONLY___ │ 
2025-01-06 14:18:55,436 INFO     ___FILE_ONLY___ 2024.12.19
2025-01-06 14:18:55,436 INFO     ___FILE_ONLY___  
2025-01-06 14:18:55,436 INFO     ___FILE_ONLY___ │ 
2025-01-06 14:18:55,436 INFO     ___FILE_ONLY___ < 1 MiB
2025-01-06 14:18:55,436 INFO     ___FILE_ONLY___  
2025-01-06 14:18:55,436 INFO     ___FILE_ONLY___ │
2025-01-06 14:18:55,436 INFO     ___FILE_ONLY___ 

2025-01-06 14:18:55,436 INFO     ___FILE_ONLY___ │ 
2025-01-06 14:18:55,436 INFO     ___FILE_ONLY___ gcloud Preview Commands
2025-01-06 14:18:55,436 INFO     ___FILE_ONLY___  
2025-01-06 14:18:55,436 INFO     ___FILE_ONLY___ │ 
2025-01-06 14:18:55,437 INFO     ___FILE_ONLY___           
2025-01-06 14:18:55,437 INFO     ___FILE_ONLY___  
2025-01-06 14:18:55,437 INFO     ___FILE_ONLY___ │ 
2025-01-06 14:18:55,437 INFO     ___FILE_ONLY___ < 1 MiB
2025-01-06 14:18:55,437 INFO     ___FILE_ONLY___  
2025-01-06 14:18:55,437 INFO     ___FILE_ONLY___ │
2025-01-06 14:18:55,437 INFO     ___FILE_ONLY___ 

2025-01-06 14:18:55,437 INFO     ___FILE_ONLY___ └─────────────────────────┴────────────┴─────────┘
2025-01-06 14:18:55,437 INFO     ___FILE_ONLY___ 

2025-01-06 14:18:55,437 INFO     ___FILE_ONLY___ 

2025-01-06 14:18:55,440 DEBUG    urllib3.connectionpool Starting new HTTPS connection (1): dl.google.com:443
2025-01-06 14:18:55,511 DEBUG    urllib3.connectionpool https://dl.google.com:443 "GET /dl/cloudsdk/channels/rapid/RELEASE_NOTES HTTP/1.1" 200 1331002
2025-01-06 14:18:55,548 INFO     ___FILE_ONLY___ For the latest full release notes, please visit:
  https://cloud.google.com/sdk/release_notes


2025-01-06 14:18:55,549 INFO     ___FILE_ONLY___ Performing in place update...


2025-01-06 14:18:55,551 INFO     ___FILE_ONLY___ ╔════════════════════════════════════════════════════════════╗

2025-01-06 14:18:55,551 INFO     ___FILE_ONLY___ ╠═ Downloading: gcloud Alpha Commands                       ═╣

2025-01-06 14:18:55,551 INFO     ___FILE_ONLY___ ╚
2025-01-06 14:18:55,554 DEBUG    urllib3.connectionpool Starting new HTTPS connection (1): dl.google.com:443
2025-01-06 14:18:55,623 DEBUG    urllib3.connectionpool https://dl.google.com:443 "GET /dl/cloudsdk/channels/rapid/components/google-cloud-sdk-alpha-20241219230653.tar.gz HTTP/1.1" 200 800
2025-01-06 14:18:55,623 INFO     ___FILE_ONLY___ ════════════════════════════════════════════════════════════
2025-01-06 14:18:55,623 INFO     ___FILE_ONLY___ ╝

2025-01-06 14:18:55,625 INFO     ___FILE_ONLY___ ╔════════════════════════════════════════════════════════════╗

2025-01-06 14:18:55,626 INFO     ___FILE_ONLY___ ╠═ Downloading: gcloud Beta Commands                        ═╣

2025-01-06 14:18:55,626 INFO     ___FILE_ONLY___ ╚
2025-01-06 14:18:55,629 DEBUG    urllib3.connectionpool Starting new HTTPS connection (1): dl.google.com:443
2025-01-06 14:18:55,700 DEBUG    urllib3.connectionpool https://dl.google.com:443 "GET /dl/cloudsdk/channels/rapid/components/google-cloud-sdk-beta-20241219230653.tar.gz HTTP/1.1" 200 797
2025-01-06 14:18:55,701 INFO     ___FILE_ONLY___ ════════════════════════════════════════════════════════════
2025-01-06 14:18:55,701 INFO     ___FILE_ONLY___ ╝

2025-01-06 14:18:55,703 INFO     ___FILE_ONLY___ ╔════════════════════════════════════════════════════════════╗

2025-01-06 14:18:55,703 INFO     ___FILE_ONLY___ ╠═ Downloading: gcloud Preview Commands                     ═╣

2025-01-06 14:18:55,703 INFO     ___FILE_ONLY___ ╚
2025-01-06 14:18:55,706 DEBUG    urllib3.connectionpool Starting new HTTPS connection (1): dl.google.com:443
2025-01-06 14:18:55,804 DEBUG    urllib3.connectionpool https://dl.google.com:443 "GET /dl/cloudsdk/channels/rapid/components/google-cloud-sdk-preview-20241115154308.tar.gz HTTP/1.1" 200 823
2025-01-06 14:18:55,805 INFO     ___FILE_ONLY___ ════════════════════════════════════════════════════════════
2025-01-06 14:18:55,805 INFO     ___FILE_ONLY___ ╝

2025-01-06 14:18:55,807 INFO     ___FILE_ONLY___ ╔════════════════════════════════════════════════════════════╗

2025-01-06 14:18:55,807 INFO     ___FILE_ONLY___ ╠═ Installing: gcloud Alpha Commands                        ═╣

2025-01-06 14:18:55,807 INFO     ___FILE_ONLY___ ╚
2025-01-06 14:18:55,808 INFO     ___FILE_ONLY___ ════════════════════════════════════════════════════════════
2025-01-06 14:18:55,808 INFO     ___FILE_ONLY___ ╝

2025-01-06 14:18:55,820 INFO     ___FILE_ONLY___ ╔════════════════════════════════════════════════════════════╗

2025-01-06 14:18:55,821 INFO     ___FILE_ONLY___ ╠═ Installing: gcloud Beta Commands                         ═╣

2025-01-06 14:18:55,821 INFO     ___FILE_ONLY___ ╚
2025-01-06 14:18:55,821 INFO     ___FILE_ONLY___ ════════════════════════════════════════════════════════════
2025-01-06 14:18:55,822 INFO     ___FILE_ONLY___ ╝

2025-01-06 14:18:55,826 INFO     ___FILE_ONLY___ ╔════════════════════════════════════════════════════════════╗

2025-01-06 14:18:55,827 INFO     ___FILE_ONLY___ ╠═ Installing: gcloud Preview Commands                      ═╣

2025-01-06 14:18:55,827 INFO     ___FILE_ONLY___ ╚
2025-01-06 14:18:55,827 INFO     ___FILE_ONLY___ ════════════════════════════════════════════════════════════
2025-01-06 14:18:55,827 INFO     ___FILE_ONLY___ ╝

2025-01-06 14:18:55,834 DEBUG    root            Updating notification cache...
2025-01-06 14:18:55,834 INFO     ___FILE_ONLY___ 

2025-01-06 14:18:55,836 INFO     ___FILE_ONLY___ Performing post processing steps...
2025-01-06 14:18:55,836 DEBUG    root            Executing command: ['/tools/google-cloud-sdk/bin/gcloud', 'components', 'post-process']
2025-01-06 14:19:07,272 DEBUG    ___FILE_ONLY___ 
2025-01-06 14:19:07,272 DEBUG    ___FILE_ONLY___ 
2025-01-06 14:19:07,359 INFO     ___FILE_ONLY___ 
Update done!


2025-01-06 14:19:07,361 DEBUG    root            Chosen display Format:none
2025-01-06 14:19:07,362 INFO     root            Display format: "none"
