2025-01-21 14:24:56,131 DEBUG    root            Loaded Command Group: ['gcloud', 'components']
2025-01-21 14:24:56,133 DEBUG    root            Loaded Command Group: ['gcloud', 'components', 'update']
2025-01-21 14:24:56,135 DEBUG    root            Running [gcloud.components.update] with arguments: [--quiet: "True", COMPONENT-IDS:8: "['gcloud', 'core', 'bq', 'gsutil', 'compute', 'preview', 'alpha', 'beta']"]
2025-01-21 14:24:56,136 INFO     ___FILE_ONLY___ Beginning update. This process may take several minutes.

2025-01-21 14:24:56,146 DEBUG    urllib3.connectionpool Starting new HTTPS connection (1): dl.google.com:443
2025-01-21 14:24:56,467 DEBUG    urllib3.connectionpool https://dl.google.com:443 "GET /dl/cloudsdk/channels/rapid/components-2.json HTTP/1.1" 200 227824
2025-01-21 14:24:56,484 WARNING  root            Component [compute] no longer exists.
2025-01-21 14:24:56,485 INFO     ___FILE_ONLY___ 

2025-01-21 14:24:56,485 INFO     ___FILE_ONLY___ 
Your current Google Cloud CLI version is: 506.0.0

2025-01-21 14:24:56,485 INFO     ___FILE_ONLY___ Installing components from version: 506.0.0

2025-01-21 14:24:56,486 INFO     ___FILE_ONLY___ 

2025-01-21 14:24:56,486 DEBUG    root            Chosen display Format:table[box,title="These components will be removed."](details.display_name:label=Name:align=left,version.version_string:label=Version:align=right,data.size.size(zero="",min=1048576):label=Size:align=right)
2025-01-21 14:24:56,486 DEBUG    root            Chosen display Format:table[box,title="These components will be updated."](details.display_name:label=Name:align=left,version.version_string:label=Version:align=right,data.size.size(zero="",min=1048576):label=Size:align=right)
2025-01-21 14:24:56,487 DEBUG    root            Chosen display Format:table[box,title="These components will be installed."](details.display_name:label=Name:align=left,version.version_string:label=Version:align=right,data.size.size(zero="",min=1048576):label=Size:align=right)
2025-01-21 14:24:56,504 INFO     ___FILE_ONLY___ ┌────────────────────────────────────────────────┐
2025-01-21 14:24:56,504 INFO     ___FILE_ONLY___ 

2025-01-21 14:24:56,504 INFO     ___FILE_ONLY___ │      These components will be installed.       │
2025-01-21 14:24:56,504 INFO     ___FILE_ONLY___ 

2025-01-21 14:24:56,504 INFO     ___FILE_ONLY___ ├─────────────────────────┬────────────┬─────────┤
2025-01-21 14:24:56,504 INFO     ___FILE_ONLY___ 

2025-01-21 14:24:56,505 INFO     ___FILE_ONLY___ │           Name          │  Version   │   Size  │
2025-01-21 14:24:56,505 INFO     ___FILE_ONLY___ 

2025-01-21 14:24:56,505 INFO     ___FILE_ONLY___ ├─────────────────────────┼────────────┼─────────┤
2025-01-21 14:24:56,505 INFO     ___FILE_ONLY___ 

2025-01-21 14:24:56,505 INFO     ___FILE_ONLY___ │ 
2025-01-21 14:24:56,505 INFO     ___FILE_ONLY___ gcloud Alpha Commands  
2025-01-21 14:24:56,505 INFO     ___FILE_ONLY___  
2025-01-21 14:24:56,505 INFO     ___FILE_ONLY___ │ 
2025-01-21 14:24:56,506 INFO     ___FILE_ONLY___ 2025.01.10
2025-01-21 14:24:56,506 INFO     ___FILE_ONLY___  
2025-01-21 14:24:56,506 INFO     ___FILE_ONLY___ │ 
2025-01-21 14:24:56,506 INFO     ___FILE_ONLY___ < 1 MiB
2025-01-21 14:24:56,506 INFO     ___FILE_ONLY___  
2025-01-21 14:24:56,506 INFO     ___FILE_ONLY___ │
2025-01-21 14:24:56,507 INFO     ___FILE_ONLY___ 

2025-01-21 14:24:56,507 INFO     ___FILE_ONLY___ │ 
2025-01-21 14:24:56,507 INFO     ___FILE_ONLY___ gcloud Beta Commands   
2025-01-21 14:24:56,507 INFO     ___FILE_ONLY___  
2025-01-21 14:24:56,507 INFO     ___FILE_ONLY___ │ 
2025-01-21 14:24:56,507 INFO     ___FILE_ONLY___ 2025.01.10
2025-01-21 14:24:56,507 INFO     ___FILE_ONLY___  
2025-01-21 14:24:56,507 INFO     ___FILE_ONLY___ │ 
2025-01-21 14:24:56,507 INFO     ___FILE_ONLY___ < 1 MiB
2025-01-21 14:24:56,508 INFO     ___FILE_ONLY___  
2025-01-21 14:24:56,508 INFO     ___FILE_ONLY___ │
2025-01-21 14:24:56,508 INFO     ___FILE_ONLY___ 

2025-01-21 14:24:56,508 INFO     ___FILE_ONLY___ │ 
2025-01-21 14:24:56,508 INFO     ___FILE_ONLY___ gcloud Preview Commands
2025-01-21 14:24:56,508 INFO     ___FILE_ONLY___  
2025-01-21 14:24:56,509 INFO     ___FILE_ONLY___ │ 
2025-01-21 14:24:56,509 INFO     ___FILE_ONLY___           
2025-01-21 14:24:56,509 INFO     ___FILE_ONLY___  
2025-01-21 14:24:56,509 INFO     ___FILE_ONLY___ │ 
2025-01-21 14:24:56,509 INFO     ___FILE_ONLY___ < 1 MiB
2025-01-21 14:24:56,509 INFO     ___FILE_ONLY___  
2025-01-21 14:24:56,509 INFO     ___FILE_ONLY___ │
2025-01-21 14:24:56,510 INFO     ___FILE_ONLY___ 

2025-01-21 14:24:56,510 INFO     ___FILE_ONLY___ └─────────────────────────┴────────────┴─────────┘
2025-01-21 14:24:56,510 INFO     ___FILE_ONLY___ 

2025-01-21 14:24:56,510 INFO     ___FILE_ONLY___ 

2025-01-21 14:24:56,514 DEBUG    urllib3.connectionpool Starting new HTTPS connection (1): dl.google.com:443
2025-01-21 14:24:56,848 DEBUG    urllib3.connectionpool https://dl.google.com:443 "GET /dl/cloudsdk/channels/rapid/RELEASE_NOTES HTTP/1.1" 200 1339934
2025-01-21 14:24:56,898 INFO     ___FILE_ONLY___ For the latest full release notes, please visit:
  https://cloud.google.com/sdk/release_notes


2025-01-21 14:24:56,899 INFO     ___FILE_ONLY___ Performing in place update...


2025-01-21 14:24:56,902 INFO     ___FILE_ONLY___ ╔════════════════════════════════════════════════════════════╗

2025-01-21 14:24:56,902 INFO     ___FILE_ONLY___ ╠═ Downloading: gcloud Alpha Commands                       ═╣

2025-01-21 14:24:56,902 INFO     ___FILE_ONLY___ ╚
2025-01-21 14:24:56,906 DEBUG    urllib3.connectionpool Starting new HTTPS connection (1): dl.google.com:443
2025-01-21 14:24:57,195 DEBUG    urllib3.connectionpool https://dl.google.com:443 "GET /dl/cloudsdk/channels/rapid/components/google-cloud-sdk-alpha-20250110133808.tar.gz HTTP/1.1" 200 800
2025-01-21 14:24:57,196 INFO     ___FILE_ONLY___ ════════════════════════════════════════════════════════════
2025-01-21 14:24:57,196 INFO     ___FILE_ONLY___ ╝

2025-01-21 14:24:57,199 INFO     ___FILE_ONLY___ ╔════════════════════════════════════════════════════════════╗

2025-01-21 14:24:57,199 INFO     ___FILE_ONLY___ ╠═ Downloading: gcloud Beta Commands                        ═╣

2025-01-21 14:24:57,199 INFO     ___FILE_ONLY___ ╚
2025-01-21 14:24:57,203 DEBUG    urllib3.connectionpool Starting new HTTPS connection (1): dl.google.com:443
2025-01-21 14:24:57,519 DEBUG    urllib3.connectionpool https://dl.google.com:443 "GET /dl/cloudsdk/channels/rapid/components/google-cloud-sdk-beta-20250110133808.tar.gz HTTP/1.1" 200 797
2025-01-21 14:24:57,520 INFO     ___FILE_ONLY___ ════════════════════════════════════════════════════════════
2025-01-21 14:24:57,520 INFO     ___FILE_ONLY___ ╝

2025-01-21 14:24:57,523 INFO     ___FILE_ONLY___ ╔════════════════════════════════════════════════════════════╗

2025-01-21 14:24:57,523 INFO     ___FILE_ONLY___ ╠═ Downloading: gcloud Preview Commands                     ═╣

2025-01-21 14:24:57,523 INFO     ___FILE_ONLY___ ╚
2025-01-21 14:24:57,527 DEBUG    urllib3.connectionpool Starting new HTTPS connection (1): dl.google.com:443
2025-01-21 14:24:57,849 DEBUG    urllib3.connectionpool https://dl.google.com:443 "GET /dl/cloudsdk/channels/rapid/components/google-cloud-sdk-preview-20241115154308.tar.gz HTTP/1.1" 200 823
2025-01-21 14:24:57,850 INFO     ___FILE_ONLY___ ════════════════════════════════════════════════════════════
2025-01-21 14:24:57,850 INFO     ___FILE_ONLY___ ╝

2025-01-21 14:24:57,853 INFO     ___FILE_ONLY___ ╔════════════════════════════════════════════════════════════╗

2025-01-21 14:24:57,853 INFO     ___FILE_ONLY___ ╠═ Installing: gcloud Alpha Commands                        ═╣

2025-01-21 14:24:57,853 INFO     ___FILE_ONLY___ ╚
2025-01-21 14:24:57,854 INFO     ___FILE_ONLY___ ════════════════════════════════════════════════════════════
2025-01-21 14:24:57,855 INFO     ___FILE_ONLY___ ╝

2025-01-21 14:24:57,864 INFO     ___FILE_ONLY___ ╔════════════════════════════════════════════════════════════╗

2025-01-21 14:24:57,864 INFO     ___FILE_ONLY___ ╠═ Installing: gcloud Beta Commands                         ═╣

2025-01-21 14:24:57,865 INFO     ___FILE_ONLY___ ╚
2025-01-21 14:24:57,866 INFO     ___FILE_ONLY___ ════════════════════════════════════════════════════════════
2025-01-21 14:24:57,866 INFO     ___FILE_ONLY___ ╝

2025-01-21 14:24:57,871 INFO     ___FILE_ONLY___ ╔════════════════════════════════════════════════════════════╗

2025-01-21 14:24:57,871 INFO     ___FILE_ONLY___ ╠═ Installing: gcloud Preview Commands                      ═╣

2025-01-21 14:24:57,871 INFO     ___FILE_ONLY___ ╚
2025-01-21 14:24:57,872 INFO     ___FILE_ONLY___ ════════════════════════════════════════════════════════════
2025-01-21 14:24:57,872 INFO     ___FILE_ONLY___ ╝

2025-01-21 14:24:57,878 DEBUG    root            Updating notification cache...
2025-01-21 14:24:57,879 INFO     ___FILE_ONLY___ 

2025-01-21 14:24:57,881 INFO     ___FILE_ONLY___ Performing post processing steps...
2025-01-21 14:24:57,882 DEBUG    root            Executing command: ['/tools/google-cloud-sdk/bin/gcloud', 'components', 'post-process']
2025-01-21 14:25:10,428 DEBUG    ___FILE_ONLY___ 
2025-01-21 14:25:10,428 DEBUG    ___FILE_ONLY___ 
2025-01-21 14:25:10,649 INFO     ___FILE_ONLY___ 
Update done!


2025-01-21 14:25:10,652 DEBUG    root            Chosen display Format:none
2025-01-21 14:25:10,652 INFO     root            Display format: "none"
