2025-01-22 14:22:49,447 DEBUG    root            Loaded Command Group: ['gcloud', 'components']
2025-01-22 14:22:49,449 DEBUG    root            Loaded Command Group: ['gcloud', 'components', 'update']
2025-01-22 14:22:49,451 DEBUG    root            Running [gcloud.components.update] with arguments: [--quiet: "True", COMPONENT-IDS:8: "['gcloud', 'core', 'bq', 'gsutil', 'compute', 'preview', 'alpha', 'beta']"]
2025-01-22 14:22:49,452 INFO     ___FILE_ONLY___ Beginning update. This process may take several minutes.

2025-01-22 14:22:49,461 DEBUG    urllib3.connectionpool Starting new HTTPS connection (1): dl.google.com:443
2025-01-22 14:22:49,533 DEBUG    urllib3.connectionpool https://dl.google.com:443 "GET /dl/cloudsdk/channels/rapid/components-2.json HTTP/1.1" 200 227824
2025-01-22 14:22:49,547 WARNING  root            Component [compute] no longer exists.
2025-01-22 14:22:49,548 INFO     ___FILE_ONLY___ 

2025-01-22 14:22:49,548 INFO     ___FILE_ONLY___ 
Your current Google Cloud CLI version is: 506.0.0

2025-01-22 14:22:49,548 INFO     ___FILE_ONLY___ Installing components from version: 506.0.0

2025-01-22 14:22:49,548 INFO     ___FILE_ONLY___ 

2025-01-22 14:22:49,548 DEBUG    root            Chosen display Format:table[box,title="These components will be removed."](details.display_name:label=Name:align=left,version.version_string:label=Version:align=right,data.size.size(zero="",min=1048576):label=Size:align=right)
2025-01-22 14:22:49,549 DEBUG    root            Chosen display Format:table[box,title="These components will be updated."](details.display_name:label=Name:align=left,version.version_string:label=Version:align=right,data.size.size(zero="",min=1048576):label=Size:align=right)
2025-01-22 14:22:49,549 DEBUG    root            Chosen display Format:table[box,title="These components will be installed."](details.display_name:label=Name:align=left,version.version_string:label=Version:align=right,data.size.size(zero="",min=1048576):label=Size:align=right)
2025-01-22 14:22:49,564 INFO     ___FILE_ONLY___ ┌────────────────────────────────────────────────┐
2025-01-22 14:22:49,564 INFO     ___FILE_ONLY___ 

2025-01-22 14:22:49,564 INFO     ___FILE_ONLY___ │      These components will be installed.       │
2025-01-22 14:22:49,564 INFO     ___FILE_ONLY___ 

2025-01-22 14:22:49,564 INFO     ___FILE_ONLY___ ├─────────────────────────┬────────────┬─────────┤
2025-01-22 14:22:49,564 INFO     ___FILE_ONLY___ 

2025-01-22 14:22:49,564 INFO     ___FILE_ONLY___ │           Name          │  Version   │   Size  │
2025-01-22 14:22:49,564 INFO     ___FILE_ONLY___ 

2025-01-22 14:22:49,564 INFO     ___FILE_ONLY___ ├─────────────────────────┼────────────┼─────────┤
2025-01-22 14:22:49,564 INFO     ___FILE_ONLY___ 

2025-01-22 14:22:49,564 INFO     ___FILE_ONLY___ │ 
2025-01-22 14:22:49,564 INFO     ___FILE_ONLY___ gcloud Alpha Commands  
2025-01-22 14:22:49,565 INFO     ___FILE_ONLY___  
2025-01-22 14:22:49,565 INFO     ___FILE_ONLY___ │ 
2025-01-22 14:22:49,565 INFO     ___FILE_ONLY___ 2025.01.10
2025-01-22 14:22:49,565 INFO     ___FILE_ONLY___  
2025-01-22 14:22:49,565 INFO     ___FILE_ONLY___ │ 
2025-01-22 14:22:49,565 INFO     ___FILE_ONLY___ < 1 MiB
2025-01-22 14:22:49,565 INFO     ___FILE_ONLY___  
2025-01-22 14:22:49,565 INFO     ___FILE_ONLY___ │
2025-01-22 14:22:49,565 INFO     ___FILE_ONLY___ 

2025-01-22 14:22:49,565 INFO     ___FILE_ONLY___ │ 
2025-01-22 14:22:49,565 INFO     ___FILE_ONLY___ gcloud Beta Commands   
2025-01-22 14:22:49,565 INFO     ___FILE_ONLY___  
2025-01-22 14:22:49,565 INFO     ___FILE_ONLY___ │ 
2025-01-22 14:22:49,565 INFO     ___FILE_ONLY___ 2025.01.10
2025-01-22 14:22:49,565 INFO     ___FILE_ONLY___  
2025-01-22 14:22:49,565 INFO     ___FILE_ONLY___ │ 
2025-01-22 14:22:49,565 INFO     ___FILE_ONLY___ < 1 MiB
2025-01-22 14:22:49,565 INFO     ___FILE_ONLY___  
2025-01-22 14:22:49,565 INFO     ___FILE_ONLY___ │
2025-01-22 14:22:49,565 INFO     ___FILE_ONLY___ 

2025-01-22 14:22:49,566 INFO     ___FILE_ONLY___ │ 
2025-01-22 14:22:49,566 INFO     ___FILE_ONLY___ gcloud Preview Commands
2025-01-22 14:22:49,566 INFO     ___FILE_ONLY___  
2025-01-22 14:22:49,566 INFO     ___FILE_ONLY___ │ 
2025-01-22 14:22:49,566 INFO     ___FILE_ONLY___           
2025-01-22 14:22:49,566 INFO     ___FILE_ONLY___  
2025-01-22 14:22:49,566 INFO     ___FILE_ONLY___ │ 
2025-01-22 14:22:49,566 INFO     ___FILE_ONLY___ < 1 MiB
2025-01-22 14:22:49,566 INFO     ___FILE_ONLY___  
2025-01-22 14:22:49,566 INFO     ___FILE_ONLY___ │
2025-01-22 14:22:49,566 INFO     ___FILE_ONLY___ 

2025-01-22 14:22:49,566 INFO     ___FILE_ONLY___ └─────────────────────────┴────────────┴─────────┘
2025-01-22 14:22:49,566 INFO     ___FILE_ONLY___ 

2025-01-22 14:22:49,566 INFO     ___FILE_ONLY___ 

2025-01-22 14:22:49,569 DEBUG    urllib3.connectionpool Starting new HTTPS connection (1): dl.google.com:443
2025-01-22 14:22:49,652 DEBUG    urllib3.connectionpool https://dl.google.com:443 "GET /dl/cloudsdk/channels/rapid/RELEASE_NOTES HTTP/1.1" 200 1339934
2025-01-22 14:22:49,700 INFO     ___FILE_ONLY___ For the latest full release notes, please visit:
  https://cloud.google.com/sdk/release_notes


2025-01-22 14:22:49,700 INFO     ___FILE_ONLY___ Performing in place update...


2025-01-22 14:22:49,702 INFO     ___FILE_ONLY___ ╔════════════════════════════════════════════════════════════╗

2025-01-22 14:22:49,702 INFO     ___FILE_ONLY___ ╠═ Downloading: gcloud Alpha Commands                       ═╣

2025-01-22 14:22:49,703 INFO     ___FILE_ONLY___ ╚
2025-01-22 14:22:49,706 DEBUG    urllib3.connectionpool Starting new HTTPS connection (1): dl.google.com:443
2025-01-22 14:22:49,777 DEBUG    urllib3.connectionpool https://dl.google.com:443 "GET /dl/cloudsdk/channels/rapid/components/google-cloud-sdk-alpha-20250110133808.tar.gz HTTP/1.1" 200 800
2025-01-22 14:22:49,778 INFO     ___FILE_ONLY___ ════════════════════════════════════════════════════════════
2025-01-22 14:22:49,778 INFO     ___FILE_ONLY___ ╝

2025-01-22 14:22:49,780 INFO     ___FILE_ONLY___ ╔════════════════════════════════════════════════════════════╗

2025-01-22 14:22:49,780 INFO     ___FILE_ONLY___ ╠═ Downloading: gcloud Beta Commands                        ═╣

2025-01-22 14:22:49,780 INFO     ___FILE_ONLY___ ╚
2025-01-22 14:22:49,783 DEBUG    urllib3.connectionpool Starting new HTTPS connection (1): dl.google.com:443
2025-01-22 14:22:49,857 DEBUG    urllib3.connectionpool https://dl.google.com:443 "GET /dl/cloudsdk/channels/rapid/components/google-cloud-sdk-beta-20250110133808.tar.gz HTTP/1.1" 200 797
2025-01-22 14:22:49,857 INFO     ___FILE_ONLY___ ════════════════════════════════════════════════════════════
2025-01-22 14:22:49,858 INFO     ___FILE_ONLY___ ╝

2025-01-22 14:22:49,859 INFO     ___FILE_ONLY___ ╔════════════════════════════════════════════════════════════╗

2025-01-22 14:22:49,859 INFO     ___FILE_ONLY___ ╠═ Downloading: gcloud Preview Commands                     ═╣

2025-01-22 14:22:49,860 INFO     ___FILE_ONLY___ ╚
2025-01-22 14:22:49,863 DEBUG    urllib3.connectionpool Starting new HTTPS connection (1): dl.google.com:443
2025-01-22 14:22:49,949 DEBUG    urllib3.connectionpool https://dl.google.com:443 "GET /dl/cloudsdk/channels/rapid/components/google-cloud-sdk-preview-20241115154308.tar.gz HTTP/1.1" 200 823
2025-01-22 14:22:49,950 INFO     ___FILE_ONLY___ ════════════════════════════════════════════════════════════
2025-01-22 14:22:49,950 INFO     ___FILE_ONLY___ ╝

2025-01-22 14:22:49,952 INFO     ___FILE_ONLY___ ╔════════════════════════════════════════════════════════════╗

2025-01-22 14:22:49,952 INFO     ___FILE_ONLY___ ╠═ Installing: gcloud Alpha Commands                        ═╣

2025-01-22 14:22:49,952 INFO     ___FILE_ONLY___ ╚
2025-01-22 14:22:49,953 INFO     ___FILE_ONLY___ ════════════════════════════════════════════════════════════
2025-01-22 14:22:49,953 INFO     ___FILE_ONLY___ ╝

2025-01-22 14:22:49,962 INFO     ___FILE_ONLY___ ╔════════════════════════════════════════════════════════════╗

2025-01-22 14:22:49,962 INFO     ___FILE_ONLY___ ╠═ Installing: gcloud Beta Commands                         ═╣

2025-01-22 14:22:49,962 INFO     ___FILE_ONLY___ ╚
2025-01-22 14:22:49,963 INFO     ___FILE_ONLY___ ════════════════════════════════════════════════════════════
2025-01-22 14:22:49,963 INFO     ___FILE_ONLY___ ╝

2025-01-22 14:22:49,967 INFO     ___FILE_ONLY___ ╔════════════════════════════════════════════════════════════╗

2025-01-22 14:22:49,967 INFO     ___FILE_ONLY___ ╠═ Installing: gcloud Preview Commands                      ═╣

2025-01-22 14:22:49,967 INFO     ___FILE_ONLY___ ╚
2025-01-22 14:22:49,968 INFO     ___FILE_ONLY___ ════════════════════════════════════════════════════════════
2025-01-22 14:22:49,968 INFO     ___FILE_ONLY___ ╝

2025-01-22 14:22:49,973 DEBUG    root            Updating notification cache...
2025-01-22 14:22:49,973 INFO     ___FILE_ONLY___ 

2025-01-22 14:22:49,975 INFO     ___FILE_ONLY___ Performing post processing steps...
2025-01-22 14:22:49,975 DEBUG    root            Executing command: ['/tools/google-cloud-sdk/bin/gcloud', 'components', 'post-process']
2025-01-22 14:22:58,307 DEBUG    ___FILE_ONLY___ 
2025-01-22 14:22:58,307 DEBUG    ___FILE_ONLY___ 
2025-01-22 14:22:58,503 INFO     ___FILE_ONLY___ 
Update done!


2025-01-22 14:22:58,505 DEBUG    root            Chosen display Format:none
2025-01-22 14:22:58,505 INFO     root            Display format: "none"
