2025-01-22 14:22:32,515 DEBUG    root            Loaded Command Group: ['gcloud', 'components']
2025-01-22 14:22:32,519 DEBUG    root            Loaded Command Group: ['gcloud', 'components', 'update']
2025-01-22 14:22:32,521 DEBUG    root            Running [gcloud.components.update] with arguments: [--compile-python: "True", --quiet: "True", COMPONENT-IDS:6: "['core', 'gcloud-deps', 'bq', 'gcloud', 'gcloud-crc32c', 'gsutil']"]
2025-01-22 14:22:32,522 INFO     ___FILE_ONLY___ Beginning update. This process may take several minutes.

2025-01-22 14:22:32,554 DEBUG    urllib3.connectionpool Starting new HTTPS connection (1): dl.google.com:443
2025-01-22 14:22:32,627 DEBUG    urllib3.connectionpool https://dl.google.com:443 "GET /dl/cloudsdk/channels/rapid/components-2.json HTTP/1.1" 200 227824
2025-01-22 14:22:32,639 INFO     ___FILE_ONLY___ 

2025-01-22 14:22:32,639 INFO     ___FILE_ONLY___ 
Your current Google Cloud CLI version is: 506.0.0

2025-01-22 14:22:32,639 INFO     ___FILE_ONLY___ Installing components from version: 506.0.0

2025-01-22 14:22:32,639 INFO     ___FILE_ONLY___ 

2025-01-22 14:22:32,639 DEBUG    root            Chosen display Format:table[box,title="These components will be removed."](details.display_name:label=Name:align=left,version.version_string:label=Version:align=right,data.size.size(zero="",min=1048576):label=Size:align=right)
2025-01-22 14:22:32,640 DEBUG    root            Chosen display Format:table[box,title="These components will be updated."](details.display_name:label=Name:align=left,version.version_string:label=Version:align=right,data.size.size(zero="",min=1048576):label=Size:align=right)
2025-01-22 14:22:32,640 DEBUG    root            Chosen display Format:table[box,title="These components will be installed."](details.display_name:label=Name:align=left,version.version_string:label=Version:align=right,data.size.size(zero="",min=1048576):label=Size:align=right)
2025-01-22 14:22:32,677 INFO     ___FILE_ONLY___ ┌─────────────────────────────────────────────────────────────────────────────┐
2025-01-22 14:22:32,677 INFO     ___FILE_ONLY___ 

2025-01-22 14:22:32,677 INFO     ___FILE_ONLY___ │                     These components will be installed.                     │
2025-01-22 14:22:32,677 INFO     ___FILE_ONLY___ 

2025-01-22 14:22:32,677 INFO     ___FILE_ONLY___ ├─────────────────────────────────────────────────────┬────────────┬──────────┤
2025-01-22 14:22:32,677 INFO     ___FILE_ONLY___ 

2025-01-22 14:22:32,677 INFO     ___FILE_ONLY___ │                         Name                        │  Version   │   Size   │
2025-01-22 14:22:32,677 INFO     ___FILE_ONLY___ 

2025-01-22 14:22:32,677 INFO     ___FILE_ONLY___ ├─────────────────────────────────────────────────────┼────────────┼──────────┤
2025-01-22 14:22:32,677 INFO     ___FILE_ONLY___ 

2025-01-22 14:22:32,677 INFO     ___FILE_ONLY___ │ 
2025-01-22 14:22:32,677 INFO     ___FILE_ONLY___ BigQuery Command Line Tool                         
2025-01-22 14:22:32,677 INFO     ___FILE_ONLY___  
2025-01-22 14:22:32,677 INFO     ___FILE_ONLY___ │ 
2025-01-22 14:22:32,678 INFO     ___FILE_ONLY___     2.1.11
2025-01-22 14:22:32,678 INFO     ___FILE_ONLY___  
2025-01-22 14:22:32,678 INFO     ___FILE_ONLY___ │ 
2025-01-22 14:22:32,678 INFO     ___FILE_ONLY___  1.7 MiB
2025-01-22 14:22:32,678 INFO     ___FILE_ONLY___  
2025-01-22 14:22:32,678 INFO     ___FILE_ONLY___ │
2025-01-22 14:22:32,678 INFO     ___FILE_ONLY___ 

2025-01-22 14:22:32,678 INFO     ___FILE_ONLY___ │ 
2025-01-22 14:22:32,678 INFO     ___FILE_ONLY___ BigQuery Command Line Tool (Platform Specific)     
2025-01-22 14:22:32,678 INFO     ___FILE_ONLY___  
2025-01-22 14:22:32,678 INFO     ___FILE_ONLY___ │ 
2025-01-22 14:22:32,678 INFO     ___FILE_ONLY___      2.1.8
2025-01-22 14:22:32,678 INFO     ___FILE_ONLY___  
2025-01-22 14:22:32,678 INFO     ___FILE_ONLY___ │ 
2025-01-22 14:22:32,678 INFO     ___FILE_ONLY___  < 1 MiB
2025-01-22 14:22:32,678 INFO     ___FILE_ONLY___  
2025-01-22 14:22:32,678 INFO     ___FILE_ONLY___ │
2025-01-22 14:22:32,678 INFO     ___FILE_ONLY___ 

2025-01-22 14:22:32,678 INFO     ___FILE_ONLY___ │ 
2025-01-22 14:22:32,678 INFO     ___FILE_ONLY___ Bundled Python 3.11 (Platform Specific)            
2025-01-22 14:22:32,678 INFO     ___FILE_ONLY___  
2025-01-22 14:22:32,679 INFO     ___FILE_ONLY___ │ 
2025-01-22 14:22:32,679 INFO     ___FILE_ONLY___     3.11.9
2025-01-22 14:22:32,679 INFO     ___FILE_ONLY___  
2025-01-22 14:22:32,679 INFO     ___FILE_ONLY___ │ 
2025-01-22 14:22:32,679 INFO     ___FILE_ONLY___ 74.4 MiB
2025-01-22 14:22:32,679 INFO     ___FILE_ONLY___  
2025-01-22 14:22:32,679 INFO     ___FILE_ONLY___ │
2025-01-22 14:22:32,679 INFO     ___FILE_ONLY___ 

2025-01-22 14:22:32,679 INFO     ___FILE_ONLY___ │ 
2025-01-22 14:22:32,679 INFO     ___FILE_ONLY___ Cloud Storage Command Line Tool                    
2025-01-22 14:22:32,679 INFO     ___FILE_ONLY___  
2025-01-22 14:22:32,679 INFO     ___FILE_ONLY___ │ 
2025-01-22 14:22:32,679 INFO     ___FILE_ONLY___       5.33
2025-01-22 14:22:32,679 INFO     ___FILE_ONLY___  
2025-01-22 14:22:32,679 INFO     ___FILE_ONLY___ │ 
2025-01-22 14:22:32,679 INFO     ___FILE_ONLY___ 11.8 MiB
2025-01-22 14:22:32,679 INFO     ___FILE_ONLY___  
2025-01-22 14:22:32,679 INFO     ___FILE_ONLY___ │
2025-01-22 14:22:32,679 INFO     ___FILE_ONLY___ 

2025-01-22 14:22:32,679 INFO     ___FILE_ONLY___ │ 
2025-01-22 14:22:32,679 INFO     ___FILE_ONLY___ Cloud Storage Command Line Tool (Platform Specific)
2025-01-22 14:22:32,679 INFO     ___FILE_ONLY___  
2025-01-22 14:22:32,680 INFO     ___FILE_ONLY___ │ 
2025-01-22 14:22:32,680 INFO     ___FILE_ONLY___       5.30
2025-01-22 14:22:32,680 INFO     ___FILE_ONLY___  
2025-01-22 14:22:32,680 INFO     ___FILE_ONLY___ │ 
2025-01-22 14:22:32,680 INFO     ___FILE_ONLY___  < 1 MiB
2025-01-22 14:22:32,680 INFO     ___FILE_ONLY___  
2025-01-22 14:22:32,680 INFO     ___FILE_ONLY___ │
2025-01-22 14:22:32,680 INFO     ___FILE_ONLY___ 

2025-01-22 14:22:32,680 INFO     ___FILE_ONLY___ │ 
2025-01-22 14:22:32,680 INFO     ___FILE_ONLY___ Google Cloud CLI Core Libraries (Platform Specific)
2025-01-22 14:22:32,680 INFO     ___FILE_ONLY___  
2025-01-22 14:22:32,680 INFO     ___FILE_ONLY___ │ 
2025-01-22 14:22:32,680 INFO     ___FILE_ONLY___ 2024.08.30
2025-01-22 14:22:32,680 INFO     ___FILE_ONLY___  
2025-01-22 14:22:32,680 INFO     ___FILE_ONLY___ │ 
2025-01-22 14:22:32,680 INFO     ___FILE_ONLY___  < 1 MiB
2025-01-22 14:22:32,680 INFO     ___FILE_ONLY___  
2025-01-22 14:22:32,680 INFO     ___FILE_ONLY___ │
2025-01-22 14:22:32,680 INFO     ___FILE_ONLY___ 

2025-01-22 14:22:32,680 INFO     ___FILE_ONLY___ │ 
2025-01-22 14:22:32,680 INFO     ___FILE_ONLY___ Google Cloud CRC32C Hash Tool (Platform Specific)  
2025-01-22 14:22:32,680 INFO     ___FILE_ONLY___  
2025-01-22 14:22:32,681 INFO     ___FILE_ONLY___ │ 
2025-01-22 14:22:32,681 INFO     ___FILE_ONLY___      1.0.0
2025-01-22 14:22:32,681 INFO     ___FILE_ONLY___  
2025-01-22 14:22:32,681 INFO     ___FILE_ONLY___ │ 
2025-01-22 14:22:32,681 INFO     ___FILE_ONLY___  1.4 MiB
2025-01-22 14:22:32,681 INFO     ___FILE_ONLY___  
2025-01-22 14:22:32,681 INFO     ___FILE_ONLY___ │
2025-01-22 14:22:32,681 INFO     ___FILE_ONLY___ 

2025-01-22 14:22:32,681 INFO     ___FILE_ONLY___ │ 
2025-01-22 14:22:32,681 INFO     ___FILE_ONLY___ gcloud cli dependencies (Platform Specific)        
2025-01-22 14:22:32,681 INFO     ___FILE_ONLY___  
2025-01-22 14:22:32,681 INFO     ___FILE_ONLY___ │ 
2025-01-22 14:22:32,681 INFO     ___FILE_ONLY___ 2021.04.16
2025-01-22 14:22:32,681 INFO     ___FILE_ONLY___  
2025-01-22 14:22:32,681 INFO     ___FILE_ONLY___ │ 
2025-01-22 14:22:32,681 INFO     ___FILE_ONLY___  < 1 MiB
2025-01-22 14:22:32,681 INFO     ___FILE_ONLY___  
2025-01-22 14:22:32,681 INFO     ___FILE_ONLY___ │
2025-01-22 14:22:32,681 INFO     ___FILE_ONLY___ 

2025-01-22 14:22:32,681 INFO     ___FILE_ONLY___ └─────────────────────────────────────────────────────┴────────────┴──────────┘
2025-01-22 14:22:32,682 INFO     ___FILE_ONLY___ 

2025-01-22 14:22:32,682 INFO     ___FILE_ONLY___ 

2025-01-22 14:22:32,685 DEBUG    urllib3.connectionpool Starting new HTTPS connection (1): dl.google.com:443
2025-01-22 14:22:32,756 DEBUG    urllib3.connectionpool https://dl.google.com:443 "GET /dl/cloudsdk/channels/rapid/RELEASE_NOTES HTTP/1.1" 200 1339934
2025-01-22 14:22:32,799 INFO     ___FILE_ONLY___ For the latest full release notes, please visit:
  https://cloud.google.com/sdk/release_notes


2025-01-22 14:22:32,799 INFO     ___FILE_ONLY___ Performing in place update...


2025-01-22 14:22:32,801 INFO     ___FILE_ONLY___ ╔════════════════════════════════════════════════════════════╗

2025-01-22 14:22:32,801 INFO     ___FILE_ONLY___ ╠═ Downloading: BigQuery Command Line Tool                  ═╣

2025-01-22 14:22:32,801 INFO     ___FILE_ONLY___ ╚
2025-01-22 14:22:32,805 DEBUG    urllib3.connectionpool Starting new HTTPS connection (1): dl.google.com:443
2025-01-22 14:22:32,876 DEBUG    urllib3.connectionpool https://dl.google.com:443 "GET /dl/cloudsdk/channels/rapid/components/google-cloud-sdk-bq-20241213184646.tar.gz HTTP/1.1" 200 1828274
2025-01-22 14:22:32,889 INFO     ___FILE_ONLY___ ═
2025-01-22 14:22:32,889 INFO     ___FILE_ONLY___ ═
2025-01-22 14:22:32,889 INFO     ___FILE_ONLY___ ═
2025-01-22 14:22:32,889 INFO     ___FILE_ONLY___ ═
2025-01-22 14:22:32,890 INFO     ___FILE_ONLY___ ═
2025-01-22 14:22:32,890 INFO     ___FILE_ONLY___ ═
2025-01-22 14:22:32,890 INFO     ___FILE_ONLY___ ═
2025-01-22 14:22:32,890 INFO     ___FILE_ONLY___ ═
2025-01-22 14:22:32,890 INFO     ___FILE_ONLY___ ═
2025-01-22 14:22:32,890 INFO     ___FILE_ONLY___ ═
2025-01-22 14:22:32,890 INFO     ___FILE_ONLY___ ═
2025-01-22 14:22:32,890 INFO     ___FILE_ONLY___ ═
2025-01-22 14:22:32,890 INFO     ___FILE_ONLY___ ═
2025-01-22 14:22:32,890 INFO     ___FILE_ONLY___ ═
2025-01-22 14:22:32,890 INFO     ___FILE_ONLY___ ═
2025-01-22 14:22:32,891 INFO     ___FILE_ONLY___ ═
2025-01-22 14:22:32,891 INFO     ___FILE_ONLY___ ═
2025-01-22 14:22:32,891 INFO     ___FILE_ONLY___ ═
2025-01-22 14:22:32,891 INFO     ___FILE_ONLY___ ═
2025-01-22 14:22:32,891 INFO     ___FILE_ONLY___ ═
2025-01-22 14:22:32,891 INFO     ___FILE_ONLY___ ═
2025-01-22 14:22:32,891 INFO     ___FILE_ONLY___ ═
2025-01-22 14:22:32,891 INFO     ___FILE_ONLY___ ═
2025-01-22 14:22:32,891 INFO     ___FILE_ONLY___ ═
2025-01-22 14:22:32,892 INFO     ___FILE_ONLY___ ═
2025-01-22 14:22:32,892 INFO     ___FILE_ONLY___ ═
2025-01-22 14:22:32,892 INFO     ___FILE_ONLY___ ═
2025-01-22 14:22:32,892 INFO     ___FILE_ONLY___ ═
2025-01-22 14:22:32,892 INFO     ___FILE_ONLY___ ═
2025-01-22 14:22:32,892 INFO     ___FILE_ONLY___ ═
2025-01-22 14:22:32,892 INFO     ___FILE_ONLY___ ═
2025-01-22 14:22:32,893 INFO     ___FILE_ONLY___ ═
2025-01-22 14:22:32,893 INFO     ___FILE_ONLY___ ═
2025-01-22 14:22:32,893 INFO     ___FILE_ONLY___ ═
2025-01-22 14:22:32,893 INFO     ___FILE_ONLY___ ═
2025-01-22 14:22:32,893 INFO     ___FILE_ONLY___ ═
2025-01-22 14:22:32,893 INFO     ___FILE_ONLY___ ═
2025-01-22 14:22:32,893 INFO     ___FILE_ONLY___ ═
2025-01-22 14:22:32,893 INFO     ___FILE_ONLY___ ═
2025-01-22 14:22:32,893 INFO     ___FILE_ONLY___ ═
2025-01-22 14:22:32,893 INFO     ___FILE_ONLY___ ═
2025-01-22 14:22:32,894 INFO     ___FILE_ONLY___ ═
2025-01-22 14:22:32,894 INFO     ___FILE_ONLY___ ═
2025-01-22 14:22:32,894 INFO     ___FILE_ONLY___ ═
2025-01-22 14:22:32,894 INFO     ___FILE_ONLY___ ═
2025-01-22 14:22:32,894 INFO     ___FILE_ONLY___ ═
2025-01-22 14:22:32,894 INFO     ___FILE_ONLY___ ═
2025-01-22 14:22:32,894 INFO     ___FILE_ONLY___ ═
2025-01-22 14:22:32,894 INFO     ___FILE_ONLY___ ═
2025-01-22 14:22:32,894 INFO     ___FILE_ONLY___ ═
2025-01-22 14:22:32,894 INFO     ___FILE_ONLY___ ═
2025-01-22 14:22:32,895 INFO     ___FILE_ONLY___ ═
2025-01-22 14:22:32,895 INFO     ___FILE_ONLY___ ═
2025-01-22 14:22:32,895 INFO     ___FILE_ONLY___ ═
2025-01-22 14:22:32,895 INFO     ___FILE_ONLY___ ═
2025-01-22 14:22:32,895 INFO     ___FILE_ONLY___ ═
2025-01-22 14:22:32,895 INFO     ___FILE_ONLY___ ═
2025-01-22 14:22:32,895 INFO     ___FILE_ONLY___ ═
2025-01-22 14:22:32,895 INFO     ___FILE_ONLY___ ═
2025-01-22 14:22:32,895 INFO     ___FILE_ONLY___ ═
2025-01-22 14:22:32,895 INFO     ___FILE_ONLY___ ╝

2025-01-22 14:22:32,897 INFO     ___FILE_ONLY___ ╔════════════════════════════════════════════════════════════╗

2025-01-22 14:22:32,897 INFO     ___FILE_ONLY___ ╠═ Downloading: BigQuery Command Line Tool (Platform Spe... ═╣

2025-01-22 14:22:32,898 INFO     ___FILE_ONLY___ ╚
2025-01-22 14:22:32,901 DEBUG    urllib3.connectionpool Starting new HTTPS connection (1): dl.google.com:443
2025-01-22 14:22:32,971 DEBUG    urllib3.connectionpool https://dl.google.com:443 "GET /dl/cloudsdk/channels/rapid/components/google-cloud-sdk-bq-nix-20240830134514.tar.gz HTTP/1.1" 200 1914
2025-01-22 14:22:32,972 INFO     ___FILE_ONLY___ ════════════════════════════════════════════════════════════
2025-01-22 14:22:32,972 INFO     ___FILE_ONLY___ ╝

2025-01-22 14:22:32,974 INFO     ___FILE_ONLY___ ╔════════════════════════════════════════════════════════════╗

2025-01-22 14:22:32,974 INFO     ___FILE_ONLY___ ╠═ Downloading: Bundled Python 3.11                         ═╣

2025-01-22 14:22:32,974 INFO     ___FILE_ONLY___ ╚
2025-01-22 14:22:32,974 INFO     ___FILE_ONLY___ ════════════════════════════════════════════════════════════
2025-01-22 14:22:32,974 INFO     ___FILE_ONLY___ ╝

2025-01-22 14:22:32,976 INFO     ___FILE_ONLY___ ╔════════════════════════════════════════════════════════════╗

2025-01-22 14:22:32,976 INFO     ___FILE_ONLY___ ╠═ Downloading: Bundled Python 3.11 (Platform Specific)     ═╣

2025-01-22 14:22:32,976 INFO     ___FILE_ONLY___ ╚
2025-01-22 14:22:32,979 DEBUG    urllib3.connectionpool Starting new HTTPS connection (1): dl.google.com:443
2025-01-22 14:22:33,054 DEBUG    urllib3.connectionpool https://dl.google.com:443 "GET /dl/cloudsdk/channels/rapid/components/google-cloud-sdk-bundled-python3-unix-linux-x86_64-20240920144119.tar.gz HTTP/1.1" 200 78001783
2025-01-22 14:22:33,306 INFO     ___FILE_ONLY___ ═
2025-01-22 14:22:33,307 INFO     ___FILE_ONLY___ ═
2025-01-22 14:22:33,309 INFO     ___FILE_ONLY___ ═
2025-01-22 14:22:33,310 INFO     ___FILE_ONLY___ ═
2025-01-22 14:22:33,312 INFO     ___FILE_ONLY___ ═
2025-01-22 14:22:33,313 INFO     ___FILE_ONLY___ ═
2025-01-22 14:22:33,314 INFO     ___FILE_ONLY___ ═
2025-01-22 14:22:33,316 INFO     ___FILE_ONLY___ ═
2025-01-22 14:22:33,317 INFO     ___FILE_ONLY___ ═
2025-01-22 14:22:33,319 INFO     ___FILE_ONLY___ ═
2025-01-22 14:22:33,320 INFO     ___FILE_ONLY___ ═
2025-01-22 14:22:33,322 INFO     ___FILE_ONLY___ ═
2025-01-22 14:22:33,323 INFO     ___FILE_ONLY___ ═
2025-01-22 14:22:33,324 INFO     ___FILE_ONLY___ ═
2025-01-22 14:22:33,326 INFO     ___FILE_ONLY___ ═
2025-01-22 14:22:33,327 INFO     ___FILE_ONLY___ ═
2025-01-22 14:22:33,329 INFO     ___FILE_ONLY___ ═
2025-01-22 14:22:33,330 INFO     ___FILE_ONLY___ ═
2025-01-22 14:22:33,332 INFO     ___FILE_ONLY___ ═
2025-01-22 14:22:33,333 INFO     ___FILE_ONLY___ ═
2025-01-22 14:22:33,335 INFO     ___FILE_ONLY___ ═
2025-01-22 14:22:33,336 INFO     ___FILE_ONLY___ ═
2025-01-22 14:22:33,337 INFO     ___FILE_ONLY___ ═
2025-01-22 14:22:33,339 INFO     ___FILE_ONLY___ ═
2025-01-22 14:22:33,340 INFO     ___FILE_ONLY___ ═
2025-01-22 14:22:33,341 INFO     ___FILE_ONLY___ ═
2025-01-22 14:22:33,343 INFO     ___FILE_ONLY___ ═
2025-01-22 14:22:33,344 INFO     ___FILE_ONLY___ ═
2025-01-22 14:22:33,345 INFO     ___FILE_ONLY___ ═
2025-01-22 14:22:33,347 INFO     ___FILE_ONLY___ ═
2025-01-22 14:22:33,348 INFO     ___FILE_ONLY___ ═
2025-01-22 14:22:33,350 INFO     ___FILE_ONLY___ ═
2025-01-22 14:22:33,351 INFO     ___FILE_ONLY___ ═
2025-01-22 14:22:33,352 INFO     ___FILE_ONLY___ ═
2025-01-22 14:22:33,354 INFO     ___FILE_ONLY___ ═
2025-01-22 14:22:33,355 INFO     ___FILE_ONLY___ ═
2025-01-22 14:22:33,356 INFO     ___FILE_ONLY___ ═
2025-01-22 14:22:33,358 INFO     ___FILE_ONLY___ ═
2025-01-22 14:22:33,359 INFO     ___FILE_ONLY___ ═
2025-01-22 14:22:33,361 INFO     ___FILE_ONLY___ ═
2025-01-22 14:22:33,362 INFO     ___FILE_ONLY___ ═
2025-01-22 14:22:33,363 INFO     ___FILE_ONLY___ ═
2025-01-22 14:22:33,365 INFO     ___FILE_ONLY___ ═
2025-01-22 14:22:33,366 INFO     ___FILE_ONLY___ ═
2025-01-22 14:22:33,368 INFO     ___FILE_ONLY___ ═
2025-01-22 14:22:33,369 INFO     ___FILE_ONLY___ ═
2025-01-22 14:22:33,370 INFO     ___FILE_ONLY___ ═
2025-01-22 14:22:33,372 INFO     ___FILE_ONLY___ ═
2025-01-22 14:22:33,373 INFO     ___FILE_ONLY___ ═
2025-01-22 14:22:33,374 INFO     ___FILE_ONLY___ ═
2025-01-22 14:22:33,376 INFO     ___FILE_ONLY___ ═
2025-01-22 14:22:33,377 INFO     ___FILE_ONLY___ ═
2025-01-22 14:22:33,379 INFO     ___FILE_ONLY___ ═
2025-01-22 14:22:33,380 INFO     ___FILE_ONLY___ ═
2025-01-22 14:22:33,381 INFO     ___FILE_ONLY___ ═
2025-01-22 14:22:33,383 INFO     ___FILE_ONLY___ ═
2025-01-22 14:22:33,384 INFO     ___FILE_ONLY___ ═
2025-01-22 14:22:33,385 INFO     ___FILE_ONLY___ ═
2025-01-22 14:22:33,387 INFO     ___FILE_ONLY___ ═
2025-01-22 14:22:33,388 INFO     ___FILE_ONLY___ ═
2025-01-22 14:22:33,388 INFO     ___FILE_ONLY___ ╝

2025-01-22 14:22:33,391 INFO     ___FILE_ONLY___ ╔════════════════════════════════════════════════════════════╗

2025-01-22 14:22:33,391 INFO     ___FILE_ONLY___ ╠═ Downloading: Cloud Storage Command Line Tool             ═╣

2025-01-22 14:22:33,391 INFO     ___FILE_ONLY___ ╚
2025-01-22 14:22:33,394 DEBUG    urllib3.connectionpool Starting new HTTPS connection (1): dl.google.com:443
2025-01-22 14:22:33,467 DEBUG    urllib3.connectionpool https://dl.google.com:443 "GET /dl/cloudsdk/channels/rapid/components/google-cloud-sdk-gsutil-20241213184646.tar.gz HTTP/1.1" 200 12368759
2025-01-22 14:22:33,540 INFO     ___FILE_ONLY___ ═
2025-01-22 14:22:33,540 INFO     ___FILE_ONLY___ ═
2025-01-22 14:22:33,540 INFO     ___FILE_ONLY___ ═
2025-01-22 14:22:33,541 INFO     ___FILE_ONLY___ ═
2025-01-22 14:22:33,541 INFO     ___FILE_ONLY___ ═
2025-01-22 14:22:33,541 INFO     ___FILE_ONLY___ ═
2025-01-22 14:22:33,541 INFO     ___FILE_ONLY___ ═
2025-01-22 14:22:33,542 INFO     ___FILE_ONLY___ ═
2025-01-22 14:22:33,542 INFO     ___FILE_ONLY___ ═
2025-01-22 14:22:33,542 INFO     ___FILE_ONLY___ ═
2025-01-22 14:22:33,543 INFO     ___FILE_ONLY___ ═
2025-01-22 14:22:33,543 INFO     ___FILE_ONLY___ ═
2025-01-22 14:22:33,543 INFO     ___FILE_ONLY___ ═
2025-01-22 14:22:33,544 INFO     ___FILE_ONLY___ ═
2025-01-22 14:22:33,544 INFO     ___FILE_ONLY___ ═
2025-01-22 14:22:33,544 INFO     ___FILE_ONLY___ ═
2025-01-22 14:22:33,545 INFO     ___FILE_ONLY___ ═
2025-01-22 14:22:33,545 INFO     ___FILE_ONLY___ ═
2025-01-22 14:22:33,545 INFO     ___FILE_ONLY___ ═
2025-01-22 14:22:33,546 INFO     ___FILE_ONLY___ ═
2025-01-22 14:22:33,546 INFO     ___FILE_ONLY___ ═
2025-01-22 14:22:33,546 INFO     ___FILE_ONLY___ ═
2025-01-22 14:22:33,547 INFO     ___FILE_ONLY___ ═
2025-01-22 14:22:33,547 INFO     ___FILE_ONLY___ ═
2025-01-22 14:22:33,547 INFO     ___FILE_ONLY___ ═
2025-01-22 14:22:33,547 INFO     ___FILE_ONLY___ ═
2025-01-22 14:22:33,548 INFO     ___FILE_ONLY___ ═
2025-01-22 14:22:33,548 INFO     ___FILE_ONLY___ ═
2025-01-22 14:22:33,548 INFO     ___FILE_ONLY___ ═
2025-01-22 14:22:33,549 INFO     ___FILE_ONLY___ ═
2025-01-22 14:22:33,549 INFO     ___FILE_ONLY___ ═
2025-01-22 14:22:33,549 INFO     ___FILE_ONLY___ ═
2025-01-22 14:22:33,549 INFO     ___FILE_ONLY___ ═
2025-01-22 14:22:33,550 INFO     ___FILE_ONLY___ ═
2025-01-22 14:22:33,550 INFO     ___FILE_ONLY___ ═
2025-01-22 14:22:33,550 INFO     ___FILE_ONLY___ ═
2025-01-22 14:22:33,551 INFO     ___FILE_ONLY___ ═
2025-01-22 14:22:33,551 INFO     ___FILE_ONLY___ ═
2025-01-22 14:22:33,551 INFO     ___FILE_ONLY___ ═
2025-01-22 14:22:33,552 INFO     ___FILE_ONLY___ ═
2025-01-22 14:22:33,552 INFO     ___FILE_ONLY___ ═
2025-01-22 14:22:33,553 INFO     ___FILE_ONLY___ ═
2025-01-22 14:22:33,553 INFO     ___FILE_ONLY___ ═
2025-01-22 14:22:33,553 INFO     ___FILE_ONLY___ ═
2025-01-22 14:22:33,554 INFO     ___FILE_ONLY___ ═
2025-01-22 14:22:33,554 INFO     ___FILE_ONLY___ ═
2025-01-22 14:22:33,555 INFO     ___FILE_ONLY___ ═
2025-01-22 14:22:33,555 INFO     ___FILE_ONLY___ ═
2025-01-22 14:22:33,555 INFO     ___FILE_ONLY___ ═
2025-01-22 14:22:33,556 INFO     ___FILE_ONLY___ ═
2025-01-22 14:22:33,556 INFO     ___FILE_ONLY___ ═
2025-01-22 14:22:33,556 INFO     ___FILE_ONLY___ ═
2025-01-22 14:22:33,557 INFO     ___FILE_ONLY___ ═
2025-01-22 14:22:33,557 INFO     ___FILE_ONLY___ ═
2025-01-22 14:22:33,557 INFO     ___FILE_ONLY___ ═
2025-01-22 14:22:33,558 INFO     ___FILE_ONLY___ ═
2025-01-22 14:22:33,558 INFO     ___FILE_ONLY___ ═
2025-01-22 14:22:33,559 INFO     ___FILE_ONLY___ ═
2025-01-22 14:22:33,559 INFO     ___FILE_ONLY___ ═
2025-01-22 14:22:33,559 INFO     ___FILE_ONLY___ ═
2025-01-22 14:22:33,559 INFO     ___FILE_ONLY___ ╝

2025-01-22 14:22:33,562 INFO     ___FILE_ONLY___ ╔════════════════════════════════════════════════════════════╗

2025-01-22 14:22:33,562 INFO     ___FILE_ONLY___ ╠═ Downloading: Cloud Storage Command Line Tool (Platfor... ═╣

2025-01-22 14:22:33,562 INFO     ___FILE_ONLY___ ╚
2025-01-22 14:22:33,565 DEBUG    urllib3.connectionpool Starting new HTTPS connection (1): dl.google.com:443
2025-01-22 14:22:33,645 DEBUG    urllib3.connectionpool https://dl.google.com:443 "GET /dl/cloudsdk/channels/rapid/components/google-cloud-sdk-gsutil-nix-20240830134514.tar.gz HTTP/1.1" 200 1928
2025-01-22 14:22:33,646 INFO     ___FILE_ONLY___ ════════════════════════════════════════════════════════════
2025-01-22 14:22:33,646 INFO     ___FILE_ONLY___ ╝

2025-01-22 14:22:33,648 INFO     ___FILE_ONLY___ ╔════════════════════════════════════════════════════════════╗

2025-01-22 14:22:33,649 INFO     ___FILE_ONLY___ ╠═ Downloading: Default set of gcloud commands              ═╣

2025-01-22 14:22:33,649 INFO     ___FILE_ONLY___ ╚
2025-01-22 14:22:33,649 INFO     ___FILE_ONLY___ ════════════════════════════════════════════════════════════
2025-01-22 14:22:33,649 INFO     ___FILE_ONLY___ ╝

2025-01-22 14:22:33,651 INFO     ___FILE_ONLY___ ╔════════════════════════════════════════════════════════════╗

2025-01-22 14:22:33,651 INFO     ___FILE_ONLY___ ╠═ Downloading: Google Cloud CLI Core Libraries (Platfor... ═╣

2025-01-22 14:22:33,651 INFO     ___FILE_ONLY___ ╚
2025-01-22 14:22:33,654 DEBUG    urllib3.connectionpool Starting new HTTPS connection (1): dl.google.com:443
2025-01-22 14:22:33,721 DEBUG    urllib3.connectionpool https://dl.google.com:443 "GET /dl/cloudsdk/channels/rapid/components/google-cloud-sdk-core-nix-20240830134514.tar.gz HTTP/1.1" 200 2306
2025-01-22 14:22:33,722 INFO     ___FILE_ONLY___ ════════════════════════════════════════════════════════════
2025-01-22 14:22:33,722 INFO     ___FILE_ONLY___ ╝

2025-01-22 14:22:33,724 INFO     ___FILE_ONLY___ ╔════════════════════════════════════════════════════════════╗

2025-01-22 14:22:33,724 INFO     ___FILE_ONLY___ ╠═ Downloading: Google Cloud CRC32C Hash Tool               ═╣

2025-01-22 14:22:33,724 INFO     ___FILE_ONLY___ ╚
2025-01-22 14:22:33,724 INFO     ___FILE_ONLY___ ════════════════════════════════════════════════════════════
2025-01-22 14:22:33,724 INFO     ___FILE_ONLY___ ╝

2025-01-22 14:22:33,726 INFO     ___FILE_ONLY___ ╔════════════════════════════════════════════════════════════╗

2025-01-22 14:22:33,726 INFO     ___FILE_ONLY___ ╠═ Downloading: Google Cloud CRC32C Hash Tool (Platform ... ═╣

2025-01-22 14:22:33,726 INFO     ___FILE_ONLY___ ╚
2025-01-22 14:22:33,729 DEBUG    urllib3.connectionpool Starting new HTTPS connection (1): dl.google.com:443
2025-01-22 14:22:33,798 DEBUG    urllib3.connectionpool https://dl.google.com:443 "GET /dl/cloudsdk/channels/rapid/components/google-cloud-sdk-gcloud-crc32c-linux-x86_64-20250110133808.tar.gz HTTP/1.1" 200 1478989
2025-01-22 14:22:33,807 INFO     ___FILE_ONLY___ ═
2025-01-22 14:22:33,807 INFO     ___FILE_ONLY___ ═
2025-01-22 14:22:33,807 INFO     ___FILE_ONLY___ ═
2025-01-22 14:22:33,807 INFO     ___FILE_ONLY___ ═
2025-01-22 14:22:33,807 INFO     ___FILE_ONLY___ ═
2025-01-22 14:22:33,808 INFO     ___FILE_ONLY___ ═
2025-01-22 14:22:33,808 INFO     ___FILE_ONLY___ ═
2025-01-22 14:22:33,808 INFO     ___FILE_ONLY___ ═
2025-01-22 14:22:33,808 INFO     ___FILE_ONLY___ ═
2025-01-22 14:22:33,808 INFO     ___FILE_ONLY___ ═
2025-01-22 14:22:33,808 INFO     ___FILE_ONLY___ ═
2025-01-22 14:22:33,808 INFO     ___FILE_ONLY___ ═
2025-01-22 14:22:33,808 INFO     ___FILE_ONLY___ ═
2025-01-22 14:22:33,808 INFO     ___FILE_ONLY___ ═
2025-01-22 14:22:33,808 INFO     ___FILE_ONLY___ ═
2025-01-22 14:22:33,809 INFO     ___FILE_ONLY___ ═
2025-01-22 14:22:33,809 INFO     ___FILE_ONLY___ ═
2025-01-22 14:22:33,809 INFO     ___FILE_ONLY___ ═
2025-01-22 14:22:33,809 INFO     ___FILE_ONLY___ ═
2025-01-22 14:22:33,809 INFO     ___FILE_ONLY___ ═
2025-01-22 14:22:33,809 INFO     ___FILE_ONLY___ ═
2025-01-22 14:22:33,809 INFO     ___FILE_ONLY___ ═
2025-01-22 14:22:33,809 INFO     ___FILE_ONLY___ ═
2025-01-22 14:22:33,809 INFO     ___FILE_ONLY___ ═
2025-01-22 14:22:33,810 INFO     ___FILE_ONLY___ ═
2025-01-22 14:22:33,810 INFO     ___FILE_ONLY___ ═
2025-01-22 14:22:33,810 INFO     ___FILE_ONLY___ ═
2025-01-22 14:22:33,810 INFO     ___FILE_ONLY___ ═
2025-01-22 14:22:33,810 INFO     ___FILE_ONLY___ ═
2025-01-22 14:22:33,810 INFO     ___FILE_ONLY___ ═
2025-01-22 14:22:33,810 INFO     ___FILE_ONLY___ ═
2025-01-22 14:22:33,810 INFO     ___FILE_ONLY___ ═
2025-01-22 14:22:33,810 INFO     ___FILE_ONLY___ ═
2025-01-22 14:22:33,810 INFO     ___FILE_ONLY___ ═
2025-01-22 14:22:33,811 INFO     ___FILE_ONLY___ ═
2025-01-22 14:22:33,811 INFO     ___FILE_ONLY___ ═
2025-01-22 14:22:33,811 INFO     ___FILE_ONLY___ ═
2025-01-22 14:22:33,811 INFO     ___FILE_ONLY___ ═
2025-01-22 14:22:33,811 INFO     ___FILE_ONLY___ ═
2025-01-22 14:22:33,811 INFO     ___FILE_ONLY___ ═
2025-01-22 14:22:33,811 INFO     ___FILE_ONLY___ ═
2025-01-22 14:22:33,811 INFO     ___FILE_ONLY___ ═
2025-01-22 14:22:33,811 INFO     ___FILE_ONLY___ ═
2025-01-22 14:22:33,812 INFO     ___FILE_ONLY___ ═
2025-01-22 14:22:33,812 INFO     ___FILE_ONLY___ ═
2025-01-22 14:22:33,812 INFO     ___FILE_ONLY___ ═
2025-01-22 14:22:33,812 INFO     ___FILE_ONLY___ ═
2025-01-22 14:22:33,812 INFO     ___FILE_ONLY___ ═
2025-01-22 14:22:33,812 INFO     ___FILE_ONLY___ ═
2025-01-22 14:22:33,812 INFO     ___FILE_ONLY___ ═
2025-01-22 14:22:33,812 INFO     ___FILE_ONLY___ ═
2025-01-22 14:22:33,812 INFO     ___FILE_ONLY___ ═
2025-01-22 14:22:33,813 INFO     ___FILE_ONLY___ ═
2025-01-22 14:22:33,813 INFO     ___FILE_ONLY___ ═
2025-01-22 14:22:33,813 INFO     ___FILE_ONLY___ ═
2025-01-22 14:22:33,813 INFO     ___FILE_ONLY___ ═
2025-01-22 14:22:33,813 INFO     ___FILE_ONLY___ ═
2025-01-22 14:22:33,813 INFO     ___FILE_ONLY___ ═
2025-01-22 14:22:33,813 INFO     ___FILE_ONLY___ ═
2025-01-22 14:22:33,813 INFO     ___FILE_ONLY___ ═
2025-01-22 14:22:33,813 INFO     ___FILE_ONLY___ ╝

2025-01-22 14:22:33,815 INFO     ___FILE_ONLY___ ╔════════════════════════════════════════════════════════════╗

2025-01-22 14:22:33,815 INFO     ___FILE_ONLY___ ╠═ Downloading: gcloud cli dependencies (Platform Specific) ═╣

2025-01-22 14:22:33,815 INFO     ___FILE_ONLY___ ╚
2025-01-22 14:22:33,826 DEBUG    urllib3.connectionpool Starting new HTTPS connection (1): dl.google.com:443
2025-01-22 14:22:33,898 DEBUG    urllib3.connectionpool https://dl.google.com:443 "GET /dl/cloudsdk/channels/rapid/components/google-cloud-sdk-gcloud-deps-linux-x86_64-20210416153011.tar.gz HTTP/1.1" 200 104
2025-01-22 14:22:33,898 INFO     ___FILE_ONLY___ ════════════════════════════════════════════════════════════
2025-01-22 14:22:33,899 INFO     ___FILE_ONLY___ ╝

2025-01-22 14:22:33,900 INFO     ___FILE_ONLY___ ╔════════════════════════════════════════════════════════════╗

2025-01-22 14:22:33,901 INFO     ___FILE_ONLY___ ╠═ Installing: BigQuery Command Line Tool                   ═╣

2025-01-22 14:22:33,901 INFO     ___FILE_ONLY___ ╚
2025-01-22 14:22:33,993 INFO     ___FILE_ONLY___ ═
2025-01-22 14:22:33,996 INFO     ___FILE_ONLY___ ═
2025-01-22 14:22:33,999 INFO     ___FILE_ONLY___ ═
2025-01-22 14:22:34,001 INFO     ___FILE_ONLY___ ═
2025-01-22 14:22:34,004 INFO     ___FILE_ONLY___ ═
2025-01-22 14:22:34,007 INFO     ___FILE_ONLY___ ═
2025-01-22 14:22:34,009 INFO     ___FILE_ONLY___ ═
2025-01-22 14:22:34,011 INFO     ___FILE_ONLY___ ═
2025-01-22 14:22:34,014 INFO     ___FILE_ONLY___ ═
2025-01-22 14:22:34,016 INFO     ___FILE_ONLY___ ═
2025-01-22 14:22:34,017 INFO     ___FILE_ONLY___ ═
2025-01-22 14:22:34,020 INFO     ___FILE_ONLY___ ═
2025-01-22 14:22:34,022 INFO     ___FILE_ONLY___ ═
2025-01-22 14:22:34,024 INFO     ___FILE_ONLY___ ═
2025-01-22 14:22:34,026 INFO     ___FILE_ONLY___ ═
2025-01-22 14:22:34,028 INFO     ___FILE_ONLY___ ═
2025-01-22 14:22:34,030 INFO     ___FILE_ONLY___ ═
2025-01-22 14:22:34,033 INFO     ___FILE_ONLY___ ═
2025-01-22 14:22:34,035 INFO     ___FILE_ONLY___ ═
2025-01-22 14:22:34,038 INFO     ___FILE_ONLY___ ═
2025-01-22 14:22:34,040 INFO     ___FILE_ONLY___ ═
2025-01-22 14:22:34,042 INFO     ___FILE_ONLY___ ═
2025-01-22 14:22:34,043 INFO     ___FILE_ONLY___ ═
2025-01-22 14:22:34,045 INFO     ___FILE_ONLY___ ═
2025-01-22 14:22:34,048 INFO     ___FILE_ONLY___ ═
2025-01-22 14:22:34,049 INFO     ___FILE_ONLY___ ═
2025-01-22 14:22:34,051 INFO     ___FILE_ONLY___ ═
2025-01-22 14:22:34,054 INFO     ___FILE_ONLY___ ═
2025-01-22 14:22:34,057 INFO     ___FILE_ONLY___ ═
2025-01-22 14:22:34,059 INFO     ___FILE_ONLY___ ═
2025-01-22 14:22:34,061 INFO     ___FILE_ONLY___ ═
2025-01-22 14:22:34,063 INFO     ___FILE_ONLY___ ═
2025-01-22 14:22:34,066 INFO     ___FILE_ONLY___ ═
2025-01-22 14:22:34,069 INFO     ___FILE_ONLY___ ═
2025-01-22 14:22:34,077 INFO     ___FILE_ONLY___ ═
2025-01-22 14:22:34,079 INFO     ___FILE_ONLY___ ═
2025-01-22 14:22:34,081 INFO     ___FILE_ONLY___ ═
2025-01-22 14:22:34,085 INFO     ___FILE_ONLY___ ═
2025-01-22 14:22:34,087 INFO     ___FILE_ONLY___ ═
2025-01-22 14:22:34,089 INFO     ___FILE_ONLY___ ═
2025-01-22 14:22:34,091 INFO     ___FILE_ONLY___ ═
2025-01-22 14:22:34,093 INFO     ___FILE_ONLY___ ═
2025-01-22 14:22:34,098 INFO     ___FILE_ONLY___ ═
2025-01-22 14:22:34,100 INFO     ___FILE_ONLY___ ═
2025-01-22 14:22:34,102 INFO     ___FILE_ONLY___ ═
2025-01-22 14:22:34,104 INFO     ___FILE_ONLY___ ═
2025-01-22 14:22:34,105 INFO     ___FILE_ONLY___ ═
2025-01-22 14:22:34,107 INFO     ___FILE_ONLY___ ═
2025-01-22 14:22:34,109 INFO     ___FILE_ONLY___ ═
2025-01-22 14:22:34,112 INFO     ___FILE_ONLY___ ═
2025-01-22 14:22:34,113 INFO     ___FILE_ONLY___ ═
2025-01-22 14:22:34,115 INFO     ___FILE_ONLY___ ═
2025-01-22 14:22:34,117 INFO     ___FILE_ONLY___ ═
2025-01-22 14:22:34,119 INFO     ___FILE_ONLY___ ═
2025-01-22 14:22:34,121 INFO     ___FILE_ONLY___ ═
2025-01-22 14:22:34,123 INFO     ___FILE_ONLY___ ═
2025-01-22 14:22:34,124 INFO     ___FILE_ONLY___ ═
2025-01-22 14:22:34,126 INFO     ___FILE_ONLY___ ═
2025-01-22 14:22:34,128 INFO     ___FILE_ONLY___ ═
2025-01-22 14:22:34,130 INFO     ___FILE_ONLY___ ═
2025-01-22 14:22:34,130 INFO     ___FILE_ONLY___ ╝

2025-01-22 14:22:34,138 INFO     ___FILE_ONLY___ ╔════════════════════════════════════════════════════════════╗

2025-01-22 14:22:34,138 INFO     ___FILE_ONLY___ ╠═ Installing: BigQuery Command Line Tool (Platform Spec... ═╣

2025-01-22 14:22:34,138 INFO     ___FILE_ONLY___ ╚
2025-01-22 14:22:34,138 INFO     ___FILE_ONLY___ ════════════════════════════════════════════════════════════
2025-01-22 14:22:34,139 INFO     ___FILE_ONLY___ ╝

2025-01-22 14:22:34,143 INFO     ___FILE_ONLY___ ╔════════════════════════════════════════════════════════════╗

2025-01-22 14:22:34,143 INFO     ___FILE_ONLY___ ╠═ Installing: Bundled Python 3.11                          ═╣

2025-01-22 14:22:34,143 INFO     ___FILE_ONLY___ ╚
2025-01-22 14:22:34,145 INFO     ___FILE_ONLY___ ════════════════════════════════════════════════════════════
2025-01-22 14:22:34,145 INFO     ___FILE_ONLY___ ╝

2025-01-22 14:22:34,147 INFO     ___FILE_ONLY___ ╔════════════════════════════════════════════════════════════╗

2025-01-22 14:22:34,147 INFO     ___FILE_ONLY___ ╠═ Installing: Bundled Python 3.11 (Platform Specific)      ═╣

2025-01-22 14:22:34,147 INFO     ___FILE_ONLY___ ╚
2025-01-22 14:22:36,063 INFO     ___FILE_ONLY___ ═
2025-01-22 14:22:36,077 INFO     ___FILE_ONLY___ ═
2025-01-22 14:22:36,089 INFO     ___FILE_ONLY___ ═
2025-01-22 14:22:36,100 INFO     ___FILE_ONLY___ ═
2025-01-22 14:22:36,111 INFO     ___FILE_ONLY___ ═
2025-01-22 14:22:36,123 INFO     ___FILE_ONLY___ ═
2025-01-22 14:22:36,136 INFO     ___FILE_ONLY___ ═
2025-01-22 14:22:36,148 INFO     ___FILE_ONLY___ ═
2025-01-22 14:22:36,159 INFO     ___FILE_ONLY___ ═
2025-01-22 14:22:36,170 INFO     ___FILE_ONLY___ ═
2025-01-22 14:22:36,182 INFO     ___FILE_ONLY___ ═
2025-01-22 14:22:36,193 INFO     ___FILE_ONLY___ ═
2025-01-22 14:22:36,205 INFO     ___FILE_ONLY___ ═
2025-01-22 14:22:36,216 INFO     ___FILE_ONLY___ ═
2025-01-22 14:22:36,227 INFO     ___FILE_ONLY___ ═
2025-01-22 14:22:36,239 INFO     ___FILE_ONLY___ ═
2025-01-22 14:22:36,251 INFO     ___FILE_ONLY___ ═
2025-01-22 14:22:36,262 INFO     ___FILE_ONLY___ ═
2025-01-22 14:22:36,273 INFO     ___FILE_ONLY___ ═
2025-01-22 14:22:36,284 INFO     ___FILE_ONLY___ ═
2025-01-22 14:22:36,296 INFO     ___FILE_ONLY___ ═
2025-01-22 14:22:36,307 INFO     ___FILE_ONLY___ ═
2025-01-22 14:22:36,318 INFO     ___FILE_ONLY___ ═
2025-01-22 14:22:36,329 INFO     ___FILE_ONLY___ ═
2025-01-22 14:22:36,341 INFO     ___FILE_ONLY___ ═
2025-01-22 14:22:36,353 INFO     ___FILE_ONLY___ ═
2025-01-22 14:22:36,364 INFO     ___FILE_ONLY___ ═
2025-01-22 14:22:36,380 INFO     ___FILE_ONLY___ ═
2025-01-22 14:22:36,397 INFO     ___FILE_ONLY___ ═
2025-01-22 14:22:36,413 INFO     ___FILE_ONLY___ ═
2025-01-22 14:22:36,429 INFO     ___FILE_ONLY___ ═
2025-01-22 14:22:36,444 INFO     ___FILE_ONLY___ ═
2025-01-22 14:22:36,460 INFO     ___FILE_ONLY___ ═
2025-01-22 14:22:36,475 INFO     ___FILE_ONLY___ ═
2025-01-22 14:22:36,491 INFO     ___FILE_ONLY___ ═
2025-01-22 14:22:36,506 INFO     ___FILE_ONLY___ ═
2025-01-22 14:22:37,244 INFO     ___FILE_ONLY___ ═
2025-01-22 14:22:37,267 INFO     ___FILE_ONLY___ ═
2025-01-22 14:22:37,290 INFO     ___FILE_ONLY___ ═
2025-01-22 14:22:37,309 INFO     ___FILE_ONLY___ ═
2025-01-22 14:22:37,328 INFO     ___FILE_ONLY___ ═
2025-01-22 14:22:37,462 INFO     ___FILE_ONLY___ ═
2025-01-22 14:22:37,489 INFO     ___FILE_ONLY___ ═
2025-01-22 14:22:37,507 INFO     ___FILE_ONLY___ ═
2025-01-22 14:22:37,523 INFO     ___FILE_ONLY___ ═
2025-01-22 14:22:37,539 INFO     ___FILE_ONLY___ ═
2025-01-22 14:22:37,567 INFO     ___FILE_ONLY___ ═
2025-01-22 14:22:37,587 INFO     ___FILE_ONLY___ ═
2025-01-22 14:22:37,604 INFO     ___FILE_ONLY___ ═
2025-01-22 14:22:37,618 INFO     ___FILE_ONLY___ ═
2025-01-22 14:22:37,708 INFO     ___FILE_ONLY___ ═
2025-01-22 14:22:37,726 INFO     ___FILE_ONLY___ ═
2025-01-22 14:22:37,744 INFO     ___FILE_ONLY___ ═
2025-01-22 14:22:37,761 INFO     ___FILE_ONLY___ ═
2025-01-22 14:22:37,803 INFO     ___FILE_ONLY___ ═
2025-01-22 14:22:38,161 INFO     ___FILE_ONLY___ ═
2025-01-22 14:22:38,178 INFO     ___FILE_ONLY___ ═
2025-01-22 14:22:38,197 INFO     ___FILE_ONLY___ ═
2025-01-22 14:22:38,213 INFO     ___FILE_ONLY___ ═
2025-01-22 14:22:38,584 INFO     ___FILE_ONLY___ ═
2025-01-22 14:22:38,584 INFO     ___FILE_ONLY___ ╝

2025-01-22 14:22:38,632 INFO     ___FILE_ONLY___ ╔════════════════════════════════════════════════════════════╗

2025-01-22 14:22:38,632 INFO     ___FILE_ONLY___ ╠═ Installing: Cloud Storage Command Line Tool              ═╣

2025-01-22 14:22:38,632 INFO     ___FILE_ONLY___ ╚
2025-01-22 14:22:39,164 INFO     ___FILE_ONLY___ ═
2025-01-22 14:22:39,179 INFO     ___FILE_ONLY___ ═
2025-01-22 14:22:39,199 INFO     ___FILE_ONLY___ ═
2025-01-22 14:22:39,215 INFO     ___FILE_ONLY___ ═
2025-01-22 14:22:39,230 INFO     ___FILE_ONLY___ ═
2025-01-22 14:22:39,241 INFO     ___FILE_ONLY___ ═
2025-01-22 14:22:39,254 INFO     ___FILE_ONLY___ ═
2025-01-22 14:22:39,266 INFO     ___FILE_ONLY___ ═
2025-01-22 14:22:39,280 INFO     ___FILE_ONLY___ ═
2025-01-22 14:22:39,292 INFO     ___FILE_ONLY___ ═
2025-01-22 14:22:39,304 INFO     ___FILE_ONLY___ ═
2025-01-22 14:22:39,315 INFO     ___FILE_ONLY___ ═
2025-01-22 14:22:39,323 INFO     ___FILE_ONLY___ ═
2025-01-22 14:22:39,332 INFO     ___FILE_ONLY___ ═
2025-01-22 14:22:39,342 INFO     ___FILE_ONLY___ ═
2025-01-22 14:22:39,351 INFO     ___FILE_ONLY___ ═
2025-01-22 14:22:39,361 INFO     ___FILE_ONLY___ ═
2025-01-22 14:22:39,371 INFO     ___FILE_ONLY___ ═
2025-01-22 14:22:39,381 INFO     ___FILE_ONLY___ ═
2025-01-22 14:22:39,390 INFO     ___FILE_ONLY___ ═
2025-01-22 14:22:39,402 INFO     ___FILE_ONLY___ ═
2025-01-22 14:22:39,416 INFO     ___FILE_ONLY___ ═
2025-01-22 14:22:39,430 INFO     ___FILE_ONLY___ ═
2025-01-22 14:22:39,439 INFO     ___FILE_ONLY___ ═
2025-01-22 14:22:39,450 INFO     ___FILE_ONLY___ ═
2025-01-22 14:22:39,464 INFO     ___FILE_ONLY___ ═
2025-01-22 14:22:39,480 INFO     ___FILE_ONLY___ ═
2025-01-22 14:22:39,498 INFO     ___FILE_ONLY___ ═
2025-01-22 14:22:39,514 INFO     ___FILE_ONLY___ ═
2025-01-22 14:22:39,533 INFO     ___FILE_ONLY___ ═
2025-01-22 14:22:39,543 INFO     ___FILE_ONLY___ ═
2025-01-22 14:22:39,553 INFO     ___FILE_ONLY___ ═
2025-01-22 14:22:39,570 INFO     ___FILE_ONLY___ ═
2025-01-22 14:22:39,582 INFO     ___FILE_ONLY___ ═
2025-01-22 14:22:39,592 INFO     ___FILE_ONLY___ ═
2025-01-22 14:22:39,601 INFO     ___FILE_ONLY___ ═
2025-01-22 14:22:39,611 INFO     ___FILE_ONLY___ ═
2025-01-22 14:22:39,620 INFO     ___FILE_ONLY___ ═
2025-01-22 14:22:39,630 INFO     ___FILE_ONLY___ ═
2025-01-22 14:22:39,641 INFO     ___FILE_ONLY___ ═
2025-01-22 14:22:39,650 INFO     ___FILE_ONLY___ ═
2025-01-22 14:22:39,662 INFO     ___FILE_ONLY___ ═
2025-01-22 14:22:39,671 INFO     ___FILE_ONLY___ ═
2025-01-22 14:22:39,684 INFO     ___FILE_ONLY___ ═
2025-01-22 14:22:39,699 INFO     ___FILE_ONLY___ ═
2025-01-22 14:22:39,709 INFO     ___FILE_ONLY___ ═
2025-01-22 14:22:39,718 INFO     ___FILE_ONLY___ ═
2025-01-22 14:22:39,732 INFO     ___FILE_ONLY___ ═
2025-01-22 14:22:39,743 INFO     ___FILE_ONLY___ ═
2025-01-22 14:22:39,755 INFO     ___FILE_ONLY___ ═
2025-01-22 14:22:39,771 INFO     ___FILE_ONLY___ ═
2025-01-22 14:22:39,782 INFO     ___FILE_ONLY___ ═
2025-01-22 14:22:39,797 INFO     ___FILE_ONLY___ ═
2025-01-22 14:22:39,809 INFO     ___FILE_ONLY___ ═
2025-01-22 14:22:39,844 INFO     ___FILE_ONLY___ ═
2025-01-22 14:22:39,853 INFO     ___FILE_ONLY___ ═
2025-01-22 14:22:39,862 INFO     ___FILE_ONLY___ ═
2025-01-22 14:22:39,872 INFO     ___FILE_ONLY___ ═
2025-01-22 14:22:39,883 INFO     ___FILE_ONLY___ ═
2025-01-22 14:22:39,896 INFO     ___FILE_ONLY___ ═
2025-01-22 14:22:39,897 INFO     ___FILE_ONLY___ ╝

2025-01-22 14:22:39,927 INFO     ___FILE_ONLY___ ╔════════════════════════════════════════════════════════════╗

2025-01-22 14:22:39,927 INFO     ___FILE_ONLY___ ╠═ Installing: Cloud Storage Command Line Tool (Platform... ═╣

2025-01-22 14:22:39,927 INFO     ___FILE_ONLY___ ╚
2025-01-22 14:22:39,928 INFO     ___FILE_ONLY___ ════════════════════════════════════════════════════════════
2025-01-22 14:22:39,928 INFO     ___FILE_ONLY___ ╝

2025-01-22 14:22:39,932 INFO     ___FILE_ONLY___ ╔════════════════════════════════════════════════════════════╗

2025-01-22 14:22:39,932 INFO     ___FILE_ONLY___ ╠═ Installing: Default set of gcloud commands               ═╣

2025-01-22 14:22:39,932 INFO     ___FILE_ONLY___ ╚
2025-01-22 14:22:39,935 INFO     ___FILE_ONLY___ ════════════════════════════════════════════════════════════
2025-01-22 14:22:39,935 INFO     ___FILE_ONLY___ ╝

2025-01-22 14:22:39,937 INFO     ___FILE_ONLY___ ╔════════════════════════════════════════════════════════════╗

2025-01-22 14:22:39,937 INFO     ___FILE_ONLY___ ╠═ Installing: Google Cloud CLI Core Libraries (Platform... ═╣

2025-01-22 14:22:39,937 INFO     ___FILE_ONLY___ ╚
2025-01-22 14:22:39,938 INFO     ___FILE_ONLY___ ══════════════════════════════
2025-01-22 14:22:39,938 INFO     ___FILE_ONLY___ ══════════════════════════════
2025-01-22 14:22:39,938 INFO     ___FILE_ONLY___ ╝

2025-01-22 14:22:39,942 INFO     ___FILE_ONLY___ ╔════════════════════════════════════════════════════════════╗

2025-01-22 14:22:39,942 INFO     ___FILE_ONLY___ ╠═ Installing: Google Cloud CRC32C Hash Tool                ═╣

2025-01-22 14:22:39,942 INFO     ___FILE_ONLY___ ╚
2025-01-22 14:22:39,945 INFO     ___FILE_ONLY___ ════════════════════════════════════════════════════════════
2025-01-22 14:22:39,945 INFO     ___FILE_ONLY___ ╝

2025-01-22 14:22:39,946 INFO     ___FILE_ONLY___ ╔════════════════════════════════════════════════════════════╗

2025-01-22 14:22:39,946 INFO     ___FILE_ONLY___ ╠═ Installing: Google Cloud CRC32C Hash Tool (Platform S... ═╣

2025-01-22 14:22:39,946 INFO     ___FILE_ONLY___ ╚
2025-01-22 14:22:39,992 INFO     ___FILE_ONLY___ ══════════════════════════════
2025-01-22 14:22:39,993 INFO     ___FILE_ONLY___ ══════════════════════════════
2025-01-22 14:22:39,994 INFO     ___FILE_ONLY___ ╝

2025-01-22 14:22:39,998 INFO     ___FILE_ONLY___ ╔════════════════════════════════════════════════════════════╗

2025-01-22 14:22:39,999 INFO     ___FILE_ONLY___ ╠═ Installing: gcloud cli dependencies (Platform Specific)  ═╣

2025-01-22 14:22:39,999 INFO     ___FILE_ONLY___ ╚
2025-01-22 14:22:39,999 INFO     ___FILE_ONLY___ ════════════════════════════════════════════════════════════
2025-01-22 14:22:39,999 INFO     ___FILE_ONLY___ ╝

2025-01-22 14:22:40,006 DEBUG    root            Updating notification cache...
2025-01-22 14:22:40,007 INFO     ___FILE_ONLY___ 

2025-01-22 14:22:40,009 INFO     ___FILE_ONLY___ Performing post processing steps...
2025-01-22 14:22:40,010 DEBUG    root            Executing command: ['/tools/google-cloud-sdk/bin/gcloud', 'components', 'post-process']
2025-01-22 14:22:48,527 DEBUG    ___FILE_ONLY___ 
2025-01-22 14:22:48,527 DEBUG    ___FILE_ONLY___ 
2025-01-22 14:22:48,850 INFO     ___FILE_ONLY___ 
Update done!


2025-01-22 14:22:48,852 DEBUG    root            Chosen display Format:none
2025-01-22 14:22:48,853 INFO     root            Display format: "none"
